<Event xmlns="http://schemas.microsoft.com/win/2004/08/events/event"><System><Provider Name="Microsoft-Windows-Servicing" Guid="bd12f3b8-fc40-4a61-a307-b7a013a069c1"></Provider>
<EventID Qualifiers="">1</EventID>
<Version>0</Version>
<Level>0</Level>
<Task>1</Task>
<Opcode>0</Opcode>
<Keywords>0x8000000000000000</Keywords>
<TimeCreated SystemTime="2015-10-14 09:55:39.485792"></TimeCreated>
<EventRecordID>4603</EventRecordID>
<Correlation ActivityID="" RelatedActivityID=""></Correlation>
<Execution ProcessID="7844" ThreadID="4864"></Execution>
<Channel>Setup</Channel>
<Computer>b99902049-PC</Computer>
<Security UserID="S-1-5-18"></Security>
</System>
<UserData><CbsPackageInitiateChanges xmlns="http://manifests.microsoft.com/win/2004/08/windows/setup_provider"><PackageIdentifier>KB2999226</PackageIdentifier>
<InitialPackageState>Resolved</InitialPackageState>
<IntendedPackageState>Installed</IntendedPackageState>
<Client>WindowsUpdateAgent</Client>
</CbsPackageInitiateChanges>
</UserData>
</Event>

<Event xmlns="http://schemas.microsoft.com/win/2004/08/events/event"><System><Provider Name="Microsoft-Windows-Servicing" Guid="bd12f3b8-fc40-4a61-a307-b7a013a069c1"></Provider>
<EventID Qualifiers="">2</EventID>
<Version>0</Version>
<Level>0</Level>
<Task>1</Task>
<Opcode>0</Opcode>
<Keywords>0x8000000000000000</Keywords>
<TimeCreated SystemTime="2015-10-14 09:56:08.329416"></TimeCreated>
<EventRecordID>4604</EventRecordID>
<Correlation ActivityID="" RelatedActivityID=""></Correlation>
<Execution ProcessID="7844" ThreadID="4864"></Execution>
<Channel>Setup</Channel>
<Computer>b99902049-PC</Computer>
<Security UserID="S-1-5-18"></Security>
</System>
<UserData><CbsPackageChangeState xmlns="http://manifests.microsoft.com/win/2004/08/windows/setup_provider"><PackageIdentifier>KB2999226</PackageIdentifier>
<IntendedPackageState>Installed</IntendedPackageState>
<ErrorCode>0x0</ErrorCode>
<Client>WindowsUpdateAgent</Client>
</CbsPackageChangeState>
</UserData>
</Event>

<Event xmlns="http://schemas.microsoft.com/win/2004/08/events/event"><System><Provider Name="Microsoft-Windows-Servicing" Guid="bd12f3b8-fc40-4a61-a307-b7a013a069c1"></Provider>
<EventID Qualifiers="">1</EventID>
<Version>0</Version>
<Level>0</Level>
<Task>1</Task>
<Opcode>0</Opcode>
<Keywords>0x8000000000000000</Keywords>
<TimeCreated SystemTime="2015-10-14 10:08:39.737623"></TimeCreated>
<EventRecordID>4605</EventRecordID>
<Correlation ActivityID="" RelatedActivityID=""></Correlation>
<Execution ProcessID="1192" ThreadID="7880"></Execution>
<Channel>Setup</Channel>
<Computer>b99902049-PC</Computer>
<Security UserID="S-1-5-18"></Security>
</System>
<UserData><CbsPackageInitiateChanges xmlns="http://manifests.microsoft.com/win/2004/08/windows/setup_provider"><PackageIdentifier>KB3083711</PackageIdentifier>
<InitialPackageState>Resolved</InitialPackageState>
<IntendedPackageState>Installed</IntendedPackageState>
<Client>WindowsUpdateAgent</Client>
</CbsPackageInitiateChanges>
</UserData>
</Event>

<Event xmlns="http://schemas.microsoft.com/win/2004/08/events/event"><System><Provider Name="Microsoft-Windows-Servicing" Guid="bd12f3b8-fc40-4a61-a307-b7a013a069c1"></Provider>
<EventID Qualifiers="">1</EventID>
<Version>0</Version>
<Level>0</Level>
<Task>1</Task>
<Opcode>0</Opcode>
<Keywords>0x8000000000000000</Keywords>
<TimeCreated SystemTime="2015-10-14 10:08:54.440395"></TimeCreated>
<EventRecordID>4606</EventRecordID>
<Correlation ActivityID="" RelatedActivityID=""></Correlation>
<Execution ProcessID="1192" ThreadID="7880"></Execution>
<Channel>Setup</Channel>
<Computer>b99902049-PC</Computer>
<Security UserID="S-1-5-18"></Security>
</System>
<UserData><CbsPackageInitiateChanges xmlns="http://manifests.microsoft.com/win/2004/08/windows/setup_provider"><PackageIdentifier>KB3080800</PackageIdentifier>
<InitialPackageState>Resolved</InitialPackageState>
<IntendedPackageState>Installed</IntendedPackageState>
<Client>WindowsUpdateAgent</Client>
</CbsPackageInitiateChanges>
</UserData>
</Event>

<Event xmlns="http://schemas.microsoft.com/win/2004/08/events/event"><System><Provider Name="Microsoft-Windows-Servicing" Guid="bd12f3b8-fc40-4a61-a307-b7a013a069c1"></Provider>
<EventID Qualifiers="">2</EventID>
<Version>0</Version>
<Level>0</Level>
<Task>1</Task>
<Opcode>0</Opcode>
<Keywords>0x8000000000000000</Keywords>
<TimeCreated SystemTime="2015-10-14 10:10:25.372814"></TimeCreated>
<EventRecordID>4607</EventRecordID>
<Correlation ActivityID="" RelatedActivityID=""></Correlation>
<Execution ProcessID="1192" ThreadID="7880"></Execution>
<Channel>Setup</Channel>
<Computer>b99902049-PC</Computer>
<Security UserID="S-1-5-18"></Security>
</System>
<UserData><CbsPackageChangeState xmlns="http://manifests.microsoft.com/win/2004/08/windows/setup_provider"><PackageIdentifier>KB3080800</PackageIdentifier>
<IntendedPackageState>Installed</IntendedPackageState>
<ErrorCode>0x0</ErrorCode>
<Client>WindowsUpdateAgent</Client>
</CbsPackageChangeState>
</UserData>
</Event>

<Event xmlns="http://schemas.microsoft.com/win/2004/08/events/event"><System><Provider Name="Microsoft-Windows-Servicing" Guid="bd12f3b8-fc40-4a61-a307-b7a013a069c1"></Provider>
<EventID Qualifiers="">1</EventID>
<Version>0</Version>
<Level>0</Level>
<Task>1</Task>
<Opcode>0</Opcode>
<Keywords>0x8000000000000000</Keywords>
<TimeCreated SystemTime="2015-10-14 10:11:50.642101"></TimeCreated>
<EventRecordID>4608</EventRecordID>
<Correlation ActivityID="" RelatedActivityID=""></Correlation>
<Execution ProcessID="1192" ThreadID="7880"></Execution>
<Channel>Setup</Channel>
<Computer>b99902049-PC</Computer>
<Security UserID="S-1-5-18"></Security>
</System>
<UserData><CbsPackageInitiateChanges xmlns="http://manifests.microsoft.com/win/2004/08/windows/setup_provider"><PackageIdentifier>KB3093983</PackageIdentifier>
<InitialPackageState>Resolved</InitialPackageState>
<IntendedPackageState>Installed</IntendedPackageState>
<Client>WindowsUpdateAgent</Client>
</CbsPackageInitiateChanges>
</UserData>
</Event>

<Event xmlns="http://schemas.microsoft.com/win/2004/08/events/event"><System><Provider Name="Microsoft-Windows-Servicing" Guid="bd12f3b8-fc40-4a61-a307-b7a013a069c1"></Provider>
<EventID Qualifiers="">1</EventID>
<Version>0</Version>
<Level>0</Level>
<Task>1</Task>
<Opcode>0</Opcode>
<Keywords>0x8000000000000000</Keywords>
<TimeCreated SystemTime="2015-10-14 10:14:07.055441"></TimeCreated>
<EventRecordID>4609</EventRecordID>
<Correlation ActivityID="" RelatedActivityID=""></Correlation>
<Execution ProcessID="1192" ThreadID="7880"></Execution>
<Channel>Setup</Channel>
<Computer>b99902049-PC</Computer>
<Security UserID="S-1-5-18"></Security>
</System>
<UserData><CbsPackageInitiateChanges xmlns="http://manifests.microsoft.com/win/2004/08/windows/setup_provider"><PackageIdentifier>KB3042058</PackageIdentifier>
<InitialPackageState>Resolved</InitialPackageState>
<IntendedPackageState>Installed</IntendedPackageState>
<Client>WindowsUpdateAgent</Client>
</CbsPackageInitiateChanges>
</UserData>
</Event>

<Event xmlns="http://schemas.microsoft.com/win/2004/08/events/event"><System><Provider Name="Microsoft-Windows-Servicing" Guid="bd12f3b8-fc40-4a61-a307-b7a013a069c1"></Provider>
<EventID Qualifiers="">1</EventID>
<Version>0</Version>
<Level>0</Level>
<Task>1</Task>
<Opcode>0</Opcode>
<Keywords>0x8000000000000000</Keywords>
<TimeCreated SystemTime="2015-10-14 10:28:19.677065"></TimeCreated>
<EventRecordID>4610</EventRecordID>
<Correlation ActivityID="" RelatedActivityID=""></Correlation>
<Execution ProcessID="3332" ThreadID="2032"></Execution>
<Channel>Setup</Channel>
<Computer>b99902049-PC</Computer>
<Security UserID="S-1-5-18"></Security>
</System>
<UserData><CbsPackageInitiateChanges xmlns="http://manifests.microsoft.com/win/2004/08/windows/setup_provider"><PackageIdentifier>KB3073874</PackageIdentifier>
<InitialPackageState>Resolved</InitialPackageState>
<IntendedPackageState>Installed</IntendedPackageState>
<Client>WindowsUpdateAgent</Client>
</CbsPackageInitiateChanges>
</UserData>
</Event>

<Event xmlns="http://schemas.microsoft.com/win/2004/08/events/event"><System><Provider Name="Microsoft-Windows-Servicing" Guid="bd12f3b8-fc40-4a61-a307-b7a013a069c1"></Provider>
<EventID Qualifiers="">2</EventID>
<Version>0</Version>
<Level>0</Level>
<Task>1</Task>
<Opcode>0</Opcode>
<Keywords>0x8000000000000000</Keywords>
<TimeCreated SystemTime="2015-10-14 10:28:26.085901"></TimeCreated>
<EventRecordID>4611</EventRecordID>
<Correlation ActivityID="" RelatedActivityID=""></Correlation>
<Execution ProcessID="3332" ThreadID="2032"></Execution>
<Channel>Setup</Channel>
<Computer>b99902049-PC</Computer>
<Security UserID="S-1-5-18"></Security>
</System>
<UserData><CbsPackageChangeState xmlns="http://manifests.microsoft.com/win/2004/08/windows/setup_provider"><PackageIdentifier>KB3073874</PackageIdentifier>
<IntendedPackageState>Installed</IntendedPackageState>
<ErrorCode>0x0</ErrorCode>
<Client>WindowsUpdateAgent</Client>
</CbsPackageChangeState>
</UserData>
</Event>

<Event xmlns="http://schemas.microsoft.com/win/2004/08/events/event"><System><Provider Name="Microsoft-Windows-Servicing" Guid="bd12f3b8-fc40-4a61-a307-b7a013a069c1"></Provider>
<EventID Qualifiers="">1</EventID>
<Version>0</Version>
<Level>0</Level>
<Task>1</Task>
<Opcode>0</Opcode>
<Keywords>0x8000000000000000</Keywords>
<TimeCreated SystemTime="2015-10-14 10:28:26.445311"></TimeCreated>
<EventRecordID>4612</EventRecordID>
<Correlation ActivityID="" RelatedActivityID=""></Correlation>
<Execution ProcessID="3332" ThreadID="2032"></Execution>
<Channel>Setup</Channel>
<Computer>b99902049-PC</Computer>
<Security UserID="S-1-5-18"></Security>
</System>
<UserData><CbsPackageInitiateChanges xmlns="http://manifests.microsoft.com/win/2004/08/windows/setup_provider"><PackageIdentifier>KB3080042</PackageIdentifier>
<InitialPackageState>Resolved</InitialPackageState>
<IntendedPackageState>Installed</IntendedPackageState>
<Client>WindowsUpdateAgent</Client>
</CbsPackageInitiateChanges>
</UserData>
</Event>

<Event xmlns="http://schemas.microsoft.com/win/2004/08/events/event"><System><Provider Name="Microsoft-Windows-Servicing" Guid="bd12f3b8-fc40-4a61-a307-b7a013a069c1"></Provider>
<EventID Qualifiers="">2</EventID>
<Version>0</Version>
<Level>0</Level>
<Task>1</Task>
<Opcode>0</Opcode>
<Keywords>0x8000000000000000</Keywords>
<TimeCreated SystemTime="2015-10-14 10:28:29.445440"></TimeCreated>
<EventRecordID>4613</EventRecordID>
<Correlation ActivityID="" RelatedActivityID=""></Correlation>
<Execution ProcessID="3332" ThreadID="2032"></Execution>
<Channel>Setup</Channel>
<Computer>b99902049-PC</Computer>
<Security UserID="S-1-5-18"></Security>
</System>
<UserData><CbsPackageChangeState xmlns="http://manifests.microsoft.com/win/2004/08/windows/setup_provider"><PackageIdentifier>KB3080042</PackageIdentifier>
<IntendedPackageState>Installed</IntendedPackageState>
<ErrorCode>0x0</ErrorCode>
<Client>WindowsUpdateAgent</Client>
</CbsPackageChangeState>
</UserData>
</Event>

<Event xmlns="http://schemas.microsoft.com/win/2004/08/events/event"><System><Provider Name="Microsoft-Windows-Servicing" Guid="bd12f3b8-fc40-4a61-a307-b7a013a069c1"></Provider>
<EventID Qualifiers="">1</EventID>
<Version>0</Version>
<Level>0</Level>
<Task>1</Task>
<Opcode>0</Opcode>
<Keywords>0x8000000000000000</Keywords>
<TimeCreated SystemTime="2015-10-14 10:28:29.825558"></TimeCreated>
<EventRecordID>4614</EventRecordID>
<Correlation ActivityID="" RelatedActivityID=""></Correlation>
<Execution ProcessID="3332" ThreadID="2032"></Execution>
<Channel>Setup</Channel>
<Computer>b99902049-PC</Computer>
<Security UserID="S-1-5-18"></Security>
</System>
<UserData><CbsPackageInitiateChanges xmlns="http://manifests.microsoft.com/win/2004/08/windows/setup_provider"><PackageIdentifier>KB3088195</PackageIdentifier>
<InitialPackageState>Resolved</InitialPackageState>
<IntendedPackageState>Installed</IntendedPackageState>
<Client>WindowsUpdateAgent</Client>
</CbsPackageInitiateChanges>
</UserData>
</Event>

<Event xmlns="http://schemas.microsoft.com/win/2004/08/events/event"><System><Provider Name="Microsoft-Windows-Servicing" Guid="bd12f3b8-fc40-4a61-a307-b7a013a069c1"></Provider>
<EventID Qualifiers="">1</EventID>
<Version>0</Version>
<Level>0</Level>
<Task>1</Task>
<Opcode>0</Opcode>
<Keywords>0x8000000000000000</Keywords>
<TimeCreated SystemTime="2015-10-14 10:29:01.708931"></TimeCreated>
<EventRecordID>4615</EventRecordID>
<Correlation ActivityID="" RelatedActivityID=""></Correlation>
<Execution ProcessID="3332" ThreadID="2032"></Execution>
<Channel>Setup</Channel>
<Computer>b99902049-PC</Computer>
<Security UserID="S-1-5-18"></Security>
</System>
<UserData><CbsPackageInitiateChanges xmlns="http://manifests.microsoft.com/win/2004/08/windows/setup_provider"><PackageIdentifier>KB3087390</PackageIdentifier>
<InitialPackageState>Resolved</InitialPackageState>
<IntendedPackageState>Installed</IntendedPackageState>
<Client>WindowsUpdateAgent</Client>
</CbsPackageInitiateChanges>
</UserData>
</Event>

<Event xmlns="http://schemas.microsoft.com/win/2004/08/events/event"><System><Provider Name="Microsoft-Windows-Servicing" Guid="bd12f3b8-fc40-4a61-a307-b7a013a069c1"></Provider>
<EventID Qualifiers="">1</EventID>
<Version>0</Version>
<Level>0</Level>
<Task>1</Task>
<Opcode>0</Opcode>
<Keywords>0x8000000000000000</Keywords>
<TimeCreated SystemTime="2015-10-14 10:29:32.397945"></TimeCreated>
<EventRecordID>4616</EventRecordID>
<Correlation ActivityID="" RelatedActivityID=""></Correlation>
<Execution ProcessID="3332" ThreadID="2032"></Execution>
<Channel>Setup</Channel>
<Computer>b99902049-PC</Computer>
<Security UserID="S-1-5-18"></Security>
</System>
<UserData><CbsPackageInitiateChanges xmlns="http://manifests.microsoft.com/win/2004/08/windows/setup_provider"><PackageIdentifier>KB3080446</PackageIdentifier>
<InitialPackageState>Resolved</InitialPackageState>
<IntendedPackageState>Installed</IntendedPackageState>
<Client>WindowsUpdateAgent</Client>
</CbsPackageInitiateChanges>
</UserData>
</Event>

<Event xmlns="http://schemas.microsoft.com/win/2004/08/events/event"><System><Provider Name="Microsoft-Windows-Servicing" Guid="bd12f3b8-fc40-4a61-a307-b7a013a069c1"></Provider>
<EventID Qualifiers="">1</EventID>
<Version>0</Version>
<Level>0</Level>
<Task>1</Task>
<Opcode>0</Opcode>
<Keywords>0x8000000000000000</Keywords>
<TimeCreated SystemTime="2015-10-14 10:29:49.718376"></TimeCreated>
<EventRecordID>4617</EventRecordID>
<Correlation ActivityID="" RelatedActivityID=""></Correlation>
<Execution ProcessID="3332" ThreadID="2032"></Execution>
<Channel>Setup</Channel>
<Computer>b99902049-PC</Computer>
<Security UserID="S-1-5-18"></Security>
</System>
<UserData><CbsPackageInitiateChanges xmlns="http://manifests.microsoft.com/win/2004/08/windows/setup_provider"><PackageIdentifier>KB3087137</PackageIdentifier>
<InitialPackageState>Resolved</InitialPackageState>
<IntendedPackageState>Installed</IntendedPackageState>
<Client>WindowsUpdateAgent</Client>
</CbsPackageInitiateChanges>
</UserData>
</Event>

<Event xmlns="http://schemas.microsoft.com/win/2004/08/events/event"><System><Provider Name="Microsoft-Windows-Servicing" Guid="bd12f3b8-fc40-4a61-a307-b7a013a069c1"></Provider>
<EventID Qualifiers="">1</EventID>
<Version>0</Version>
<Level>0</Level>
<Task>1</Task>
<Opcode>0</Opcode>
<Keywords>0x8000000000000000</Keywords>
<TimeCreated SystemTime="2015-10-14 10:32:30.114149"></TimeCreated>
<EventRecordID>4618</EventRecordID>
<Correlation ActivityID="" RelatedActivityID=""></Correlation>
<Execution ProcessID="5196" ThreadID="5912"></Execution>
<Channel>Setup</Channel>
<Computer>b99902049-PC</Computer>
<Security UserID="S-1-5-18"></Security>
</System>
<UserData><CbsPackageInitiateChanges xmlns="http://manifests.microsoft.com/win/2004/08/windows/setup_provider"><PackageIdentifier>KB3099406</PackageIdentifier>
<InitialPackageState>Resolved</InitialPackageState>
<IntendedPackageState>Installed</IntendedPackageState>
<Client>WindowsUpdateAgent</Client>
</CbsPackageInitiateChanges>
</UserData>
</Event>

<Event xmlns="http://schemas.microsoft.com/win/2004/08/events/event"><System><Provider Name="Microsoft-Windows-Servicing" Guid="bd12f3b8-fc40-4a61-a307-b7a013a069c1"></Provider>
<EventID Qualifiers="">2</EventID>
<Version>0</Version>
<Level>0</Level>
<Task>1</Task>
<Opcode>0</Opcode>
<Keywords>0x8000000000000000</Keywords>
<TimeCreated SystemTime="2015-10-14 10:32:35.127708"></TimeCreated>
<EventRecordID>4619</EventRecordID>
<Correlation ActivityID="" RelatedActivityID=""></Correlation>
<Execution ProcessID="5196" ThreadID="5912"></Execution>
<Channel>Setup</Channel>
<Computer>b99902049-PC</Computer>
<Security UserID="S-1-5-18"></Security>
</System>
<UserData><CbsPackageChangeState xmlns="http://manifests.microsoft.com/win/2004/08/windows/setup_provider"><PackageIdentifier>KB3099406</PackageIdentifier>
<IntendedPackageState>Installed</IntendedPackageState>
<ErrorCode>0x0</ErrorCode>
<Client>WindowsUpdateAgent</Client>
</CbsPackageChangeState>
</UserData>
</Event>

<Event xmlns="http://schemas.microsoft.com/win/2004/08/events/event"><System><Provider Name="Microsoft-Windows-Servicing" Guid="bd12f3b8-fc40-4a61-a307-b7a013a069c1"></Provider>
<EventID Qualifiers="">1</EventID>
<Version>0</Version>
<Level>0</Level>
<Task>1</Task>
<Opcode>0</Opcode>
<Keywords>0x8000000000000000</Keywords>
<TimeCreated SystemTime="2015-10-14 10:33:08.966146"></TimeCreated>
<EventRecordID>4620</EventRecordID>
<Correlation ActivityID="" RelatedActivityID=""></Correlation>
<Execution ProcessID="5196" ThreadID="5912"></Execution>
<Channel>Setup</Channel>
<Computer>b99902049-PC</Computer>
<Security UserID="S-1-5-18"></Security>
</System>
<UserData><CbsPackageInitiateChanges xmlns="http://manifests.microsoft.com/win/2004/08/windows/setup_provider"><PackageIdentifier>KB3087041</PackageIdentifier>
<InitialPackageState>Resolved</InitialPackageState>
<IntendedPackageState>Installed</IntendedPackageState>
<Client>WindowsUpdateAgent</Client>
</CbsPackageInitiateChanges>
</UserData>
</Event>

<Event xmlns="http://schemas.microsoft.com/win/2004/08/events/event"><System><Provider Name="Microsoft-Windows-Servicing" Guid="bd12f3b8-fc40-4a61-a307-b7a013a069c1"></Provider>
<EventID Qualifiers="">2</EventID>
<Version>0</Version>
<Level>0</Level>
<Task>1</Task>
<Opcode>0</Opcode>
<Keywords>0x8000000000000000</Keywords>
<TimeCreated SystemTime="2015-10-14 10:33:11.231865"></TimeCreated>
<EventRecordID>4621</EventRecordID>
<Correlation ActivityID="" RelatedActivityID=""></Correlation>
<Execution ProcessID="5196" ThreadID="5912"></Execution>
<Channel>Setup</Channel>
<Computer>b99902049-PC</Computer>
<Security UserID="S-1-5-18"></Security>
</System>
<UserData><CbsPackageChangeState xmlns="http://manifests.microsoft.com/win/2004/08/windows/setup_provider"><PackageIdentifier>KB3087041</PackageIdentifier>
<IntendedPackageState>Installed</IntendedPackageState>
<ErrorCode>0x0</ErrorCode>
<Client>WindowsUpdateAgent</Client>
</CbsPackageChangeState>
</UserData>
</Event>

<Event xmlns="http://schemas.microsoft.com/win/2004/08/events/event"><System><Provider Name="Microsoft-Windows-Servicing" Guid="bd12f3b8-fc40-4a61-a307-b7a013a069c1"></Provider>
<EventID Qualifiers="">1</EventID>
<Version>0</Version>
<Level>0</Level>
<Task>1</Task>
<Opcode>0</Opcode>
<Keywords>0x8000000000000000</Keywords>
<TimeCreated SystemTime="2015-10-14 10:34:25.060808"></TimeCreated>
<EventRecordID>4622</EventRecordID>
<Correlation ActivityID="" RelatedActivityID=""></Correlation>
<Execution ProcessID="5196" ThreadID="5912"></Execution>
<Channel>Setup</Channel>
<Computer>b99902049-PC</Computer>
<Security UserID="S-1-5-18"></Security>
</System>
<UserData><CbsPackageInitiateChanges xmlns="http://manifests.microsoft.com/win/2004/08/windows/setup_provider"><PackageIdentifier>KB3097966</PackageIdentifier>
<InitialPackageState>Resolved</InitialPackageState>
<IntendedPackageState>Installed</IntendedPackageState>
<Client>WindowsUpdateAgent</Client>
</CbsPackageInitiateChanges>
</UserData>
</Event>

<Event xmlns="http://schemas.microsoft.com/win/2004/08/events/event"><System><Provider Name="Microsoft-Windows-Servicing" Guid="bd12f3b8-fc40-4a61-a307-b7a013a069c1"></Provider>
<EventID Qualifiers="">4</EventID>
<Version>0</Version>
<Level>0</Level>
<Task>1</Task>
<Opcode>0</Opcode>
<Keywords>0x8000000000000000</Keywords>
<TimeCreated SystemTime="2015-10-14 14:22:20.559458"></TimeCreated>
<EventRecordID>4623</EventRecordID>
<Correlation ActivityID="" RelatedActivityID=""></Correlation>
<Execution ProcessID="4608" ThreadID="2964"></Execution>
<Channel>Setup</Channel>
<Computer>b99902049-PC</Computer>
<Security UserID="S-1-5-18"></Security>
</System>
<UserData><CbsPackageChangeState xmlns="http://manifests.microsoft.com/win/2004/08/windows/setup_provider"><PackageIdentifier>KB3083711</PackageIdentifier>
<IntendedPackageState>Installed</IntendedPackageState>
<ErrorCode>0x0</ErrorCode>
<Client>WindowsUpdateAgent</Client>
</CbsPackageChangeState>
</UserData>
</Event>

<Event xmlns="http://schemas.microsoft.com/win/2004/08/events/event"><System><Provider Name="Microsoft-Windows-Servicing" Guid="bd12f3b8-fc40-4a61-a307-b7a013a069c1"></Provider>
<EventID Qualifiers="">4</EventID>
<Version>0</Version>
<Level>0</Level>
<Task>1</Task>
<Opcode>0</Opcode>
<Keywords>0x8000000000000000</Keywords>
<TimeCreated SystemTime="2015-10-14 14:22:59.373819"></TimeCreated>
<EventRecordID>4624</EventRecordID>
<Correlation ActivityID="" RelatedActivityID=""></Correlation>
<Execution ProcessID="4608" ThreadID="2964"></Execution>
<Channel>Setup</Channel>
<Computer>b99902049-PC</Computer>
<Security UserID="S-1-5-18"></Security>
</System>
<UserData><CbsPackageChangeState xmlns="http://manifests.microsoft.com/win/2004/08/windows/setup_provider"><PackageIdentifier>KB3093983</PackageIdentifier>
<IntendedPackageState>Installed</IntendedPackageState>
<ErrorCode>0x0</ErrorCode>
<Client>WindowsUpdateAgent</Client>
</CbsPackageChangeState>
</UserData>
</Event>

<Event xmlns="http://schemas.microsoft.com/win/2004/08/events/event"><System><Provider Name="Microsoft-Windows-Servicing" Guid="bd12f3b8-fc40-4a61-a307-b7a013a069c1"></Provider>
<EventID Qualifiers="">4</EventID>
<Version>0</Version>
<Level>0</Level>
<Task>1</Task>
<Opcode>0</Opcode>
<Keywords>0x8000000000000000</Keywords>
<TimeCreated SystemTime="2015-10-14 14:23:16.827806"></TimeCreated>
<EventRecordID>4625</EventRecordID>
<Correlation ActivityID="" RelatedActivityID=""></Correlation>
<Execution ProcessID="4608" ThreadID="2964"></Execution>
<Channel>Setup</Channel>
<Computer>b99902049-PC</Computer>
<Security UserID="S-1-5-18"></Security>
</System>
<UserData><CbsPackageChangeState xmlns="http://manifests.microsoft.com/win/2004/08/windows/setup_provider"><PackageIdentifier>KB3042058</PackageIdentifier>
<IntendedPackageState>Installed</IntendedPackageState>
<ErrorCode>0x0</ErrorCode>
<Client>WindowsUpdateAgent</Client>
</CbsPackageChangeState>
</UserData>
</Event>

<Event xmlns="http://schemas.microsoft.com/win/2004/08/events/event"><System><Provider Name="Microsoft-Windows-Servicing" Guid="bd12f3b8-fc40-4a61-a307-b7a013a069c1"></Provider>
<EventID Qualifiers="">4</EventID>
<Version>0</Version>
<Level>0</Level>
<Task>1</Task>
<Opcode>0</Opcode>
<Keywords>0x8000000000000000</Keywords>
<TimeCreated SystemTime="2015-10-14 14:23:34.953720"></TimeCreated>
<EventRecordID>4626</EventRecordID>
<Correlation ActivityID="" RelatedActivityID=""></Correlation>
<Execution ProcessID="4608" ThreadID="2964"></Execution>
<Channel>Setup</Channel>
<Computer>b99902049-PC</Computer>
<Security UserID="S-1-5-18"></Security>
</System>
<UserData><CbsPackageChangeState xmlns="http://manifests.microsoft.com/win/2004/08/windows/setup_provider"><PackageIdentifier>KB3087137</PackageIdentifier>
<IntendedPackageState>Installed</IntendedPackageState>
<ErrorCode>0x0</ErrorCode>
<Client>WindowsUpdateAgent</Client>
</CbsPackageChangeState>
</UserData>
</Event>

<Event xmlns="http://schemas.microsoft.com/win/2004/08/events/event"><System><Provider Name="Microsoft-Windows-Servicing" Guid="bd12f3b8-fc40-4a61-a307-b7a013a069c1"></Provider>
<EventID Qualifiers="">4</EventID>
<Version>0</Version>
<Level>0</Level>
<Task>1</Task>
<Opcode>0</Opcode>
<Keywords>0x8000000000000000</Keywords>
<TimeCreated SystemTime="2015-10-14 14:23:54.235882"></TimeCreated>
<EventRecordID>4627</EventRecordID>
<Correlation ActivityID="" RelatedActivityID=""></Correlation>
<Execution ProcessID="4608" ThreadID="2964"></Execution>
<Channel>Setup</Channel>
<Computer>b99902049-PC</Computer>
<Security UserID="S-1-5-18"></Security>
</System>
<UserData><CbsPackageChangeState xmlns="http://manifests.microsoft.com/win/2004/08/windows/setup_provider"><PackageIdentifier>KB3088195</PackageIdentifier>
<IntendedPackageState>Installed</IntendedPackageState>
<ErrorCode>0x0</ErrorCode>
<Client>WindowsUpdateAgent</Client>
</CbsPackageChangeState>
</UserData>
</Event>

<Event xmlns="http://schemas.microsoft.com/win/2004/08/events/event"><System><Provider Name="Microsoft-Windows-Servicing" Guid="bd12f3b8-fc40-4a61-a307-b7a013a069c1"></Provider>
<EventID Qualifiers="">4</EventID>
<Version>0</Version>
<Level>0</Level>
<Task>1</Task>
<Opcode>0</Opcode>
<Keywords>0x8000000000000000</Keywords>
<TimeCreated SystemTime="2015-10-14 14:24:11.760073"></TimeCreated>
<EventRecordID>4628</EventRecordID>
<Correlation ActivityID="" RelatedActivityID=""></Correlation>
<Execution ProcessID="4608" ThreadID="2964"></Execution>
<Channel>Setup</Channel>
<Computer>b99902049-PC</Computer>
<Security UserID="S-1-5-18"></Security>
</System>
<UserData><CbsPackageChangeState xmlns="http://manifests.microsoft.com/win/2004/08/windows/setup_provider"><PackageIdentifier>KB3097966</PackageIdentifier>
<IntendedPackageState>Installed</IntendedPackageState>
<ErrorCode>0x0</ErrorCode>
<Client>WindowsUpdateAgent</Client>
</CbsPackageChangeState>
</UserData>
</Event>

<Event xmlns="http://schemas.microsoft.com/win/2004/08/events/event"><System><Provider Name="Microsoft-Windows-Servicing" Guid="bd12f3b8-fc40-4a61-a307-b7a013a069c1"></Provider>
<EventID Qualifiers="">4</EventID>
<Version>0</Version>
<Level>0</Level>
<Task>1</Task>
<Opcode>0</Opcode>
<Keywords>0x8000000000000000</Keywords>
<TimeCreated SystemTime="2015-10-14 14:24:30.011024"></TimeCreated>
<EventRecordID>4629</EventRecordID>
<Correlation ActivityID="" RelatedActivityID=""></Correlation>
<Execution ProcessID="4608" ThreadID="2964"></Execution>
<Channel>Setup</Channel>
<Computer>b99902049-PC</Computer>
<Security UserID="S-1-5-18"></Security>
</System>
<UserData><CbsPackageChangeState xmlns="http://manifests.microsoft.com/win/2004/08/windows/setup_provider"><PackageIdentifier>KB3087390</PackageIdentifier>
<IntendedPackageState>Installed</IntendedPackageState>
<ErrorCode>0x0</ErrorCode>
<Client>WindowsUpdateAgent</Client>
</CbsPackageChangeState>
</UserData>
</Event>

<Event xmlns="http://schemas.microsoft.com/win/2004/08/events/event"><System><Provider Name="Microsoft-Windows-Servicing" Guid="bd12f3b8-fc40-4a61-a307-b7a013a069c1"></Provider>
<EventID Qualifiers="">4</EventID>
<Version>0</Version>
<Level>0</Level>
<Task>1</Task>
<Opcode>0</Opcode>
<Keywords>0x8000000000000000</Keywords>
<TimeCreated SystemTime="2015-10-14 14:24:58.981150"></TimeCreated>
<EventRecordID>4630</EventRecordID>
<Correlation ActivityID="" RelatedActivityID=""></Correlation>
<Execution ProcessID="4608" ThreadID="2964"></Execution>
<Channel>Setup</Channel>
<Computer>b99902049-PC</Computer>
<Security UserID="S-1-5-18"></Security>
</System>
<UserData><CbsPackageChangeState xmlns="http://manifests.microsoft.com/win/2004/08/windows/setup_provider"><PackageIdentifier>KB3080446</PackageIdentifier>
<IntendedPackageState>Installed</IntendedPackageState>
<ErrorCode>0x0</ErrorCode>
<Client>WindowsUpdateAgent</Client>
</CbsPackageChangeState>
</UserData>
</Event>

<Event xmlns="http://schemas.microsoft.com/win/2004/08/events/event"><System><Provider Name="Microsoft-Windows-Servicing" Guid="bd12f3b8-fc40-4a61-a307-b7a013a069c1"></Provider>
<EventID Qualifiers="">2</EventID>
<Version>0</Version>
<Level>0</Level>
<Task>1</Task>
<Opcode>0</Opcode>
<Keywords>0x8000000000000000</Keywords>
<TimeCreated SystemTime="2015-10-14 14:31:02.978218"></TimeCreated>
<EventRecordID>4631</EventRecordID>
<Correlation ActivityID="" RelatedActivityID=""></Correlation>
<Execution ProcessID="1164" ThreadID="1228"></Execution>
<Channel>Setup</Channel>
<Computer>b99902049-PC</Computer>
<Security UserID="S-1-5-18"></Security>
</System>
<UserData><CbsPackageChangeState xmlns="http://manifests.microsoft.com/win/2004/08/windows/setup_provider"><PackageIdentifier>KB3083711</PackageIdentifier>
<IntendedPackageState>Installed</IntendedPackageState>
<ErrorCode>0x0</ErrorCode>
<Client>WindowsUpdateAgent</Client>
</CbsPackageChangeState>
</UserData>
</Event>

<Event xmlns="http://schemas.microsoft.com/win/2004/08/events/event"><System><Provider Name="Microsoft-Windows-Servicing" Guid="bd12f3b8-fc40-4a61-a307-b7a013a069c1"></Provider>
<EventID Qualifiers="">2</EventID>
<Version>0</Version>
<Level>0</Level>
<Task>1</Task>
<Opcode>0</Opcode>
<Keywords>0x8000000000000000</Keywords>
<TimeCreated SystemTime="2015-10-14 14:31:03.134502"></TimeCreated>
<EventRecordID>4632</EventRecordID>
<Correlation ActivityID="" RelatedActivityID=""></Correlation>
<Execution ProcessID="1164" ThreadID="1228"></Execution>
<Channel>Setup</Channel>
<Computer>b99902049-PC</Computer>
<Security UserID="S-1-5-18"></Security>
</System>
<UserData><CbsPackageChangeState xmlns="http://manifests.microsoft.com/win/2004/08/windows/setup_provider"><PackageIdentifier>KB3093983</PackageIdentifier>
<IntendedPackageState>Installed</IntendedPackageState>
<ErrorCode>0x0</ErrorCode>
<Client>WindowsUpdateAgent</Client>
</CbsPackageChangeState>
</UserData>
</Event>

<Event xmlns="http://schemas.microsoft.com/win/2004/08/events/event"><System><Provider Name="Microsoft-Windows-Servicing" Guid="bd12f3b8-fc40-4a61-a307-b7a013a069c1"></Provider>
<EventID Qualifiers="">2</EventID>
<Version>0</Version>
<Level>0</Level>
<Task>1</Task>
<Opcode>0</Opcode>
<Keywords>0x8000000000000000</Keywords>
<TimeCreated SystemTime="2015-10-14 14:31:03.197006"></TimeCreated>
<EventRecordID>4633</EventRecordID>
<Correlation ActivityID="" RelatedActivityID=""></Correlation>
<Execution ProcessID="1164" ThreadID="1228"></Execution>
<Channel>Setup</Channel>
<Computer>b99902049-PC</Computer>
<Security UserID="S-1-5-18"></Security>
</System>
<UserData><CbsPackageChangeState xmlns="http://manifests.microsoft.com/win/2004/08/windows/setup_provider"><PackageIdentifier>KB3042058</PackageIdentifier>
<IntendedPackageState>Installed</IntendedPackageState>
<ErrorCode>0x0</ErrorCode>
<Client>WindowsUpdateAgent</Client>
</CbsPackageChangeState>
</UserData>
</Event>

<Event xmlns="http://schemas.microsoft.com/win/2004/08/events/event"><System><Provider Name="Microsoft-Windows-Servicing" Guid="bd12f3b8-fc40-4a61-a307-b7a013a069c1"></Provider>
<EventID Qualifiers="">2</EventID>
<Version>0</Version>
<Level>0</Level>
<Task>1</Task>
<Opcode>0</Opcode>
<Keywords>0x8000000000000000</Keywords>
<TimeCreated SystemTime="2015-10-14 14:31:03.243883"></TimeCreated>
<EventRecordID>4634</EventRecordID>
<Correlation ActivityID="" RelatedActivityID=""></Correlation>
<Execution ProcessID="1164" ThreadID="1228"></Execution>
<Channel>Setup</Channel>
<Computer>b99902049-PC</Computer>
<Security UserID="S-1-5-18"></Security>
</System>
<UserData><CbsPackageChangeState xmlns="http://manifests.microsoft.com/win/2004/08/windows/setup_provider"><PackageIdentifier>KB3087137</PackageIdentifier>
<IntendedPackageState>Installed</IntendedPackageState>
<ErrorCode>0x0</ErrorCode>
<Client>WindowsUpdateAgent</Client>
</CbsPackageChangeState>
</UserData>
</Event>

<Event xmlns="http://schemas.microsoft.com/win/2004/08/events/event"><System><Provider Name="Microsoft-Windows-Servicing" Guid="bd12f3b8-fc40-4a61-a307-b7a013a069c1"></Provider>
<EventID Qualifiers="">2</EventID>
<Version>0</Version>
<Level>0</Level>
<Task>1</Task>
<Opcode>0</Opcode>
<Keywords>0x8000000000000000</Keywords>
<TimeCreated SystemTime="2015-10-14 14:31:03.290733"></TimeCreated>
<EventRecordID>4635</EventRecordID>
<Correlation ActivityID="" RelatedActivityID=""></Correlation>
<Execution ProcessID="1164" ThreadID="1228"></Execution>
<Channel>Setup</Channel>
<Computer>b99902049-PC</Computer>
<Security UserID="S-1-5-18"></Security>
</System>
<UserData><CbsPackageChangeState xmlns="http://manifests.microsoft.com/win/2004/08/windows/setup_provider"><PackageIdentifier>KB3088195</PackageIdentifier>
<IntendedPackageState>Installed</IntendedPackageState>
<ErrorCode>0x0</ErrorCode>
<Client>WindowsUpdateAgent</Client>
</CbsPackageChangeState>
</UserData>
</Event>

<Event xmlns="http://schemas.microsoft.com/win/2004/08/events/event"><System><Provider Name="Microsoft-Windows-Servicing" Guid="bd12f3b8-fc40-4a61-a307-b7a013a069c1"></Provider>
<EventID Qualifiers="">2</EventID>
<Version>0</Version>
<Level>0</Level>
<Task>1</Task>
<Opcode>0</Opcode>
<Keywords>0x8000000000000000</Keywords>
<TimeCreated SystemTime="2015-10-14 14:31:03.337610"></TimeCreated>
<EventRecordID>4636</EventRecordID>
<Correlation ActivityID="" RelatedActivityID=""></Correlation>
<Execution ProcessID="1164" ThreadID="1228"></Execution>
<Channel>Setup</Channel>
<Computer>b99902049-PC</Computer>
<Security UserID="S-1-5-18"></Security>
</System>
<UserData><CbsPackageChangeState xmlns="http://manifests.microsoft.com/win/2004/08/windows/setup_provider"><PackageIdentifier>KB3097966</PackageIdentifier>
<IntendedPackageState>Installed</IntendedPackageState>
<ErrorCode>0x0</ErrorCode>
<Client>WindowsUpdateAgent</Client>
</CbsPackageChangeState>
</UserData>
</Event>

<Event xmlns="http://schemas.microsoft.com/win/2004/08/events/event"><System><Provider Name="Microsoft-Windows-Servicing" Guid="bd12f3b8-fc40-4a61-a307-b7a013a069c1"></Provider>
<EventID Qualifiers="">2</EventID>
<Version>0</Version>
<Level>0</Level>
<Task>1</Task>
<Opcode>0</Opcode>
<Keywords>0x8000000000000000</Keywords>
<TimeCreated SystemTime="2015-10-14 14:31:03.384514"></TimeCreated>
<EventRecordID>4637</EventRecordID>
<Correlation ActivityID="" RelatedActivityID=""></Correlation>
<Execution ProcessID="1164" ThreadID="1228"></Execution>
<Channel>Setup</Channel>
<Computer>b99902049-PC</Computer>
<Security UserID="S-1-5-18"></Security>
</System>
<UserData><CbsPackageChangeState xmlns="http://manifests.microsoft.com/win/2004/08/windows/setup_provider"><PackageIdentifier>KB3087390</PackageIdentifier>
<IntendedPackageState>Installed</IntendedPackageState>
<ErrorCode>0x0</ErrorCode>
<Client>WindowsUpdateAgent</Client>
</CbsPackageChangeState>
</UserData>
</Event>

<Event xmlns="http://schemas.microsoft.com/win/2004/08/events/event"><System><Provider Name="Microsoft-Windows-Servicing" Guid="bd12f3b8-fc40-4a61-a307-b7a013a069c1"></Provider>
<EventID Qualifiers="">2</EventID>
<Version>0</Version>
<Level>0</Level>
<Task>1</Task>
<Opcode>0</Opcode>
<Keywords>0x8000000000000000</Keywords>
<TimeCreated SystemTime="2015-10-14 14:31:03.415766"></TimeCreated>
<EventRecordID>4638</EventRecordID>
<Correlation ActivityID="" RelatedActivityID=""></Correlation>
<Execution ProcessID="1164" ThreadID="1228"></Execution>
<Channel>Setup</Channel>
<Computer>b99902049-PC</Computer>
<Security UserID="S-1-5-18"></Security>
</System>
<UserData><CbsPackageChangeState xmlns="http://manifests.microsoft.com/win/2004/08/windows/setup_provider"><PackageIdentifier>KB3080446</PackageIdentifier>
<IntendedPackageState>Installed</IntendedPackageState>
<ErrorCode>0x0</ErrorCode>
<Client>WindowsUpdateAgent</Client>
</CbsPackageChangeState>
</UserData>
</Event>

<Event xmlns="http://schemas.microsoft.com/win/2004/08/events/event"><System><Provider Name="Microsoft-Windows-Servicing" Guid="bd12f3b8-fc40-4a61-a307-b7a013a069c1"></Provider>
<EventID Qualifiers="">1</EventID>
<Version>0</Version>
<Level>0</Level>
<Task>1</Task>
<Opcode>0</Opcode>
<Keywords>0x8000000000000000</Keywords>
<TimeCreated SystemTime="2015-10-15 07:51:50.457764"></TimeCreated>
<EventRecordID>4639</EventRecordID>
<Correlation ActivityID="" RelatedActivityID=""></Correlation>
<Execution ProcessID="3804" ThreadID="5136"></Execution>
<Channel>Setup</Channel>
<Computer>b99902049-PC</Computer>
<Security UserID="S-1-5-18"></Security>
</System>
<UserData><CbsPackageInitiateChanges xmlns="http://manifests.microsoft.com/win/2004/08/windows/setup_provider"><PackageIdentifier>KB2976978</PackageIdentifier>
<InitialPackageState>Absent</InitialPackageState>
<IntendedPackageState>Staged</IntendedPackageState>
<Client>WindowsUpdateAgent</Client>
</CbsPackageInitiateChanges>
</UserData>
</Event>

<Event xmlns="http://schemas.microsoft.com/win/2004/08/events/event"><System><Provider Name="Microsoft-Windows-Servicing" Guid="bd12f3b8-fc40-4a61-a307-b7a013a069c1"></Provider>
<EventID Qualifiers="">3</EventID>
<Version>0</Version>
<Level>0</Level>
<Task>1</Task>
<Opcode>0</Opcode>
<Keywords>0x8000000000000000</Keywords>
<TimeCreated SystemTime="2015-10-15 07:51:54.196243"></TimeCreated>
<EventRecordID>4640</EventRecordID>
<Correlation ActivityID="" RelatedActivityID=""></Correlation>
<Execution ProcessID="3804" ThreadID="5136"></Execution>
<Channel>Setup</Channel>
<Computer>b99902049-PC</Computer>
<Security UserID="S-1-5-18"></Security>
</System>
<UserData><CbsPackageChangeState xmlns="http://manifests.microsoft.com/win/2004/08/windows/setup_provider"><PackageIdentifier>KB2976978</PackageIdentifier>
<IntendedPackageState>Staged</IntendedPackageState>
<ErrorCode>0x800f0816</ErrorCode>
<Client>WindowsUpdateAgent</Client>
</CbsPackageChangeState>
</UserData>
</Event>

<Event xmlns="http://schemas.microsoft.com/win/2004/08/events/event"><System><Provider Name="Microsoft-Windows-Servicing" Guid="bd12f3b8-fc40-4a61-a307-b7a013a069c1"></Provider>
<EventID Qualifiers="">1</EventID>
<Version>0</Version>
<Level>0</Level>
<Task>1</Task>
<Opcode>0</Opcode>
<Keywords>0x8000000000000000</Keywords>
<TimeCreated SystemTime="2015-10-16 05:50:06.814453"></TimeCreated>
<EventRecordID>4641</EventRecordID>
<Correlation ActivityID="" RelatedActivityID=""></Correlation>
<Execution ProcessID="2528" ThreadID="1936"></Execution>
<Channel>Setup</Channel>
<Computer>b99902049-PC</Computer>
<Security UserID="S-1-5-18"></Security>
</System>
<UserData><CbsPackageInitiateChanges xmlns="http://manifests.microsoft.com/win/2004/08/windows/setup_provider"><PackageIdentifier>KB2976978</PackageIdentifier>
<InitialPackageState>Resolved</InitialPackageState>
<IntendedPackageState>Installed</IntendedPackageState>
<Client>WindowsUpdateAgent</Client>
</CbsPackageInitiateChanges>
</UserData>
</Event>

<Event xmlns="http://schemas.microsoft.com/win/2004/08/events/event"><System><Provider Name="Microsoft-Windows-Servicing" Guid="bd12f3b8-fc40-4a61-a307-b7a013a069c1"></Provider>
<EventID Qualifiers="">2</EventID>
<Version>0</Version>
<Level>0</Level>
<Task>1</Task>
<Opcode>0</Opcode>
<Keywords>0x8000000000000000</Keywords>
<TimeCreated SystemTime="2015-10-16 05:52:49.831484"></TimeCreated>
<EventRecordID>4642</EventRecordID>
<Correlation ActivityID="" RelatedActivityID=""></Correlation>
<Execution ProcessID="2528" ThreadID="1936"></Execution>
<Channel>Setup</Channel>
<Computer>b99902049-PC</Computer>
<Security UserID="S-1-5-18"></Security>
</System>
<UserData><CbsPackageChangeState xmlns="http://manifests.microsoft.com/win/2004/08/windows/setup_provider"><PackageIdentifier>KB2976978</PackageIdentifier>
<IntendedPackageState>Installed</IntendedPackageState>
<ErrorCode>0x0</ErrorCode>
<Client>WindowsUpdateAgent</Client>
</CbsPackageChangeState>
</UserData>
</Event>

<Event xmlns="http://schemas.microsoft.com/win/2004/08/events/event"><System><Provider Name="Microsoft-Windows-Servicing" Guid="bd12f3b8-fc40-4a61-a307-b7a013a069c1"></Provider>
<EventID Qualifiers="">1</EventID>
<Version>0</Version>
<Level>0</Level>
<Task>1</Task>
<Opcode>0</Opcode>
<Keywords>0x8000000000000000</Keywords>
<TimeCreated SystemTime="2015-10-19 09:49:25.816071"></TimeCreated>
<EventRecordID>4643</EventRecordID>
<Correlation ActivityID="" RelatedActivityID=""></Correlation>
<Execution ProcessID="1984" ThreadID="6408"></Execution>
<Channel>Setup</Channel>
<Computer>b99902049-PC</Computer>
<Security UserID="S-1-5-18"></Security>
</System>
<UserData><CbsPackageInitiateChanges xmlns="http://manifests.microsoft.com/win/2004/08/windows/setup_provider"><PackageIdentifier>KB3013410</PackageIdentifier>
<InitialPackageState>Installed</InitialPackageState>
<IntendedPackageState>Absent</IntendedPackageState>
<Client>CbsTask</Client>
</CbsPackageInitiateChanges>
</UserData>
</Event>

<Event xmlns="http://schemas.microsoft.com/win/2004/08/events/event"><System><Provider Name="Microsoft-Windows-Servicing" Guid="bd12f3b8-fc40-4a61-a307-b7a013a069c1"></Provider>
<EventID Qualifiers="">1</EventID>
<Version>0</Version>
<Level>0</Level>
<Task>1</Task>
<Opcode>0</Opcode>
<Keywords>0x8000000000000000</Keywords>
<TimeCreated SystemTime="2015-10-19 09:51:54.300297"></TimeCreated>
<EventRecordID>4644</EventRecordID>
<Correlation ActivityID="" RelatedActivityID=""></Correlation>
<Execution ProcessID="1984" ThreadID="6408"></Execution>
<Channel>Setup</Channel>
<Computer>b99902049-PC</Computer>
<Security UserID="S-1-5-18"></Security>
</System>
<UserData><CbsPackageInitiateChanges xmlns="http://manifests.microsoft.com/win/2004/08/windows/setup_provider"><PackageIdentifier>KB3013410</PackageIdentifier>
<InitialPackageState>Absent</InitialPackageState>
<IntendedPackageState>Absent</IntendedPackageState>
<Client>CbsTask</Client>
</CbsPackageInitiateChanges>
</UserData>
</Event>

<Event xmlns="http://schemas.microsoft.com/win/2004/08/events/event"><System><Provider Name="Microsoft-Windows-Servicing" Guid="bd12f3b8-fc40-4a61-a307-b7a013a069c1"></Provider>
<EventID Qualifiers="">1</EventID>
<Version>0</Version>
<Level>0</Level>
<Task>1</Task>
<Opcode>0</Opcode>
<Keywords>0x8000000000000000</Keywords>
<TimeCreated SystemTime="2015-10-19 09:51:54.300297"></TimeCreated>
<EventRecordID>4645</EventRecordID>
<Correlation ActivityID="" RelatedActivityID=""></Correlation>
<Execution ProcessID="1984" ThreadID="6408"></Execution>
<Channel>Setup</Channel>
<Computer>b99902049-PC</Computer>
<Security UserID="S-1-5-18"></Security>
</System>
<UserData><CbsPackageInitiateChanges xmlns="http://manifests.microsoft.com/win/2004/08/windows/setup_provider"><PackageIdentifier>KB3029438</PackageIdentifier>
<InitialPackageState>Installed</InitialPackageState>
<IntendedPackageState>Absent</IntendedPackageState>
<Client>CbsTask</Client>
</CbsPackageInitiateChanges>
</UserData>
</Event>

<Event xmlns="http://schemas.microsoft.com/win/2004/08/events/event"><System><Provider Name="Microsoft-Windows-Servicing" Guid="bd12f3b8-fc40-4a61-a307-b7a013a069c1"></Provider>
<EventID Qualifiers="">1</EventID>
<Version>0</Version>
<Level>0</Level>
<Task>1</Task>
<Opcode>0</Opcode>
<Keywords>0x8000000000000000</Keywords>
<TimeCreated SystemTime="2015-10-19 09:52:46.700962"></TimeCreated>
<EventRecordID>4646</EventRecordID>
<Correlation ActivityID="" RelatedActivityID=""></Correlation>
<Execution ProcessID="1984" ThreadID="6408"></Execution>
<Channel>Setup</Channel>
<Computer>b99902049-PC</Computer>
<Security UserID="S-1-5-18"></Security>
</System>
<UserData><CbsPackageInitiateChanges xmlns="http://manifests.microsoft.com/win/2004/08/windows/setup_provider"><PackageIdentifier>KB3013410</PackageIdentifier>
<InitialPackageState>Absent</InitialPackageState>
<IntendedPackageState>Absent</IntendedPackageState>
<Client>CbsTask</Client>
</CbsPackageInitiateChanges>
</UserData>
</Event>

<Event xmlns="http://schemas.microsoft.com/win/2004/08/events/event"><System><Provider Name="Microsoft-Windows-Servicing" Guid="bd12f3b8-fc40-4a61-a307-b7a013a069c1"></Provider>
<EventID Qualifiers="">1</EventID>
<Version>0</Version>
<Level>0</Level>
<Task>1</Task>
<Opcode>0</Opcode>
<Keywords>0x8000000000000000</Keywords>
<TimeCreated SystemTime="2015-10-19 09:52:46.700962"></TimeCreated>
<EventRecordID>4647</EventRecordID>
<Correlation ActivityID="" RelatedActivityID=""></Correlation>
<Execution ProcessID="1984" ThreadID="6408"></Execution>
<Channel>Setup</Channel>
<Computer>b99902049-PC</Computer>
<Security UserID="S-1-5-18"></Security>
</System>
<UserData><CbsPackageInitiateChanges xmlns="http://manifests.microsoft.com/win/2004/08/windows/setup_provider"><PackageIdentifier>KB3029438</PackageIdentifier>
<InitialPackageState>Absent</InitialPackageState>
<IntendedPackageState>Absent</IntendedPackageState>
<Client>CbsTask</Client>
</CbsPackageInitiateChanges>
</UserData>
</Event>

<Event xmlns="http://schemas.microsoft.com/win/2004/08/events/event"><System><Provider Name="Microsoft-Windows-Servicing" Guid="bd12f3b8-fc40-4a61-a307-b7a013a069c1"></Provider>
<EventID Qualifiers="">1</EventID>
<Version>0</Version>
<Level>0</Level>
<Task>1</Task>
<Opcode>0</Opcode>
<Keywords>0x8000000000000000</Keywords>
<TimeCreated SystemTime="2015-10-19 09:52:46.700962"></TimeCreated>
<EventRecordID>4648</EventRecordID>
<Correlation ActivityID="" RelatedActivityID=""></Correlation>
<Execution ProcessID="1984" ThreadID="6408"></Execution>
<Channel>Setup</Channel>
<Computer>b99902049-PC</Computer>
<Security UserID="S-1-5-18"></Security>
</System>
<UserData><CbsPackageInitiateChanges xmlns="http://manifests.microsoft.com/win/2004/08/windows/setup_provider"><PackageIdentifier>KB3046002</PackageIdentifier>
<InitialPackageState>Installed</InitialPackageState>
<IntendedPackageState>Absent</IntendedPackageState>
<Client>CbsTask</Client>
</CbsPackageInitiateChanges>
</UserData>
</Event>

<Event xmlns="http://schemas.microsoft.com/win/2004/08/events/event"><System><Provider Name="Microsoft-Windows-Servicing" Guid="bd12f3b8-fc40-4a61-a307-b7a013a069c1"></Provider>
<EventID Qualifiers="">1</EventID>
<Version>0</Version>
<Level>0</Level>
<Task>1</Task>
<Opcode>0</Opcode>
<Keywords>0x8000000000000000</Keywords>
<TimeCreated SystemTime="2015-10-19 09:53:47.215994"></TimeCreated>
<EventRecordID>4649</EventRecordID>
<Correlation ActivityID="" RelatedActivityID=""></Correlation>
<Execution ProcessID="1984" ThreadID="6408"></Execution>
<Channel>Setup</Channel>
<Computer>b99902049-PC</Computer>
<Security UserID="S-1-5-18"></Security>
</System>
<UserData><CbsPackageInitiateChanges xmlns="http://manifests.microsoft.com/win/2004/08/windows/setup_provider"><PackageIdentifier>KB3013410</PackageIdentifier>
<InitialPackageState>Absent</InitialPackageState>
<IntendedPackageState>Absent</IntendedPackageState>
<Client>CbsTask</Client>
</CbsPackageInitiateChanges>
</UserData>
</Event>

<Event xmlns="http://schemas.microsoft.com/win/2004/08/events/event"><System><Provider Name="Microsoft-Windows-Servicing" Guid="bd12f3b8-fc40-4a61-a307-b7a013a069c1"></Provider>
<EventID Qualifiers="">1</EventID>
<Version>0</Version>
<Level>0</Level>
<Task>1</Task>
<Opcode>0</Opcode>
<Keywords>0x8000000000000000</Keywords>
<TimeCreated SystemTime="2015-10-19 09:53:47.215994"></TimeCreated>
<EventRecordID>4650</EventRecordID>
<Correlation ActivityID="" RelatedActivityID=""></Correlation>
<Execution ProcessID="1984" ThreadID="6408"></Execution>
<Channel>Setup</Channel>
<Computer>b99902049-PC</Computer>
<Security UserID="S-1-5-18"></Security>
</System>
<UserData><CbsPackageInitiateChanges xmlns="http://manifests.microsoft.com/win/2004/08/windows/setup_provider"><PackageIdentifier>KB3029438</PackageIdentifier>
<InitialPackageState>Absent</InitialPackageState>
<IntendedPackageState>Absent</IntendedPackageState>
<Client>CbsTask</Client>
</CbsPackageInitiateChanges>
</UserData>
</Event>

<Event xmlns="http://schemas.microsoft.com/win/2004/08/events/event"><System><Provider Name="Microsoft-Windows-Servicing" Guid="bd12f3b8-fc40-4a61-a307-b7a013a069c1"></Provider>
<EventID Qualifiers="">1</EventID>
<Version>0</Version>
<Level>0</Level>
<Task>1</Task>
<Opcode>0</Opcode>
<Keywords>0x8000000000000000</Keywords>
<TimeCreated SystemTime="2015-10-19 09:53:47.215994"></TimeCreated>
<EventRecordID>4651</EventRecordID>
<Correlation ActivityID="" RelatedActivityID=""></Correlation>
<Execution ProcessID="1984" ThreadID="6408"></Execution>
<Channel>Setup</Channel>
<Computer>b99902049-PC</Computer>
<Security UserID="S-1-5-18"></Security>
</System>
<UserData><CbsPackageInitiateChanges xmlns="http://manifests.microsoft.com/win/2004/08/windows/setup_provider"><PackageIdentifier>KB3046002</PackageIdentifier>
<InitialPackageState>Absent</InitialPackageState>
<IntendedPackageState>Absent</IntendedPackageState>
<Client>CbsTask</Client>
</CbsPackageInitiateChanges>
</UserData>
</Event>

<Event xmlns="http://schemas.microsoft.com/win/2004/08/events/event"><System><Provider Name="Microsoft-Windows-Servicing" Guid="bd12f3b8-fc40-4a61-a307-b7a013a069c1"></Provider>
<EventID Qualifiers="">1</EventID>
<Version>0</Version>
<Level>0</Level>
<Task>1</Task>
<Opcode>0</Opcode>
<Keywords>0x8000000000000000</Keywords>
<TimeCreated SystemTime="2015-10-19 09:53:47.215994"></TimeCreated>
<EventRecordID>4652</EventRecordID>
<Correlation ActivityID="" RelatedActivityID=""></Correlation>
<Execution ProcessID="1984" ThreadID="6408"></Execution>
<Channel>Setup</Channel>
<Computer>b99902049-PC</Computer>
<Security UserID="S-1-5-18"></Security>
</System>
<UserData><CbsPackageInitiateChanges xmlns="http://manifests.microsoft.com/win/2004/08/windows/setup_provider"><PackageIdentifier>KB3069392</PackageIdentifier>
<InitialPackageState>Installed</InitialPackageState>
<IntendedPackageState>Absent</IntendedPackageState>
<Client>CbsTask</Client>
</CbsPackageInitiateChanges>
</UserData>
</Event>

