<Event xmlns="http://schemas.microsoft.com/win/2004/08/events/event"><System><Provider Name="Microsoft-Windows-Servicing" Guid="bd12f3b8-fc40-4a61-a307-b7a013a069c1"></Provider>
<EventID Qualifiers="">2</EventID>
<Version>0</Version>
<Level>0</Level>
<Task>1</Task>
<Opcode>0</Opcode>
<Keywords>0x8000000000000000</Keywords>
<TimeCreated SystemTime="2015-05-22 05:22:11.617544"></TimeCreated>
<EventRecordID>3803</EventRecordID>
<Correlation ActivityID="" RelatedActivityID=""></Correlation>
<Execution ProcessID="1108" ThreadID="1152"></Execution>
<Channel>Setup</Channel>
<Computer>b99902049-PC</Computer>
<Security UserID="S-1-5-18"></Security>
</System>
<UserData><CbsPackageChangeState xmlns="http://manifests.microsoft.com/win/2004/08/windows/setup_provider"><PackageIdentifier>KB3061518</PackageIdentifier>
<IntendedPackageState>Installed</IntendedPackageState>
<ErrorCode>0x0</ErrorCode>
<Client>WindowsUpdateAgent</Client>
</CbsPackageChangeState>
</UserData>
</Event>

<Event xmlns="http://schemas.microsoft.com/win/2004/08/events/event"><System><Provider Name="Microsoft-Windows-Servicing" Guid="bd12f3b8-fc40-4a61-a307-b7a013a069c1"></Provider>
<EventID Qualifiers="">2</EventID>
<Version>0</Version>
<Level>0</Level>
<Task>1</Task>
<Opcode>0</Opcode>
<Keywords>0x8000000000000000</Keywords>
<TimeCreated SystemTime="2015-05-22 05:22:11.664400"></TimeCreated>
<EventRecordID>3804</EventRecordID>
<Correlation ActivityID="" RelatedActivityID=""></Correlation>
<Execution ProcessID="1108" ThreadID="1152"></Execution>
<Channel>Setup</Channel>
<Computer>b99902049-PC</Computer>
<Security UserID="S-1-5-18"></Security>
</System>
<UserData><CbsPackageChangeState xmlns="http://manifests.microsoft.com/win/2004/08/windows/setup_provider"><PackageIdentifier>KB3061904</PackageIdentifier>
<IntendedPackageState>Installed</IntendedPackageState>
<ErrorCode>0x0</ErrorCode>
<Client>WindowsUpdateAgent</Client>
</CbsPackageChangeState>
</UserData>
</Event>

<Event xmlns="http://schemas.microsoft.com/win/2004/08/events/event"><System><Provider Name="Microsoft-Windows-Servicing" Guid="bd12f3b8-fc40-4a61-a307-b7a013a069c1"></Provider>
<EventID Qualifiers="">2</EventID>
<Version>0</Version>
<Level>0</Level>
<Task>1</Task>
<Opcode>0</Opcode>
<Keywords>0x8000000000000000</Keywords>
<TimeCreated SystemTime="2015-05-22 05:22:11.695673"></TimeCreated>
<EventRecordID>3805</EventRecordID>
<Correlation ActivityID="" RelatedActivityID=""></Correlation>
<Execution ProcessID="1108" ThreadID="1152"></Execution>
<Channel>Setup</Channel>
<Computer>b99902049-PC</Computer>
<Security UserID="S-1-5-18"></Security>
</System>
<UserData><CbsPackageChangeState xmlns="http://manifests.microsoft.com/win/2004/08/windows/setup_provider"><PackageIdentifier>KB3020370</PackageIdentifier>
<IntendedPackageState>Installed</IntendedPackageState>
<ErrorCode>0x0</ErrorCode>
<Client>WindowsUpdateAgent</Client>
</CbsPackageChangeState>
</UserData>
</Event>

<Event xmlns="http://schemas.microsoft.com/win/2004/08/events/event"><System><Provider Name="Microsoft-Windows-Servicing" Guid="bd12f3b8-fc40-4a61-a307-b7a013a069c1"></Provider>
<EventID Qualifiers="">2</EventID>
<Version>0</Version>
<Level>0</Level>
<Task>1</Task>
<Opcode>0</Opcode>
<Keywords>0x8000000000000000</Keywords>
<TimeCreated SystemTime="2015-05-22 05:22:17.383204"></TimeCreated>
<EventRecordID>3806</EventRecordID>
<Correlation ActivityID="" RelatedActivityID=""></Correlation>
<Execution ProcessID="1108" ThreadID="1152"></Execution>
<Channel>Setup</Channel>
<Computer>b99902049-PC</Computer>
<Security UserID="S-1-5-18"></Security>
</System>
<UserData><CbsPackageChangeState xmlns="http://manifests.microsoft.com/win/2004/08/windows/setup_provider"><PackageIdentifier>KB3021910</PackageIdentifier>
<IntendedPackageState>Installed</IntendedPackageState>
<ErrorCode>0x0</ErrorCode>
<Client>WindowsUpdateAgent</Client>
</CbsPackageChangeState>
</UserData>
</Event>

<Event xmlns="http://schemas.microsoft.com/win/2004/08/events/event"><System><Provider Name="Microsoft-Windows-Servicing" Guid="bd12f3b8-fc40-4a61-a307-b7a013a069c1"></Provider>
<EventID Qualifiers="">1</EventID>
<Version>0</Version>
<Level>0</Level>
<Task>1</Task>
<Opcode>0</Opcode>
<Keywords>0x8000000000000000</Keywords>
<TimeCreated SystemTime="2015-05-25 08:14:26.487135"></TimeCreated>
<EventRecordID>3807</EventRecordID>
<Correlation ActivityID="" RelatedActivityID=""></Correlation>
<Execution ProcessID="6868" ThreadID="4016"></Execution>
<Channel>Setup</Channel>
<Computer>b99902049-PC</Computer>
<Security UserID="S-1-5-18"></Security>
</System>
<UserData><CbsPackageInitiateChanges xmlns="http://manifests.microsoft.com/win/2004/08/windows/setup_provider"><PackageIdentifier>KB3047276</PackageIdentifier>
<InitialPackageState>Absent</InitialPackageState>
<IntendedPackageState>Staged</IntendedPackageState>
<Client>WindowsUpdateAgent</Client>
</CbsPackageInitiateChanges>
</UserData>
</Event>

<Event xmlns="http://schemas.microsoft.com/win/2004/08/events/event"><System><Provider Name="Microsoft-Windows-Servicing" Guid="bd12f3b8-fc40-4a61-a307-b7a013a069c1"></Provider>
<EventID Qualifiers="">3</EventID>
<Version>0</Version>
<Level>0</Level>
<Task>1</Task>
<Opcode>0</Opcode>
<Keywords>0x8000000000000000</Keywords>
<TimeCreated SystemTime="2015-05-25 08:14:31.167240"></TimeCreated>
<EventRecordID>3808</EventRecordID>
<Correlation ActivityID="" RelatedActivityID=""></Correlation>
<Execution ProcessID="6868" ThreadID="4016"></Execution>
<Channel>Setup</Channel>
<Computer>b99902049-PC</Computer>
<Security UserID="S-1-5-18"></Security>
</System>
<UserData><CbsPackageChangeState xmlns="http://manifests.microsoft.com/win/2004/08/windows/setup_provider"><PackageIdentifier>KB3047276</PackageIdentifier>
<IntendedPackageState>Staged</IntendedPackageState>
<ErrorCode>0x800f0816</ErrorCode>
<Client>WindowsUpdateAgent</Client>
</CbsPackageChangeState>
</UserData>
</Event>

<Event xmlns="http://schemas.microsoft.com/win/2004/08/events/event"><System><Provider Name="Microsoft-Windows-Servicing" Guid="bd12f3b8-fc40-4a61-a307-b7a013a069c1"></Provider>
<EventID Qualifiers="">1</EventID>
<Version>0</Version>
<Level>0</Level>
<Task>1</Task>
<Opcode>0</Opcode>
<Keywords>0x8000000000000000</Keywords>
<TimeCreated SystemTime="2015-05-25 08:15:16.708458"></TimeCreated>
<EventRecordID>3809</EventRecordID>
<Correlation ActivityID="" RelatedActivityID=""></Correlation>
<Execution ProcessID="6868" ThreadID="4016"></Execution>
<Channel>Setup</Channel>
<Computer>b99902049-PC</Computer>
<Security UserID="S-1-5-18"></Security>
</System>
<UserData><CbsPackageInitiateChanges xmlns="http://manifests.microsoft.com/win/2004/08/windows/setup_provider"><PackageIdentifier>KB3013531</PackageIdentifier>
<InitialPackageState>Absent</InitialPackageState>
<IntendedPackageState>Staged</IntendedPackageState>
<Client>WindowsUpdateAgent</Client>
</CbsPackageInitiateChanges>
</UserData>
</Event>

<Event xmlns="http://schemas.microsoft.com/win/2004/08/events/event"><System><Provider Name="Microsoft-Windows-Servicing" Guid="bd12f3b8-fc40-4a61-a307-b7a013a069c1"></Provider>
<EventID Qualifiers="">3</EventID>
<Version>0</Version>
<Level>0</Level>
<Task>1</Task>
<Opcode>0</Opcode>
<Keywords>0x8000000000000000</Keywords>
<TimeCreated SystemTime="2015-05-25 08:15:18.311523"></TimeCreated>
<EventRecordID>3810</EventRecordID>
<Correlation ActivityID="" RelatedActivityID=""></Correlation>
<Execution ProcessID="6868" ThreadID="4016"></Execution>
<Channel>Setup</Channel>
<Computer>b99902049-PC</Computer>
<Security UserID="S-1-5-18"></Security>
</System>
<UserData><CbsPackageChangeState xmlns="http://manifests.microsoft.com/win/2004/08/windows/setup_provider"><PackageIdentifier>KB3013531</PackageIdentifier>
<IntendedPackageState>Staged</IntendedPackageState>
<ErrorCode>0x800f0816</ErrorCode>
<Client>WindowsUpdateAgent</Client>
</CbsPackageChangeState>
</UserData>
</Event>

<Event xmlns="http://schemas.microsoft.com/win/2004/08/events/event"><System><Provider Name="Microsoft-Windows-Servicing" Guid="bd12f3b8-fc40-4a61-a307-b7a013a069c1"></Provider>
<EventID Qualifiers="">1</EventID>
<Version>0</Version>
<Level>0</Level>
<Task>1</Task>
<Opcode>0</Opcode>
<Keywords>0x8000000000000000</Keywords>
<TimeCreated SystemTime="2015-05-25 08:21:33.834684"></TimeCreated>
<EventRecordID>3811</EventRecordID>
<Correlation ActivityID="" RelatedActivityID=""></Correlation>
<Execution ProcessID="6868" ThreadID="4016"></Execution>
<Channel>Setup</Channel>
<Computer>b99902049-PC</Computer>
<Security UserID="S-1-5-18"></Security>
</System>
<UserData><CbsPackageInitiateChanges xmlns="http://manifests.microsoft.com/win/2004/08/windows/setup_provider"><PackageIdentifier>KB3033446</PackageIdentifier>
<InitialPackageState>Absent</InitialPackageState>
<IntendedPackageState>Staged</IntendedPackageState>
<Client>WindowsUpdateAgent</Client>
</CbsPackageInitiateChanges>
</UserData>
</Event>

<Event xmlns="http://schemas.microsoft.com/win/2004/08/events/event"><System><Provider Name="Microsoft-Windows-Servicing" Guid="bd12f3b8-fc40-4a61-a307-b7a013a069c1"></Provider>
<EventID Qualifiers="">3</EventID>
<Version>0</Version>
<Level>0</Level>
<Task>1</Task>
<Opcode>0</Opcode>
<Keywords>0x8000000000000000</Keywords>
<TimeCreated SystemTime="2015-05-25 08:21:35.475775"></TimeCreated>
<EventRecordID>3812</EventRecordID>
<Correlation ActivityID="" RelatedActivityID=""></Correlation>
<Execution ProcessID="6868" ThreadID="4016"></Execution>
<Channel>Setup</Channel>
<Computer>b99902049-PC</Computer>
<Security UserID="S-1-5-18"></Security>
</System>
<UserData><CbsPackageChangeState xmlns="http://manifests.microsoft.com/win/2004/08/windows/setup_provider"><PackageIdentifier>KB3033446</PackageIdentifier>
<IntendedPackageState>Staged</IntendedPackageState>
<ErrorCode>0x800f0816</ErrorCode>
<Client>WindowsUpdateAgent</Client>
</CbsPackageChangeState>
</UserData>
</Event>

<Event xmlns="http://schemas.microsoft.com/win/2004/08/events/event"><System><Provider Name="Microsoft-Windows-Servicing" Guid="bd12f3b8-fc40-4a61-a307-b7a013a069c1"></Provider>
<EventID Qualifiers="">1</EventID>
<Version>0</Version>
<Level>0</Level>
<Task>1</Task>
<Opcode>0</Opcode>
<Keywords>0x8000000000000000</Keywords>
<TimeCreated SystemTime="2015-05-25 08:21:37.650217"></TimeCreated>
<EventRecordID>3813</EventRecordID>
<Correlation ActivityID="" RelatedActivityID=""></Correlation>
<Execution ProcessID="6868" ThreadID="4016"></Execution>
<Channel>Setup</Channel>
<Computer>b99902049-PC</Computer>
<Security UserID="S-1-5-18"></Security>
</System>
<UserData><CbsPackageInitiateChanges xmlns="http://manifests.microsoft.com/win/2004/08/windows/setup_provider"><PackageIdentifier>KB3044673</PackageIdentifier>
<InitialPackageState>Absent</InitialPackageState>
<IntendedPackageState>Staged</IntendedPackageState>
<Client>WindowsUpdateAgent</Client>
</CbsPackageInitiateChanges>
</UserData>
</Event>

<Event xmlns="http://schemas.microsoft.com/win/2004/08/events/event"><System><Provider Name="Microsoft-Windows-Servicing" Guid="bd12f3b8-fc40-4a61-a307-b7a013a069c1"></Provider>
<EventID Qualifiers="">3</EventID>
<Version>0</Version>
<Level>0</Level>
<Task>1</Task>
<Opcode>0</Opcode>
<Keywords>0x8000000000000000</Keywords>
<TimeCreated SystemTime="2015-05-25 08:21:38.987103"></TimeCreated>
<EventRecordID>3814</EventRecordID>
<Correlation ActivityID="" RelatedActivityID=""></Correlation>
<Execution ProcessID="6868" ThreadID="4016"></Execution>
<Channel>Setup</Channel>
<Computer>b99902049-PC</Computer>
<Security UserID="S-1-5-18"></Security>
</System>
<UserData><CbsPackageChangeState xmlns="http://manifests.microsoft.com/win/2004/08/windows/setup_provider"><PackageIdentifier>KB3044673</PackageIdentifier>
<IntendedPackageState>Staged</IntendedPackageState>
<ErrorCode>0x800f0816</ErrorCode>
<Client>WindowsUpdateAgent</Client>
</CbsPackageChangeState>
</UserData>
</Event>

<Event xmlns="http://schemas.microsoft.com/win/2004/08/events/event"><System><Provider Name="Microsoft-Windows-Servicing" Guid="bd12f3b8-fc40-4a61-a307-b7a013a069c1"></Provider>
<EventID Qualifiers="">1</EventID>
<Version>0</Version>
<Level>0</Level>
<Task>1</Task>
<Opcode>0</Opcode>
<Keywords>0x8000000000000000</Keywords>
<TimeCreated SystemTime="2015-05-25 08:21:40.922386"></TimeCreated>
<EventRecordID>3815</EventRecordID>
<Correlation ActivityID="" RelatedActivityID=""></Correlation>
<Execution ProcessID="6868" ThreadID="4016"></Execution>
<Channel>Setup</Channel>
<Computer>b99902049-PC</Computer>
<Security UserID="S-1-5-18"></Security>
</System>
<UserData><CbsPackageInitiateChanges xmlns="http://manifests.microsoft.com/win/2004/08/windows/setup_provider"><PackageIdentifier>KB3037924</PackageIdentifier>
<InitialPackageState>Absent</InitialPackageState>
<IntendedPackageState>Staged</IntendedPackageState>
<Client>WindowsUpdateAgent</Client>
</CbsPackageInitiateChanges>
</UserData>
</Event>

<Event xmlns="http://schemas.microsoft.com/win/2004/08/events/event"><System><Provider Name="Microsoft-Windows-Servicing" Guid="bd12f3b8-fc40-4a61-a307-b7a013a069c1"></Provider>
<EventID Qualifiers="">3</EventID>
<Version>0</Version>
<Level>0</Level>
<Task>1</Task>
<Opcode>0</Opcode>
<Keywords>0x8000000000000000</Keywords>
<TimeCreated SystemTime="2015-05-25 08:21:41.695900"></TimeCreated>
<EventRecordID>3816</EventRecordID>
<Correlation ActivityID="" RelatedActivityID=""></Correlation>
<Execution ProcessID="6868" ThreadID="4016"></Execution>
<Channel>Setup</Channel>
<Computer>b99902049-PC</Computer>
<Security UserID="S-1-5-18"></Security>
</System>
<UserData><CbsPackageChangeState xmlns="http://manifests.microsoft.com/win/2004/08/windows/setup_provider"><PackageIdentifier>KB3037924</PackageIdentifier>
<IntendedPackageState>Staged</IntendedPackageState>
<ErrorCode>0x800f0816</ErrorCode>
<Client>WindowsUpdateAgent</Client>
</CbsPackageChangeState>
</UserData>
</Event>

<Event xmlns="http://schemas.microsoft.com/win/2004/08/events/event"><System><Provider Name="Microsoft-Windows-Servicing" Guid="bd12f3b8-fc40-4a61-a307-b7a013a069c1"></Provider>
<EventID Qualifiers="">1</EventID>
<Version>0</Version>
<Level>0</Level>
<Task>1</Task>
<Opcode>0</Opcode>
<Keywords>0x8000000000000000</Keywords>
<TimeCreated SystemTime="2015-05-25 08:21:43.640194"></TimeCreated>
<EventRecordID>3817</EventRecordID>
<Correlation ActivityID="" RelatedActivityID=""></Correlation>
<Execution ProcessID="6868" ThreadID="4016"></Execution>
<Channel>Setup</Channel>
<Computer>b99902049-PC</Computer>
<Security UserID="S-1-5-18"></Security>
</System>
<UserData><CbsPackageInitiateChanges xmlns="http://manifests.microsoft.com/win/2004/08/windows/setup_provider"><PackageIdentifier>KB3038562</PackageIdentifier>
<InitialPackageState>Absent</InitialPackageState>
<IntendedPackageState>Staged</IntendedPackageState>
<Client>WindowsUpdateAgent</Client>
</CbsPackageInitiateChanges>
</UserData>
</Event>

<Event xmlns="http://schemas.microsoft.com/win/2004/08/events/event"><System><Provider Name="Microsoft-Windows-Servicing" Guid="bd12f3b8-fc40-4a61-a307-b7a013a069c1"></Provider>
<EventID Qualifiers="">3</EventID>
<Version>0</Version>
<Level>0</Level>
<Task>1</Task>
<Opcode>0</Opcode>
<Keywords>0x8000000000000000</Keywords>
<TimeCreated SystemTime="2015-05-25 08:21:52.658175"></TimeCreated>
<EventRecordID>3818</EventRecordID>
<Correlation ActivityID="" RelatedActivityID=""></Correlation>
<Execution ProcessID="6868" ThreadID="4016"></Execution>
<Channel>Setup</Channel>
<Computer>b99902049-PC</Computer>
<Security UserID="S-1-5-18"></Security>
</System>
<UserData><CbsPackageChangeState xmlns="http://manifests.microsoft.com/win/2004/08/windows/setup_provider"><PackageIdentifier>KB3038562</PackageIdentifier>
<IntendedPackageState>Staged</IntendedPackageState>
<ErrorCode>0x800f0816</ErrorCode>
<Client>WindowsUpdateAgent</Client>
</CbsPackageChangeState>
</UserData>
</Event>

<Event xmlns="http://schemas.microsoft.com/win/2004/08/events/event"><System><Provider Name="Microsoft-Windows-Servicing" Guid="bd12f3b8-fc40-4a61-a307-b7a013a069c1"></Provider>
<EventID Qualifiers="">1</EventID>
<Version>0</Version>
<Level>0</Level>
<Task>1</Task>
<Opcode>0</Opcode>
<Keywords>0x8000000000000000</Keywords>
<TimeCreated SystemTime="2015-05-25 08:21:54.831615"></TimeCreated>
<EventRecordID>3819</EventRecordID>
<Correlation ActivityID="" RelatedActivityID=""></Correlation>
<Execution ProcessID="6868" ThreadID="4016"></Execution>
<Channel>Setup</Channel>
<Computer>b99902049-PC</Computer>
<Security UserID="S-1-5-18"></Security>
</System>
<UserData><CbsPackageInitiateChanges xmlns="http://manifests.microsoft.com/win/2004/08/windows/setup_provider"><PackageIdentifier>KB3038002</PackageIdentifier>
<InitialPackageState>Absent</InitialPackageState>
<IntendedPackageState>Staged</IntendedPackageState>
<Client>WindowsUpdateAgent</Client>
</CbsPackageInitiateChanges>
</UserData>
</Event>

<Event xmlns="http://schemas.microsoft.com/win/2004/08/events/event"><System><Provider Name="Microsoft-Windows-Servicing" Guid="bd12f3b8-fc40-4a61-a307-b7a013a069c1"></Provider>
<EventID Qualifiers="">3</EventID>
<Version>0</Version>
<Level>0</Level>
<Task>1</Task>
<Opcode>0</Opcode>
<Keywords>0x8000000000000000</Keywords>
<TimeCreated SystemTime="2015-05-25 08:21:55.883312"></TimeCreated>
<EventRecordID>3820</EventRecordID>
<Correlation ActivityID="" RelatedActivityID=""></Correlation>
<Execution ProcessID="6868" ThreadID="4016"></Execution>
<Channel>Setup</Channel>
<Computer>b99902049-PC</Computer>
<Security UserID="S-1-5-18"></Security>
</System>
<UserData><CbsPackageChangeState xmlns="http://manifests.microsoft.com/win/2004/08/windows/setup_provider"><PackageIdentifier>KB3038002</PackageIdentifier>
<IntendedPackageState>Staged</IntendedPackageState>
<ErrorCode>0x800f0816</ErrorCode>
<Client>WindowsUpdateAgent</Client>
</CbsPackageChangeState>
</UserData>
</Event>

<Event xmlns="http://schemas.microsoft.com/win/2004/08/events/event"><System><Provider Name="Microsoft-Windows-Servicing" Guid="bd12f3b8-fc40-4a61-a307-b7a013a069c1"></Provider>
<EventID Qualifiers="">1</EventID>
<Version>0</Version>
<Level>0</Level>
<Task>1</Task>
<Opcode>0</Opcode>
<Keywords>0x8000000000000000</Keywords>
<TimeCreated SystemTime="2015-05-25 08:21:57.544416"></TimeCreated>
<EventRecordID>3821</EventRecordID>
<Correlation ActivityID="" RelatedActivityID=""></Correlation>
<Execution ProcessID="6868" ThreadID="4016"></Execution>
<Channel>Setup</Channel>
<Computer>b99902049-PC</Computer>
<Security UserID="S-1-5-18"></Security>
</System>
<UserData><CbsPackageInitiateChanges xmlns="http://manifests.microsoft.com/win/2004/08/windows/setup_provider"><PackageIdentifier>KB3045992</PackageIdentifier>
<InitialPackageState>Absent</InitialPackageState>
<IntendedPackageState>Staged</IntendedPackageState>
<Client>WindowsUpdateAgent</Client>
</CbsPackageInitiateChanges>
</UserData>
</Event>

<Event xmlns="http://schemas.microsoft.com/win/2004/08/events/event"><System><Provider Name="Microsoft-Windows-Servicing" Guid="bd12f3b8-fc40-4a61-a307-b7a013a069c1"></Provider>
<EventID Qualifiers="">3</EventID>
<Version>0</Version>
<Level>0</Level>
<Task>1</Task>
<Opcode>0</Opcode>
<Keywords>0x8000000000000000</Keywords>
<TimeCreated SystemTime="2015-05-25 08:21:58.566093"></TimeCreated>
<EventRecordID>3822</EventRecordID>
<Correlation ActivityID="" RelatedActivityID=""></Correlation>
<Execution ProcessID="6868" ThreadID="4016"></Execution>
<Channel>Setup</Channel>
<Computer>b99902049-PC</Computer>
<Security UserID="S-1-5-18"></Security>
</System>
<UserData><CbsPackageChangeState xmlns="http://manifests.microsoft.com/win/2004/08/windows/setup_provider"><PackageIdentifier>KB3045992</PackageIdentifier>
<IntendedPackageState>Staged</IntendedPackageState>
<ErrorCode>0x800f0816</ErrorCode>
<Client>WindowsUpdateAgent</Client>
</CbsPackageChangeState>
</UserData>
</Event>

<Event xmlns="http://schemas.microsoft.com/win/2004/08/events/event"><System><Provider Name="Microsoft-Windows-Servicing" Guid="bd12f3b8-fc40-4a61-a307-b7a013a069c1"></Provider>
<EventID Qualifiers="">1</EventID>
<Version>0</Version>
<Level>0</Level>
<Task>1</Task>
<Opcode>0</Opcode>
<Keywords>0x8000000000000000</Keywords>
<TimeCreated SystemTime="2015-05-25 08:22:00.199177"></TimeCreated>
<EventRecordID>3823</EventRecordID>
<Correlation ActivityID="" RelatedActivityID=""></Correlation>
<Execution ProcessID="6868" ThreadID="4016"></Execution>
<Channel>Setup</Channel>
<Computer>b99902049-PC</Computer>
<Security UserID="S-1-5-18"></Security>
</System>
<UserData><CbsPackageInitiateChanges xmlns="http://manifests.microsoft.com/win/2004/08/windows/setup_provider"><PackageIdentifier>KB3048097</PackageIdentifier>
<InitialPackageState>Absent</InitialPackageState>
<IntendedPackageState>Staged</IntendedPackageState>
<Client>WindowsUpdateAgent</Client>
</CbsPackageInitiateChanges>
</UserData>
</Event>

<Event xmlns="http://schemas.microsoft.com/win/2004/08/events/event"><System><Provider Name="Microsoft-Windows-Servicing" Guid="bd12f3b8-fc40-4a61-a307-b7a013a069c1"></Provider>
<EventID Qualifiers="">3</EventID>
<Version>0</Version>
<Level>0</Level>
<Task>1</Task>
<Opcode>0</Opcode>
<Keywords>0x8000000000000000</Keywords>
<TimeCreated SystemTime="2015-05-25 08:22:02.445667"></TimeCreated>
<EventRecordID>3824</EventRecordID>
<Correlation ActivityID="" RelatedActivityID=""></Correlation>
<Execution ProcessID="6868" ThreadID="4016"></Execution>
<Channel>Setup</Channel>
<Computer>b99902049-PC</Computer>
<Security UserID="S-1-5-18"></Security>
</System>
<UserData><CbsPackageChangeState xmlns="http://manifests.microsoft.com/win/2004/08/windows/setup_provider"><PackageIdentifier>KB3048097</PackageIdentifier>
<IntendedPackageState>Staged</IntendedPackageState>
<ErrorCode>0x800f0816</ErrorCode>
<Client>WindowsUpdateAgent</Client>
</CbsPackageChangeState>
</UserData>
</Event>

<Event xmlns="http://schemas.microsoft.com/win/2004/08/events/event"><System><Provider Name="Microsoft-Windows-Servicing" Guid="bd12f3b8-fc40-4a61-a307-b7a013a069c1"></Provider>
<EventID Qualifiers="">1</EventID>
<Version>0</Version>
<Level>0</Level>
<Task>1</Task>
<Opcode>0</Opcode>
<Keywords>0x8000000000000000</Keywords>
<TimeCreated SystemTime="2015-05-25 08:23:42.559093"></TimeCreated>
<EventRecordID>3825</EventRecordID>
<Correlation ActivityID="" RelatedActivityID=""></Correlation>
<Execution ProcessID="6868" ThreadID="4016"></Execution>
<Channel>Setup</Channel>
<Computer>b99902049-PC</Computer>
<Security UserID="S-1-5-18"></Security>
</System>
<UserData><CbsPackageInitiateChanges xmlns="http://manifests.microsoft.com/win/2004/08/windows/setup_provider"><PackageIdentifier>KB3045717</PackageIdentifier>
<InitialPackageState>Absent</InitialPackageState>
<IntendedPackageState>Staged</IntendedPackageState>
<Client>WindowsUpdateAgent</Client>
</CbsPackageInitiateChanges>
</UserData>
</Event>

<Event xmlns="http://schemas.microsoft.com/win/2004/08/events/event"><System><Provider Name="Microsoft-Windows-Servicing" Guid="bd12f3b8-fc40-4a61-a307-b7a013a069c1"></Provider>
<EventID Qualifiers="">3</EventID>
<Version>0</Version>
<Level>0</Level>
<Task>1</Task>
<Opcode>0</Opcode>
<Keywords>0x8000000000000000</Keywords>
<TimeCreated SystemTime="2015-05-25 08:23:43.972031"></TimeCreated>
<EventRecordID>3826</EventRecordID>
<Correlation ActivityID="" RelatedActivityID=""></Correlation>
<Execution ProcessID="6868" ThreadID="4016"></Execution>
<Channel>Setup</Channel>
<Computer>b99902049-PC</Computer>
<Security UserID="S-1-5-18"></Security>
</System>
<UserData><CbsPackageChangeState xmlns="http://manifests.microsoft.com/win/2004/08/windows/setup_provider"><PackageIdentifier>KB3045717</PackageIdentifier>
<IntendedPackageState>Staged</IntendedPackageState>
<ErrorCode>0x800f0816</ErrorCode>
<Client>WindowsUpdateAgent</Client>
</CbsPackageChangeState>
</UserData>
</Event>

<Event xmlns="http://schemas.microsoft.com/win/2004/08/events/event"><System><Provider Name="Microsoft-Windows-Servicing" Guid="bd12f3b8-fc40-4a61-a307-b7a013a069c1"></Provider>
<EventID Qualifiers="">1</EventID>
<Version>0</Version>
<Level>0</Level>
<Task>1</Task>
<Opcode>0</Opcode>
<Keywords>0x8000000000000000</Keywords>
<TimeCreated SystemTime="2015-05-25 08:23:46.003380"></TimeCreated>
<EventRecordID>3827</EventRecordID>
<Correlation ActivityID="" RelatedActivityID=""></Correlation>
<Execution ProcessID="6868" ThreadID="4016"></Execution>
<Channel>Setup</Channel>
<Computer>b99902049-PC</Computer>
<Security UserID="S-1-5-18"></Security>
</System>
<UserData><CbsPackageInitiateChanges xmlns="http://manifests.microsoft.com/win/2004/08/windows/setup_provider"><PackageIdentifier>KB3043812</PackageIdentifier>
<InitialPackageState>Absent</InitialPackageState>
<IntendedPackageState>Staged</IntendedPackageState>
<Client>WindowsUpdateAgent</Client>
</CbsPackageInitiateChanges>
</UserData>
</Event>

<Event xmlns="http://schemas.microsoft.com/win/2004/08/events/event"><System><Provider Name="Microsoft-Windows-Servicing" Guid="bd12f3b8-fc40-4a61-a307-b7a013a069c1"></Provider>
<EventID Qualifiers="">3</EventID>
<Version>0</Version>
<Level>0</Level>
<Task>1</Task>
<Opcode>0</Opcode>
<Keywords>0x8000000000000000</Keywords>
<TimeCreated SystemTime="2015-05-25 08:23:46.747873"></TimeCreated>
<EventRecordID>3828</EventRecordID>
<Correlation ActivityID="" RelatedActivityID=""></Correlation>
<Execution ProcessID="6868" ThreadID="4016"></Execution>
<Channel>Setup</Channel>
<Computer>b99902049-PC</Computer>
<Security UserID="S-1-5-18"></Security>
</System>
<UserData><CbsPackageChangeState xmlns="http://manifests.microsoft.com/win/2004/08/windows/setup_provider"><PackageIdentifier>KB3043812</PackageIdentifier>
<IntendedPackageState>Staged</IntendedPackageState>
<ErrorCode>0x800f0816</ErrorCode>
<Client>WindowsUpdateAgent</Client>
</CbsPackageChangeState>
</UserData>
</Event>

<Event xmlns="http://schemas.microsoft.com/win/2004/08/events/event"><System><Provider Name="Microsoft-Windows-Servicing" Guid="bd12f3b8-fc40-4a61-a307-b7a013a069c1"></Provider>
<EventID Qualifiers="">1</EventID>
<Version>0</Version>
<Level>0</Level>
<Task>1</Task>
<Opcode>0</Opcode>
<Keywords>0x8000000000000000</Keywords>
<TimeCreated SystemTime="2015-05-25 08:23:48.279890"></TimeCreated>
<EventRecordID>3829</EventRecordID>
<Correlation ActivityID="" RelatedActivityID=""></Correlation>
<Execution ProcessID="6868" ThreadID="4016"></Execution>
<Channel>Setup</Channel>
<Computer>b99902049-PC</Computer>
<Security UserID="S-1-5-18"></Security>
</System>
<UserData><CbsPackageInitiateChanges xmlns="http://manifests.microsoft.com/win/2004/08/windows/setup_provider"><PackageIdentifier>KB3054169</PackageIdentifier>
<InitialPackageState>Absent</InitialPackageState>
<IntendedPackageState>Staged</IntendedPackageState>
<Client>WindowsUpdateAgent</Client>
</CbsPackageInitiateChanges>
</UserData>
</Event>

<Event xmlns="http://schemas.microsoft.com/win/2004/08/events/event"><System><Provider Name="Microsoft-Windows-Servicing" Guid="bd12f3b8-fc40-4a61-a307-b7a013a069c1"></Provider>
<EventID Qualifiers="">3</EventID>
<Version>0</Version>
<Level>0</Level>
<Task>1</Task>
<Opcode>0</Opcode>
<Keywords>0x8000000000000000</Keywords>
<TimeCreated SystemTime="2015-05-25 08:23:49.227520"></TimeCreated>
<EventRecordID>3830</EventRecordID>
<Correlation ActivityID="" RelatedActivityID=""></Correlation>
<Execution ProcessID="6868" ThreadID="4016"></Execution>
<Channel>Setup</Channel>
<Computer>b99902049-PC</Computer>
<Security UserID="S-1-5-18"></Security>
</System>
<UserData><CbsPackageChangeState xmlns="http://manifests.microsoft.com/win/2004/08/windows/setup_provider"><PackageIdentifier>KB3054169</PackageIdentifier>
<IntendedPackageState>Staged</IntendedPackageState>
<ErrorCode>0x800f0816</ErrorCode>
<Client>WindowsUpdateAgent</Client>
</CbsPackageChangeState>
</UserData>
</Event>

<Event xmlns="http://schemas.microsoft.com/win/2004/08/events/event"><System><Provider Name="Microsoft-Windows-Servicing" Guid="bd12f3b8-fc40-4a61-a307-b7a013a069c1"></Provider>
<EventID Qualifiers="">1</EventID>
<Version>0</Version>
<Level>0</Level>
<Task>1</Task>
<Opcode>0</Opcode>
<Keywords>0x8000000000000000</Keywords>
<TimeCreated SystemTime="2015-05-25 08:23:51.100761"></TimeCreated>
<EventRecordID>3831</EventRecordID>
<Correlation ActivityID="" RelatedActivityID=""></Correlation>
<Execution ProcessID="6868" ThreadID="4016"></Execution>
<Channel>Setup</Channel>
<Computer>b99902049-PC</Computer>
<Security UserID="S-1-5-18"></Security>
</System>
<UserData><CbsPackageInitiateChanges xmlns="http://manifests.microsoft.com/win/2004/08/windows/setup_provider"><PackageIdentifier>KB3045719</PackageIdentifier>
<InitialPackageState>Absent</InitialPackageState>
<IntendedPackageState>Staged</IntendedPackageState>
<Client>WindowsUpdateAgent</Client>
</CbsPackageInitiateChanges>
</UserData>
</Event>

<Event xmlns="http://schemas.microsoft.com/win/2004/08/events/event"><System><Provider Name="Microsoft-Windows-Servicing" Guid="bd12f3b8-fc40-4a61-a307-b7a013a069c1"></Provider>
<EventID Qualifiers="">3</EventID>
<Version>0</Version>
<Level>0</Level>
<Task>1</Task>
<Opcode>0</Opcode>
<Keywords>0x8000000000000000</Keywords>
<TimeCreated SystemTime="2015-05-25 08:23:52.180477"></TimeCreated>
<EventRecordID>3832</EventRecordID>
<Correlation ActivityID="" RelatedActivityID=""></Correlation>
<Execution ProcessID="6868" ThreadID="4016"></Execution>
<Channel>Setup</Channel>
<Computer>b99902049-PC</Computer>
<Security UserID="S-1-5-18"></Security>
</System>
<UserData><CbsPackageChangeState xmlns="http://manifests.microsoft.com/win/2004/08/windows/setup_provider"><PackageIdentifier>KB3045719</PackageIdentifier>
<IntendedPackageState>Staged</IntendedPackageState>
<ErrorCode>0x800f0816</ErrorCode>
<Client>WindowsUpdateAgent</Client>
</CbsPackageChangeState>
</UserData>
</Event>

<Event xmlns="http://schemas.microsoft.com/win/2004/08/events/event"><System><Provider Name="Microsoft-Windows-Servicing" Guid="bd12f3b8-fc40-4a61-a307-b7a013a069c1"></Provider>
<EventID Qualifiers="">1</EventID>
<Version>0</Version>
<Level>0</Level>
<Task>1</Task>
<Opcode>0</Opcode>
<Keywords>0x8000000000000000</Keywords>
<TimeCreated SystemTime="2015-05-25 08:23:53.909626"></TimeCreated>
<EventRecordID>3833</EventRecordID>
<Correlation ActivityID="" RelatedActivityID=""></Correlation>
<Execution ProcessID="6868" ThreadID="4016"></Execution>
<Channel>Setup</Channel>
<Computer>b99902049-PC</Computer>
<Security UserID="S-1-5-18"></Security>
</System>
<UserData><CbsPackageInitiateChanges xmlns="http://manifests.microsoft.com/win/2004/08/windows/setup_provider"><PackageIdentifier>KB3048043</PackageIdentifier>
<InitialPackageState>Absent</InitialPackageState>
<IntendedPackageState>Staged</IntendedPackageState>
<Client>WindowsUpdateAgent</Client>
</CbsPackageInitiateChanges>
</UserData>
</Event>

<Event xmlns="http://schemas.microsoft.com/win/2004/08/events/event"><System><Provider Name="Microsoft-Windows-Servicing" Guid="bd12f3b8-fc40-4a61-a307-b7a013a069c1"></Provider>
<EventID Qualifiers="">3</EventID>
<Version>0</Version>
<Level>0</Level>
<Task>1</Task>
<Opcode>0</Opcode>
<Keywords>0x8000000000000000</Keywords>
<TimeCreated SystemTime="2015-05-25 08:23:55.208488"></TimeCreated>
<EventRecordID>3834</EventRecordID>
<Correlation ActivityID="" RelatedActivityID=""></Correlation>
<Execution ProcessID="6868" ThreadID="4016"></Execution>
<Channel>Setup</Channel>
<Computer>b99902049-PC</Computer>
<Security UserID="S-1-5-18"></Security>
</System>
<UserData><CbsPackageChangeState xmlns="http://manifests.microsoft.com/win/2004/08/windows/setup_provider"><PackageIdentifier>KB3048043</PackageIdentifier>
<IntendedPackageState>Staged</IntendedPackageState>
<ErrorCode>0x800f0816</ErrorCode>
<Client>WindowsUpdateAgent</Client>
</CbsPackageChangeState>
</UserData>
</Event>

<Event xmlns="http://schemas.microsoft.com/win/2004/08/events/event"><System><Provider Name="Microsoft-Windows-Servicing" Guid="bd12f3b8-fc40-4a61-a307-b7a013a069c1"></Provider>
<EventID Qualifiers="">1</EventID>
<Version>0</Version>
<Level>0</Level>
<Task>1</Task>
<Opcode>0</Opcode>
<Keywords>0x8000000000000000</Keywords>
<TimeCreated SystemTime="2015-05-25 08:23:56.840572"></TimeCreated>
<EventRecordID>3835</EventRecordID>
<Correlation ActivityID="" RelatedActivityID=""></Correlation>
<Execution ProcessID="6868" ThreadID="4016"></Execution>
<Channel>Setup</Channel>
<Computer>b99902049-PC</Computer>
<Security UserID="S-1-5-18"></Security>
</System>
<UserData><CbsPackageInitiateChanges xmlns="http://manifests.microsoft.com/win/2004/08/windows/setup_provider"><PackageIdentifier>KB3046480</PackageIdentifier>
<InitialPackageState>Absent</InitialPackageState>
<IntendedPackageState>Staged</IntendedPackageState>
<Client>WindowsUpdateAgent</Client>
</CbsPackageInitiateChanges>
</UserData>
</Event>

<Event xmlns="http://schemas.microsoft.com/win/2004/08/events/event"><System><Provider Name="Microsoft-Windows-Servicing" Guid="bd12f3b8-fc40-4a61-a307-b7a013a069c1"></Provider>
<EventID Qualifiers="">3</EventID>
<Version>0</Version>
<Level>0</Level>
<Task>1</Task>
<Opcode>0</Opcode>
<Keywords>0x8000000000000000</Keywords>
<TimeCreated SystemTime="2015-05-25 08:23:57.729160"></TimeCreated>
<EventRecordID>3836</EventRecordID>
<Correlation ActivityID="" RelatedActivityID=""></Correlation>
<Execution ProcessID="6868" ThreadID="4016"></Execution>
<Channel>Setup</Channel>
<Computer>b99902049-PC</Computer>
<Security UserID="S-1-5-18"></Security>
</System>
<UserData><CbsPackageChangeState xmlns="http://manifests.microsoft.com/win/2004/08/windows/setup_provider"><PackageIdentifier>KB3046480</PackageIdentifier>
<IntendedPackageState>Staged</IntendedPackageState>
<ErrorCode>0x800f0816</ErrorCode>
<Client>WindowsUpdateAgent</Client>
</CbsPackageChangeState>
</UserData>
</Event>

<Event xmlns="http://schemas.microsoft.com/win/2004/08/events/event"><System><Provider Name="Microsoft-Windows-Servicing" Guid="bd12f3b8-fc40-4a61-a307-b7a013a069c1"></Provider>
<EventID Qualifiers="">1</EventID>
<Version>0</Version>
<Level>0</Level>
<Task>1</Task>
<Opcode>0</Opcode>
<Keywords>0x8000000000000000</Keywords>
<TimeCreated SystemTime="2015-05-25 08:23:59.285192"></TimeCreated>
<EventRecordID>3837</EventRecordID>
<Correlation ActivityID="" RelatedActivityID=""></Correlation>
<Execution ProcessID="6868" ThreadID="4016"></Execution>
<Channel>Setup</Channel>
<Computer>b99902049-PC</Computer>
<Security UserID="S-1-5-18"></Security>
</System>
<UserData><CbsPackageInitiateChanges xmlns="http://manifests.microsoft.com/win/2004/08/windows/setup_provider"><PackageIdentifier>KB3013538</PackageIdentifier>
<InitialPackageState>Absent</InitialPackageState>
<IntendedPackageState>Staged</IntendedPackageState>
<Client>WindowsUpdateAgent</Client>
</CbsPackageInitiateChanges>
</UserData>
</Event>

<Event xmlns="http://schemas.microsoft.com/win/2004/08/events/event"><System><Provider Name="Microsoft-Windows-Servicing" Guid="bd12f3b8-fc40-4a61-a307-b7a013a069c1"></Provider>
<EventID Qualifiers="">3</EventID>
<Version>0</Version>
<Level>0</Level>
<Task>1</Task>
<Opcode>0</Opcode>
<Keywords>0x8000000000000000</Keywords>
<TimeCreated SystemTime="2015-05-25 08:24:03.476974"></TimeCreated>
<EventRecordID>3838</EventRecordID>
<Correlation ActivityID="" RelatedActivityID=""></Correlation>
<Execution ProcessID="6868" ThreadID="4016"></Execution>
<Channel>Setup</Channel>
<Computer>b99902049-PC</Computer>
<Security UserID="S-1-5-18"></Security>
</System>
<UserData><CbsPackageChangeState xmlns="http://manifests.microsoft.com/win/2004/08/windows/setup_provider"><PackageIdentifier>KB3013538</PackageIdentifier>
<IntendedPackageState>Staged</IntendedPackageState>
<ErrorCode>0x800f0816</ErrorCode>
<Client>WindowsUpdateAgent</Client>
</CbsPackageChangeState>
</UserData>
</Event>

<Event xmlns="http://schemas.microsoft.com/win/2004/08/events/event"><System><Provider Name="Microsoft-Windows-Servicing" Guid="bd12f3b8-fc40-4a61-a307-b7a013a069c1"></Provider>
<EventID Qualifiers="">1</EventID>
<Version>0</Version>
<Level>0</Level>
<Task>1</Task>
<Opcode>0</Opcode>
<Keywords>0x8000000000000000</Keywords>
<TimeCreated SystemTime="2015-05-25 08:24:55.554529"></TimeCreated>
<EventRecordID>3839</EventRecordID>
<Correlation ActivityID="" RelatedActivityID=""></Correlation>
<Execution ProcessID="6868" ThreadID="4016"></Execution>
<Channel>Setup</Channel>
<Computer>b99902049-PC</Computer>
<Security UserID="S-1-5-18"></Security>
</System>
<UserData><CbsPackageInitiateChanges xmlns="http://manifests.microsoft.com/win/2004/08/windows/setup_provider"><PackageIdentifier>KB3015696</PackageIdentifier>
<InitialPackageState>Absent</InitialPackageState>
<IntendedPackageState>Staged</IntendedPackageState>
<Client>WindowsUpdateAgent</Client>
</CbsPackageInitiateChanges>
</UserData>
</Event>

<Event xmlns="http://schemas.microsoft.com/win/2004/08/events/event"><System><Provider Name="Microsoft-Windows-Servicing" Guid="bd12f3b8-fc40-4a61-a307-b7a013a069c1"></Provider>
<EventID Qualifiers="">3</EventID>
<Version>0</Version>
<Level>0</Level>
<Task>1</Task>
<Opcode>0</Opcode>
<Keywords>0x8000000000000000</Keywords>
<TimeCreated SystemTime="2015-05-25 08:24:57.345716"></TimeCreated>
<EventRecordID>3840</EventRecordID>
<Correlation ActivityID="" RelatedActivityID=""></Correlation>
<Execution ProcessID="6868" ThreadID="4016"></Execution>
<Channel>Setup</Channel>
<Computer>b99902049-PC</Computer>
<Security UserID="S-1-5-18"></Security>
</System>
<UserData><CbsPackageChangeState xmlns="http://manifests.microsoft.com/win/2004/08/windows/setup_provider"><PackageIdentifier>KB3015696</PackageIdentifier>
<IntendedPackageState>Staged</IntendedPackageState>
<ErrorCode>0x800f0816</ErrorCode>
<Client>WindowsUpdateAgent</Client>
</CbsPackageChangeState>
</UserData>
</Event>

<Event xmlns="http://schemas.microsoft.com/win/2004/08/events/event"><System><Provider Name="Microsoft-Windows-Servicing" Guid="bd12f3b8-fc40-4a61-a307-b7a013a069c1"></Provider>
<EventID Qualifiers="">1</EventID>
<Version>0</Version>
<Level>0</Level>
<Task>1</Task>
<Opcode>0</Opcode>
<Keywords>0x8000000000000000</Keywords>
<TimeCreated SystemTime="2015-05-25 08:24:58.898750"></TimeCreated>
<EventRecordID>3841</EventRecordID>
<Correlation ActivityID="" RelatedActivityID=""></Correlation>
<Execution ProcessID="6868" ThreadID="4016"></Execution>
<Channel>Setup</Channel>
<Computer>b99902049-PC</Computer>
<Security UserID="S-1-5-18"></Security>
</System>
<UserData><CbsPackageInitiateChanges xmlns="http://manifests.microsoft.com/win/2004/08/windows/setup_provider"><PackageIdentifier>KB3047254</PackageIdentifier>
<InitialPackageState>Absent</InitialPackageState>
<IntendedPackageState>Staged</IntendedPackageState>
<Client>WindowsUpdateAgent</Client>
</CbsPackageInitiateChanges>
</UserData>
</Event>

<Event xmlns="http://schemas.microsoft.com/win/2004/08/events/event"><System><Provider Name="Microsoft-Windows-Servicing" Guid="bd12f3b8-fc40-4a61-a307-b7a013a069c1"></Provider>
<EventID Qualifiers="">3</EventID>
<Version>0</Version>
<Level>0</Level>
<Task>1</Task>
<Opcode>0</Opcode>
<Keywords>0x8000000000000000</Keywords>
<TimeCreated SystemTime="2015-05-25 08:24:59.580198"></TimeCreated>
<EventRecordID>3842</EventRecordID>
<Correlation ActivityID="" RelatedActivityID=""></Correlation>
<Execution ProcessID="6868" ThreadID="4016"></Execution>
<Channel>Setup</Channel>
<Computer>b99902049-PC</Computer>
<Security UserID="S-1-5-18"></Security>
</System>
<UserData><CbsPackageChangeState xmlns="http://manifests.microsoft.com/win/2004/08/windows/setup_provider"><PackageIdentifier>KB3047254</PackageIdentifier>
<IntendedPackageState>Staged</IntendedPackageState>
<ErrorCode>0x800f0816</ErrorCode>
<Client>WindowsUpdateAgent</Client>
</CbsPackageChangeState>
</UserData>
</Event>

<Event xmlns="http://schemas.microsoft.com/win/2004/08/events/event"><System><Provider Name="Microsoft-Windows-Servicing" Guid="bd12f3b8-fc40-4a61-a307-b7a013a069c1"></Provider>
<EventID Qualifiers="">1</EventID>
<Version>0</Version>
<Level>0</Level>
<Task>1</Task>
<Opcode>0</Opcode>
<Keywords>0x8000000000000000</Keywords>
<TimeCreated SystemTime="2015-05-25 08:25:01.307344"></TimeCreated>
<EventRecordID>3843</EventRecordID>
<Correlation ActivityID="" RelatedActivityID=""></Correlation>
<Execution ProcessID="6868" ThreadID="4016"></Execution>
<Channel>Setup</Channel>
<Computer>b99902049-PC</Computer>
<Security UserID="S-1-5-18"></Security>
</System>
<UserData><CbsPackageInitiateChanges xmlns="http://manifests.microsoft.com/win/2004/08/windows/setup_provider"><PackageIdentifier>KB3047255</PackageIdentifier>
<InitialPackageState>Absent</InitialPackageState>
<IntendedPackageState>Staged</IntendedPackageState>
<Client>WindowsUpdateAgent</Client>
</CbsPackageInitiateChanges>
</UserData>
</Event>

<Event xmlns="http://schemas.microsoft.com/win/2004/08/events/event"><System><Provider Name="Microsoft-Windows-Servicing" Guid="bd12f3b8-fc40-4a61-a307-b7a013a069c1"></Provider>
<EventID Qualifiers="">3</EventID>
<Version>0</Version>
<Level>0</Level>
<Task>1</Task>
<Opcode>0</Opcode>
<Keywords>0x8000000000000000</Keywords>
<TimeCreated SystemTime="2015-05-25 08:25:01.996801"></TimeCreated>
<EventRecordID>3844</EventRecordID>
<Correlation ActivityID="" RelatedActivityID=""></Correlation>
<Execution ProcessID="6868" ThreadID="4016"></Execution>
<Channel>Setup</Channel>
<Computer>b99902049-PC</Computer>
<Security UserID="S-1-5-18"></Security>
</System>
<UserData><CbsPackageChangeState xmlns="http://manifests.microsoft.com/win/2004/08/windows/setup_provider"><PackageIdentifier>KB3047255</PackageIdentifier>
<IntendedPackageState>Staged</IntendedPackageState>
<ErrorCode>0x800f0816</ErrorCode>
<Client>WindowsUpdateAgent</Client>
</CbsPackageChangeState>
</UserData>
</Event>

<Event xmlns="http://schemas.microsoft.com/win/2004/08/events/event"><System><Provider Name="Microsoft-Windows-Servicing" Guid="bd12f3b8-fc40-4a61-a307-b7a013a069c1"></Provider>
<EventID Qualifiers="">1</EventID>
<Version>0</Version>
<Level>0</Level>
<Task>1</Task>
<Opcode>0</Opcode>
<Keywords>0x8000000000000000</Keywords>
<TimeCreated SystemTime="2015-05-25 08:32:21.518431"></TimeCreated>
<EventRecordID>3845</EventRecordID>
<Correlation ActivityID="" RelatedActivityID=""></Correlation>
<Execution ProcessID="4072" ThreadID="6876"></Execution>
<Channel>Setup</Channel>
<Computer>b99902049-PC</Computer>
<Security UserID="S-1-5-18"></Security>
</System>
<UserData><CbsPackageInitiateChanges xmlns="http://manifests.microsoft.com/win/2004/08/windows/setup_provider"><PackageIdentifier>KB3038701</PackageIdentifier>
<InitialPackageState>Absent</InitialPackageState>
<IntendedPackageState>Installed</IntendedPackageState>
<Client>WindowsUpdateAgent</Client>
</CbsPackageInitiateChanges>
</UserData>
</Event>

<Event xmlns="http://schemas.microsoft.com/win/2004/08/events/event"><System><Provider Name="Microsoft-Windows-Servicing" Guid="bd12f3b8-fc40-4a61-a307-b7a013a069c1"></Provider>
<EventID Qualifiers="">1</EventID>
<Version>0</Version>
<Level>0</Level>
<Task>1</Task>
<Opcode>0</Opcode>
<Keywords>0x8000000000000000</Keywords>
<TimeCreated SystemTime="2015-05-25 11:02:08.084328"></TimeCreated>
<EventRecordID>3846</EventRecordID>
<Correlation ActivityID="" RelatedActivityID=""></Correlation>
<Execution ProcessID="3444" ThreadID="6352"></Execution>
<Channel>Setup</Channel>
<Computer>b99902049-PC</Computer>
<Security UserID="S-1-5-18"></Security>
</System>
<UserData><CbsPackageInitiateChanges xmlns="http://manifests.microsoft.com/win/2004/08/windows/setup_provider"><PackageIdentifier>KB3047276</PackageIdentifier>
<InitialPackageState>Resolved</InitialPackageState>
<IntendedPackageState>Installed</IntendedPackageState>
<Client>WindowsUpdateAgent</Client>
</CbsPackageInitiateChanges>
</UserData>
</Event>

<Event xmlns="http://schemas.microsoft.com/win/2004/08/events/event"><System><Provider Name="Microsoft-Windows-Servicing" Guid="bd12f3b8-fc40-4a61-a307-b7a013a069c1"></Provider>
<EventID Qualifiers="">2</EventID>
<Version>0</Version>
<Level>0</Level>
<Task>1</Task>
<Opcode>0</Opcode>
<Keywords>0x8000000000000000</Keywords>
<TimeCreated SystemTime="2015-05-25 11:02:10.738087"></TimeCreated>
<EventRecordID>3847</EventRecordID>
<Correlation ActivityID="" RelatedActivityID=""></Correlation>
<Execution ProcessID="3444" ThreadID="6352"></Execution>
<Channel>Setup</Channel>
<Computer>b99902049-PC</Computer>
<Security UserID="S-1-5-18"></Security>
</System>
<UserData><CbsPackageChangeState xmlns="http://manifests.microsoft.com/win/2004/08/windows/setup_provider"><PackageIdentifier>KB3047276</PackageIdentifier>
<IntendedPackageState>Installed</IntendedPackageState>
<ErrorCode>0x0</ErrorCode>
<Client>WindowsUpdateAgent</Client>
</CbsPackageChangeState>
</UserData>
</Event>

<Event xmlns="http://schemas.microsoft.com/win/2004/08/events/event"><System><Provider Name="Microsoft-Windows-Servicing" Guid="bd12f3b8-fc40-4a61-a307-b7a013a069c1"></Provider>
<EventID Qualifiers="">1</EventID>
<Version>0</Version>
<Level>0</Level>
<Task>1</Task>
<Opcode>0</Opcode>
<Keywords>0x8000000000000000</Keywords>
<TimeCreated SystemTime="2015-05-25 11:02:11.088322"></TimeCreated>
<EventRecordID>3848</EventRecordID>
<Correlation ActivityID="" RelatedActivityID=""></Correlation>
<Execution ProcessID="3444" ThreadID="6352"></Execution>
<Channel>Setup</Channel>
<Computer>b99902049-PC</Computer>
<Security UserID="S-1-5-18"></Security>
</System>
<UserData><CbsPackageInitiateChanges xmlns="http://manifests.microsoft.com/win/2004/08/windows/setup_provider"><PackageIdentifier>KB3013531</PackageIdentifier>
<InitialPackageState>Resolved</InitialPackageState>
<IntendedPackageState>Installed</IntendedPackageState>
<Client>WindowsUpdateAgent</Client>
</CbsPackageInitiateChanges>
</UserData>
</Event>

<Event xmlns="http://schemas.microsoft.com/win/2004/08/events/event"><System><Provider Name="Microsoft-Windows-Servicing" Guid="bd12f3b8-fc40-4a61-a307-b7a013a069c1"></Provider>
<EventID Qualifiers="">1</EventID>
<Version>0</Version>
<Level>0</Level>
<Task>1</Task>
<Opcode>0</Opcode>
<Keywords>0x8000000000000000</Keywords>
<TimeCreated SystemTime="2015-05-25 11:03:39.333872"></TimeCreated>
<EventRecordID>3849</EventRecordID>
<Correlation ActivityID="" RelatedActivityID=""></Correlation>
<Execution ProcessID="3444" ThreadID="6352"></Execution>
<Channel>Setup</Channel>
<Computer>b99902049-PC</Computer>
<Security UserID="S-1-5-18"></Security>
</System>
<UserData><CbsPackageInitiateChanges xmlns="http://manifests.microsoft.com/win/2004/08/windows/setup_provider"><PackageIdentifier>KB3033446</PackageIdentifier>
<InitialPackageState>Resolved</InitialPackageState>
<IntendedPackageState>Installed</IntendedPackageState>
<Client>WindowsUpdateAgent</Client>
</CbsPackageInitiateChanges>
</UserData>
</Event>

<Event xmlns="http://schemas.microsoft.com/win/2004/08/events/event"><System><Provider Name="Microsoft-Windows-Servicing" Guid="bd12f3b8-fc40-4a61-a307-b7a013a069c1"></Provider>
<EventID Qualifiers="">1</EventID>
<Version>0</Version>
<Level>0</Level>
<Task>1</Task>
<Opcode>0</Opcode>
<Keywords>0x8000000000000000</Keywords>
<TimeCreated SystemTime="2015-05-25 11:03:40.442610"></TimeCreated>
<EventRecordID>3850</EventRecordID>
<Correlation ActivityID="" RelatedActivityID=""></Correlation>
<Execution ProcessID="3444" ThreadID="6352"></Execution>
<Channel>Setup</Channel>
<Computer>b99902049-PC</Computer>
<Security UserID="S-1-5-18"></Security>
</System>
<UserData><CbsPackageInitiateChanges xmlns="http://manifests.microsoft.com/win/2004/08/windows/setup_provider"><PackageIdentifier>KB3038002</PackageIdentifier>
<InitialPackageState>Resolved</InitialPackageState>
<IntendedPackageState>Installed</IntendedPackageState>
<Client>WindowsUpdateAgent</Client>
</CbsPackageInitiateChanges>
</UserData>
</Event>

<Event xmlns="http://schemas.microsoft.com/win/2004/08/events/event"><System><Provider Name="Microsoft-Windows-Servicing" Guid="bd12f3b8-fc40-4a61-a307-b7a013a069c1"></Provider>
<EventID Qualifiers="">1</EventID>
<Version>0</Version>
<Level>0</Level>
<Task>1</Task>
<Opcode>0</Opcode>
<Keywords>0x8000000000000000</Keywords>
<TimeCreated SystemTime="2015-05-25 11:03:41.376228"></TimeCreated>
<EventRecordID>3851</EventRecordID>
<Correlation ActivityID="" RelatedActivityID=""></Correlation>
<Execution ProcessID="3444" ThreadID="6352"></Execution>
<Channel>Setup</Channel>
<Computer>b99902049-PC</Computer>
<Security UserID="S-1-5-18"></Security>
</System>
<UserData><CbsPackageInitiateChanges xmlns="http://manifests.microsoft.com/win/2004/08/windows/setup_provider"><PackageIdentifier>KB3048097</PackageIdentifier>
<InitialPackageState>Resolved</InitialPackageState>
<IntendedPackageState>Installed</IntendedPackageState>
<Client>WindowsUpdateAgent</Client>
</CbsPackageInitiateChanges>
</UserData>
</Event>

<Event xmlns="http://schemas.microsoft.com/win/2004/08/events/event"><System><Provider Name="Microsoft-Windows-Servicing" Guid="bd12f3b8-fc40-4a61-a307-b7a013a069c1"></Provider>
<EventID Qualifiers="">2</EventID>
<Version>0</Version>
<Level>0</Level>
<Task>1</Task>
<Opcode>0</Opcode>
<Keywords>0x8000000000000000</Keywords>
<TimeCreated SystemTime="2015-05-25 11:04:45.163549"></TimeCreated>
<EventRecordID>3852</EventRecordID>
<Correlation ActivityID="" RelatedActivityID=""></Correlation>
<Execution ProcessID="3444" ThreadID="6352"></Execution>
<Channel>Setup</Channel>
<Computer>b99902049-PC</Computer>
<Security UserID="S-1-5-18"></Security>
</System>
<UserData><CbsPackageChangeState xmlns="http://manifests.microsoft.com/win/2004/08/windows/setup_provider"><PackageIdentifier>KB3048097</PackageIdentifier>
<IntendedPackageState>Installed</IntendedPackageState>
<ErrorCode>0x0</ErrorCode>
<Client>WindowsUpdateAgent</Client>
</CbsPackageChangeState>
</UserData>
</Event>

