<Event xmlns="http://schemas.microsoft.com/win/2004/08/events/event"><System><Provider Name="Microsoft-Windows-Servicing" Guid="bd12f3b8-fc40-4a61-a307-b7a013a069c1"></Provider>
<EventID Qualifiers="">2</EventID>
<Version>0</Version>
<Level>0</Level>
<Task>1</Task>
<Opcode>0</Opcode>
<Keywords>0x8000000000000000</Keywords>
<TimeCreated SystemTime="2014-11-22 07:16:43.741611"></TimeCreated>
<EventRecordID>2953</EventRecordID>
<Correlation ActivityID="" RelatedActivityID=""></Correlation>
<Execution ProcessID="1124" ThreadID="1136"></Execution>
<Channel>Setup</Channel>
<Computer>b99902049-PC</Computer>
<Security UserID="S-1-5-18"></Security>
</System>
<UserData><CbsPackageChangeState xmlns="http://manifests.microsoft.com/win/2004/08/windows/setup_provider"><PackageIdentifier>KB3003057</PackageIdentifier>
<IntendedPackageState>Installed</IntendedPackageState>
<ErrorCode>0x0</ErrorCode>
<Client>WindowsUpdateAgent</Client>
</CbsPackageChangeState>
</UserData>
</Event>

<Event xmlns="http://schemas.microsoft.com/win/2004/08/events/event"><System><Provider Name="Microsoft-Windows-Servicing" Guid="bd12f3b8-fc40-4a61-a307-b7a013a069c1"></Provider>
<EventID Qualifiers="">2</EventID>
<Version>0</Version>
<Level>0</Level>
<Task>1</Task>
<Opcode>0</Opcode>
<Keywords>0x8000000000000000</Keywords>
<TimeCreated SystemTime="2014-11-22 07:16:43.866617"></TimeCreated>
<EventRecordID>2954</EventRecordID>
<Correlation ActivityID="" RelatedActivityID=""></Correlation>
<Execution ProcessID="1124" ThreadID="1136"></Execution>
<Channel>Setup</Channel>
<Computer>b99902049-PC</Computer>
<Security UserID="S-1-5-18"></Security>
</System>
<UserData><CbsPackageChangeState xmlns="http://manifests.microsoft.com/win/2004/08/windows/setup_provider"><PackageIdentifier>KB3006226</PackageIdentifier>
<IntendedPackageState>Installed</IntendedPackageState>
<ErrorCode>0x0</ErrorCode>
<Client>WindowsUpdateAgent</Client>
</CbsPackageChangeState>
</UserData>
</Event>

<Event xmlns="http://schemas.microsoft.com/win/2004/08/events/event"><System><Provider Name="Microsoft-Windows-Servicing" Guid="bd12f3b8-fc40-4a61-a307-b7a013a069c1"></Provider>
<EventID Qualifiers="">2</EventID>
<Version>0</Version>
<Level>0</Level>
<Task>1</Task>
<Opcode>0</Opcode>
<Keywords>0x8000000000000000</Keywords>
<TimeCreated SystemTime="2014-11-22 07:16:43.944767"></TimeCreated>
<EventRecordID>2955</EventRecordID>
<Correlation ActivityID="" RelatedActivityID=""></Correlation>
<Execution ProcessID="1124" ThreadID="1136"></Execution>
<Channel>Setup</Channel>
<Computer>b99902049-PC</Computer>
<Security UserID="S-1-5-18"></Security>
</System>
<UserData><CbsPackageChangeState xmlns="http://manifests.microsoft.com/win/2004/08/windows/setup_provider"><PackageIdentifier>KB3008188</PackageIdentifier>
<IntendedPackageState>Installed</IntendedPackageState>
<ErrorCode>0x0</ErrorCode>
<Client>WindowsUpdateAgent</Client>
</CbsPackageChangeState>
</UserData>
</Event>

<Event xmlns="http://schemas.microsoft.com/win/2004/08/events/event"><System><Provider Name="Microsoft-Windows-Servicing" Guid="bd12f3b8-fc40-4a61-a307-b7a013a069c1"></Provider>
<EventID Qualifiers="">2</EventID>
<Version>0</Version>
<Level>0</Level>
<Task>1</Task>
<Opcode>0</Opcode>
<Keywords>0x8000000000000000</Keywords>
<TimeCreated SystemTime="2014-11-22 07:16:44.038506"></TimeCreated>
<EventRecordID>2956</EventRecordID>
<Correlation ActivityID="" RelatedActivityID=""></Correlation>
<Execution ProcessID="1124" ThreadID="1136"></Execution>
<Channel>Setup</Channel>
<Computer>b99902049-PC</Computer>
<Security UserID="S-1-5-18"></Security>
</System>
<UserData><CbsPackageChangeState xmlns="http://manifests.microsoft.com/win/2004/08/windows/setup_provider"><PackageIdentifier>KB3003743</PackageIdentifier>
<IntendedPackageState>Installed</IntendedPackageState>
<ErrorCode>0x0</ErrorCode>
<Client>WindowsUpdateAgent</Client>
</CbsPackageChangeState>
</UserData>
</Event>

<Event xmlns="http://schemas.microsoft.com/win/2004/08/events/event"><System><Provider Name="Microsoft-Windows-Servicing" Guid="bd12f3b8-fc40-4a61-a307-b7a013a069c1"></Provider>
<EventID Qualifiers="">2</EventID>
<Version>0</Version>
<Level>0</Level>
<Task>1</Task>
<Opcode>0</Opcode>
<Keywords>0x8000000000000000</Keywords>
<TimeCreated SystemTime="2014-11-22 07:16:44.241634"></TimeCreated>
<EventRecordID>2957</EventRecordID>
<Correlation ActivityID="" RelatedActivityID=""></Correlation>
<Execution ProcessID="1124" ThreadID="1136"></Execution>
<Channel>Setup</Channel>
<Computer>b99902049-PC</Computer>
<Security UserID="S-1-5-18"></Security>
</System>
<UserData><CbsPackageChangeState xmlns="http://manifests.microsoft.com/win/2004/08/windows/setup_provider"><PackageIdentifier>KB3004150</PackageIdentifier>
<IntendedPackageState>Installed</IntendedPackageState>
<ErrorCode>0x0</ErrorCode>
<Client>WindowsUpdateAgent</Client>
</CbsPackageChangeState>
</UserData>
</Event>

<Event xmlns="http://schemas.microsoft.com/win/2004/08/events/event"><System><Provider Name="Microsoft-Windows-Servicing" Guid="bd12f3b8-fc40-4a61-a307-b7a013a069c1"></Provider>
<EventID Qualifiers="">2</EventID>
<Version>0</Version>
<Level>0</Level>
<Task>1</Task>
<Opcode>0</Opcode>
<Keywords>0x8000000000000000</Keywords>
<TimeCreated SystemTime="2014-11-22 07:16:44.351017"></TimeCreated>
<EventRecordID>2958</EventRecordID>
<Correlation ActivityID="" RelatedActivityID=""></Correlation>
<Execution ProcessID="1124" ThreadID="1136"></Execution>
<Channel>Setup</Channel>
<Computer>b99902049-PC</Computer>
<Security UserID="S-1-5-18"></Security>
</System>
<UserData><CbsPackageChangeState xmlns="http://manifests.microsoft.com/win/2004/08/windows/setup_provider"><PackageIdentifier>KB2978126</PackageIdentifier>
<IntendedPackageState>Installed</IntendedPackageState>
<ErrorCode>0x0</ErrorCode>
<Client>WindowsUpdateAgent</Client>
</CbsPackageChangeState>
</UserData>
</Event>

<Event xmlns="http://schemas.microsoft.com/win/2004/08/events/event"><System><Provider Name="Microsoft-Windows-Servicing" Guid="bd12f3b8-fc40-4a61-a307-b7a013a069c1"></Provider>
<EventID Qualifiers="">2</EventID>
<Version>0</Version>
<Level>0</Level>
<Task>1</Task>
<Opcode>0</Opcode>
<Keywords>0x8000000000000000</Keywords>
<TimeCreated SystemTime="2014-11-22 07:16:44.444771"></TimeCreated>
<EventRecordID>2959</EventRecordID>
<Correlation ActivityID="" RelatedActivityID=""></Correlation>
<Execution ProcessID="1124" ThreadID="1136"></Execution>
<Channel>Setup</Channel>
<Computer>b99902049-PC</Computer>
<Security UserID="S-1-5-18"></Security>
</System>
<UserData><CbsPackageChangeState xmlns="http://manifests.microsoft.com/win/2004/08/windows/setup_provider"><PackageIdentifier>KB3006178</PackageIdentifier>
<IntendedPackageState>Installed</IntendedPackageState>
<ErrorCode>0x0</ErrorCode>
<Client>WindowsUpdateAgent</Client>
</CbsPackageChangeState>
</UserData>
</Event>

<Event xmlns="http://schemas.microsoft.com/win/2004/08/events/event"><System><Provider Name="Microsoft-Windows-Servicing" Guid="bd12f3b8-fc40-4a61-a307-b7a013a069c1"></Provider>
<EventID Qualifiers="">2</EventID>
<Version>0</Version>
<Level>0</Level>
<Task>1</Task>
<Opcode>0</Opcode>
<Keywords>0x8000000000000000</Keywords>
<TimeCreated SystemTime="2014-11-22 07:16:44.476044"></TimeCreated>
<EventRecordID>2960</EventRecordID>
<Correlation ActivityID="" RelatedActivityID=""></Correlation>
<Execution ProcessID="1124" ThreadID="1136"></Execution>
<Channel>Setup</Channel>
<Computer>b99902049-PC</Computer>
<Security UserID="S-1-5-18"></Security>
</System>
<UserData><CbsPackageChangeState xmlns="http://manifests.microsoft.com/win/2004/08/windows/setup_provider"><PackageIdentifier>KB2992611</PackageIdentifier>
<IntendedPackageState>Installed</IntendedPackageState>
<ErrorCode>0x0</ErrorCode>
<Client>WindowsUpdateAgent</Client>
</CbsPackageChangeState>
</UserData>
</Event>

<Event xmlns="http://schemas.microsoft.com/win/2004/08/events/event"><System><Provider Name="Microsoft-Windows-Servicing" Guid="bd12f3b8-fc40-4a61-a307-b7a013a069c1"></Provider>
<EventID Qualifiers="">1</EventID>
<Version>0</Version>
<Level>0</Level>
<Task>1</Task>
<Opcode>0</Opcode>
<Keywords>0x8000000000000000</Keywords>
<TimeCreated SystemTime="2014-11-22 07:21:14.151178"></TimeCreated>
<EventRecordID>2961</EventRecordID>
<Correlation ActivityID="" RelatedActivityID=""></Correlation>
<Execution ProcessID="3256" ThreadID="6036"></Execution>
<Channel>Setup</Channel>
<Computer>b99902049-PC</Computer>
<Security UserID="S-1-5-18"></Security>
</System>
<UserData><CbsPackageInitiateChanges xmlns="http://manifests.microsoft.com/win/2004/08/windows/setup_provider"><PackageIdentifier>KB2976978</PackageIdentifier>
<InitialPackageState>Resolved</InitialPackageState>
<IntendedPackageState>Staged</IntendedPackageState>
<Client>WindowsUpdateAgent</Client>
</CbsPackageInitiateChanges>
</UserData>
</Event>

<Event xmlns="http://schemas.microsoft.com/win/2004/08/events/event"><System><Provider Name="Microsoft-Windows-Servicing" Guid="bd12f3b8-fc40-4a61-a307-b7a013a069c1"></Provider>
<EventID Qualifiers="">3</EventID>
<Version>0</Version>
<Level>0</Level>
<Task>1</Task>
<Opcode>0</Opcode>
<Keywords>0x8000000000000000</Keywords>
<TimeCreated SystemTime="2014-11-22 07:21:14.483400"></TimeCreated>
<EventRecordID>2962</EventRecordID>
<Correlation ActivityID="" RelatedActivityID=""></Correlation>
<Execution ProcessID="3256" ThreadID="6036"></Execution>
<Channel>Setup</Channel>
<Computer>b99902049-PC</Computer>
<Security UserID="S-1-5-18"></Security>
</System>
<UserData><CbsPackageChangeState xmlns="http://manifests.microsoft.com/win/2004/08/windows/setup_provider"><PackageIdentifier>KB2976978</PackageIdentifier>
<IntendedPackageState>Staged</IntendedPackageState>
<ErrorCode>0x800f0816</ErrorCode>
<Client>WindowsUpdateAgent</Client>
</CbsPackageChangeState>
</UserData>
</Event>

<Event xmlns="http://schemas.microsoft.com/win/2004/08/events/event"><System><Provider Name="Microsoft-Windows-Servicing" Guid="bd12f3b8-fc40-4a61-a307-b7a013a069c1"></Provider>
<EventID Qualifiers="">1</EventID>
<Version>0</Version>
<Level>0</Level>
<Task>1</Task>
<Opcode>0</Opcode>
<Keywords>0x8000000000000000</Keywords>
<TimeCreated SystemTime="2014-11-22 07:21:36.666162"></TimeCreated>
<EventRecordID>2963</EventRecordID>
<Correlation ActivityID="" RelatedActivityID=""></Correlation>
<Execution ProcessID="3256" ThreadID="6036"></Execution>
<Channel>Setup</Channel>
<Computer>b99902049-PC</Computer>
<Security UserID="S-1-5-18"></Security>
</System>
<UserData><CbsPackageInitiateChanges xmlns="http://manifests.microsoft.com/win/2004/08/windows/setup_provider"><PackageIdentifier>KB3003667</PackageIdentifier>
<InitialPackageState>Resolved</InitialPackageState>
<IntendedPackageState>Staged</IntendedPackageState>
<Client>WindowsUpdateAgent</Client>
</CbsPackageInitiateChanges>
</UserData>
</Event>

<Event xmlns="http://schemas.microsoft.com/win/2004/08/events/event"><System><Provider Name="Microsoft-Windows-Servicing" Guid="bd12f3b8-fc40-4a61-a307-b7a013a069c1"></Provider>
<EventID Qualifiers="">3</EventID>
<Version>0</Version>
<Level>0</Level>
<Task>1</Task>
<Opcode>0</Opcode>
<Keywords>0x8000000000000000</Keywords>
<TimeCreated SystemTime="2014-11-22 07:21:36.784243"></TimeCreated>
<EventRecordID>2964</EventRecordID>
<Correlation ActivityID="" RelatedActivityID=""></Correlation>
<Execution ProcessID="3256" ThreadID="6036"></Execution>
<Channel>Setup</Channel>
<Computer>b99902049-PC</Computer>
<Security UserID="S-1-5-18"></Security>
</System>
<UserData><CbsPackageChangeState xmlns="http://manifests.microsoft.com/win/2004/08/windows/setup_provider"><PackageIdentifier>KB3003667</PackageIdentifier>
<IntendedPackageState>Staged</IntendedPackageState>
<ErrorCode>0x800f0816</ErrorCode>
<Client>WindowsUpdateAgent</Client>
</CbsPackageChangeState>
</UserData>
</Event>

<Event xmlns="http://schemas.microsoft.com/win/2004/08/events/event"><System><Provider Name="Microsoft-Windows-Servicing" Guid="bd12f3b8-fc40-4a61-a307-b7a013a069c1"></Provider>
<EventID Qualifiers="">1</EventID>
<Version>0</Version>
<Level>0</Level>
<Task>1</Task>
<Opcode>0</Opcode>
<Keywords>0x8000000000000000</Keywords>
<TimeCreated SystemTime="2014-11-22 07:22:03.676138"></TimeCreated>
<EventRecordID>2965</EventRecordID>
<Correlation ActivityID="" RelatedActivityID=""></Correlation>
<Execution ProcessID="3256" ThreadID="6036"></Execution>
<Channel>Setup</Channel>
<Computer>b99902049-PC</Computer>
<Security UserID="S-1-5-18"></Security>
</System>
<UserData><CbsPackageInitiateChanges xmlns="http://manifests.microsoft.com/win/2004/08/windows/setup_provider"><PackageIdentifier>KB3008627</PackageIdentifier>
<InitialPackageState>Resolved</InitialPackageState>
<IntendedPackageState>Staged</IntendedPackageState>
<Client>WindowsUpdateAgent</Client>
</CbsPackageInitiateChanges>
</UserData>
</Event>

<Event xmlns="http://schemas.microsoft.com/win/2004/08/events/event"><System><Provider Name="Microsoft-Windows-Servicing" Guid="bd12f3b8-fc40-4a61-a307-b7a013a069c1"></Provider>
<EventID Qualifiers="">3</EventID>
<Version>0</Version>
<Level>0</Level>
<Task>1</Task>
<Opcode>0</Opcode>
<Keywords>0x8000000000000000</Keywords>
<TimeCreated SystemTime="2014-11-22 07:22:05.657455"></TimeCreated>
<EventRecordID>2966</EventRecordID>
<Correlation ActivityID="" RelatedActivityID=""></Correlation>
<Execution ProcessID="3256" ThreadID="6036"></Execution>
<Channel>Setup</Channel>
<Computer>b99902049-PC</Computer>
<Security UserID="S-1-5-18"></Security>
</System>
<UserData><CbsPackageChangeState xmlns="http://manifests.microsoft.com/win/2004/08/windows/setup_provider"><PackageIdentifier>KB3008627</PackageIdentifier>
<IntendedPackageState>Staged</IntendedPackageState>
<ErrorCode>0x800f0816</ErrorCode>
<Client>WindowsUpdateAgent</Client>
</CbsPackageChangeState>
</UserData>
</Event>

<Event xmlns="http://schemas.microsoft.com/win/2004/08/events/event"><System><Provider Name="Microsoft-Windows-Servicing" Guid="bd12f3b8-fc40-4a61-a307-b7a013a069c1"></Provider>
<EventID Qualifiers="">1</EventID>
<Version>0</Version>
<Level>0</Level>
<Task>1</Task>
<Opcode>0</Opcode>
<Keywords>0x8000000000000000</Keywords>
<TimeCreated SystemTime="2014-11-22 07:23:54.419836"></TimeCreated>
<EventRecordID>2967</EventRecordID>
<Correlation ActivityID="" RelatedActivityID=""></Correlation>
<Execution ProcessID="3256" ThreadID="6036"></Execution>
<Channel>Setup</Channel>
<Computer>b99902049-PC</Computer>
<Security UserID="S-1-5-18"></Security>
</System>
<UserData><CbsPackageInitiateChanges xmlns="http://manifests.microsoft.com/win/2004/08/windows/setup_provider"><PackageIdentifier>KB2976536</PackageIdentifier>
<InitialPackageState>Resolved</InitialPackageState>
<IntendedPackageState>Staged</IntendedPackageState>
<Client>WindowsUpdateAgent</Client>
</CbsPackageInitiateChanges>
</UserData>
</Event>

<Event xmlns="http://schemas.microsoft.com/win/2004/08/events/event"><System><Provider Name="Microsoft-Windows-Servicing" Guid="bd12f3b8-fc40-4a61-a307-b7a013a069c1"></Provider>
<EventID Qualifiers="">3</EventID>
<Version>0</Version>
<Level>0</Level>
<Task>1</Task>
<Opcode>0</Opcode>
<Keywords>0x8000000000000000</Keywords>
<TimeCreated SystemTime="2014-11-22 07:23:56.249052"></TimeCreated>
<EventRecordID>2968</EventRecordID>
<Correlation ActivityID="" RelatedActivityID=""></Correlation>
<Execution ProcessID="3256" ThreadID="6036"></Execution>
<Channel>Setup</Channel>
<Computer>b99902049-PC</Computer>
<Security UserID="S-1-5-18"></Security>
</System>
<UserData><CbsPackageChangeState xmlns="http://manifests.microsoft.com/win/2004/08/windows/setup_provider"><PackageIdentifier>KB2976536</PackageIdentifier>
<IntendedPackageState>Staged</IntendedPackageState>
<ErrorCode>0x800f0816</ErrorCode>
<Client>WindowsUpdateAgent</Client>
</CbsPackageChangeState>
</UserData>
</Event>

<Event xmlns="http://schemas.microsoft.com/win/2004/08/events/event"><System><Provider Name="Microsoft-Windows-Servicing" Guid="bd12f3b8-fc40-4a61-a307-b7a013a069c1"></Provider>
<EventID Qualifiers="">1</EventID>
<Version>0</Version>
<Level>0</Level>
<Task>1</Task>
<Opcode>0</Opcode>
<Keywords>0x8000000000000000</Keywords>
<TimeCreated SystemTime="2014-11-22 09:11:05.275621"></TimeCreated>
<EventRecordID>2969</EventRecordID>
<Correlation ActivityID="" RelatedActivityID=""></Correlation>
<Execution ProcessID="7052" ThreadID="5184"></Execution>
<Channel>Setup</Channel>
<Computer>b99902049-PC</Computer>
<Security UserID="S-1-5-18"></Security>
</System>
<UserData><CbsPackageInitiateChanges xmlns="http://manifests.microsoft.com/win/2004/08/windows/setup_provider"><PackageIdentifier>KB2976978</PackageIdentifier>
<InitialPackageState>Resolved</InitialPackageState>
<IntendedPackageState>Installed</IntendedPackageState>
<Client>WindowsUpdateAgent</Client>
</CbsPackageInitiateChanges>
</UserData>
</Event>

<Event xmlns="http://schemas.microsoft.com/win/2004/08/events/event"><System><Provider Name="Microsoft-Windows-Servicing" Guid="bd12f3b8-fc40-4a61-a307-b7a013a069c1"></Provider>
<EventID Qualifiers="">1</EventID>
<Version>0</Version>
<Level>0</Level>
<Task>1</Task>
<Opcode>0</Opcode>
<Keywords>0x8000000000000000</Keywords>
<TimeCreated SystemTime="2014-11-22 09:11:20.157522"></TimeCreated>
<EventRecordID>2970</EventRecordID>
<Correlation ActivityID="" RelatedActivityID=""></Correlation>
<Execution ProcessID="7052" ThreadID="5184"></Execution>
<Channel>Setup</Channel>
<Computer>b99902049-PC</Computer>
<Security UserID="S-1-5-18"></Security>
</System>
<UserData><CbsPackageInitiateChanges xmlns="http://manifests.microsoft.com/win/2004/08/windows/setup_provider"><PackageIdentifier>KB3003667</PackageIdentifier>
<InitialPackageState>Resolved</InitialPackageState>
<IntendedPackageState>Installed</IntendedPackageState>
<Client>WindowsUpdateAgent</Client>
</CbsPackageInitiateChanges>
</UserData>
</Event>

<Event xmlns="http://schemas.microsoft.com/win/2004/08/events/event"><System><Provider Name="Microsoft-Windows-Servicing" Guid="bd12f3b8-fc40-4a61-a307-b7a013a069c1"></Provider>
<EventID Qualifiers="">2</EventID>
<Version>0</Version>
<Level>0</Level>
<Task>1</Task>
<Opcode>0</Opcode>
<Keywords>0x8000000000000000</Keywords>
<TimeCreated SystemTime="2014-11-22 09:12:16.658720"></TimeCreated>
<EventRecordID>2971</EventRecordID>
<Correlation ActivityID="" RelatedActivityID=""></Correlation>
<Execution ProcessID="7052" ThreadID="5184"></Execution>
<Channel>Setup</Channel>
<Computer>b99902049-PC</Computer>
<Security UserID="S-1-5-18"></Security>
</System>
<UserData><CbsPackageChangeState xmlns="http://manifests.microsoft.com/win/2004/08/windows/setup_provider"><PackageIdentifier>KB3003667</PackageIdentifier>
<IntendedPackageState>Installed</IntendedPackageState>
<ErrorCode>0x0</ErrorCode>
<Client>WindowsUpdateAgent</Client>
</CbsPackageChangeState>
</UserData>
</Event>

<Event xmlns="http://schemas.microsoft.com/win/2004/08/events/event"><System><Provider Name="Microsoft-Windows-Servicing" Guid="bd12f3b8-fc40-4a61-a307-b7a013a069c1"></Provider>
<EventID Qualifiers="">1</EventID>
<Version>0</Version>
<Level>0</Level>
<Task>1</Task>
<Opcode>0</Opcode>
<Keywords>0x8000000000000000</Keywords>
<TimeCreated SystemTime="2014-11-22 09:12:18.092670"></TimeCreated>
<EventRecordID>2972</EventRecordID>
<Correlation ActivityID="" RelatedActivityID=""></Correlation>
<Execution ProcessID="7052" ThreadID="5184"></Execution>
<Channel>Setup</Channel>
<Computer>b99902049-PC</Computer>
<Security UserID="S-1-5-18"></Security>
</System>
<UserData><CbsPackageInitiateChanges xmlns="http://manifests.microsoft.com/win/2004/08/windows/setup_provider"><PackageIdentifier>KB3008627</PackageIdentifier>
<InitialPackageState>Resolved</InitialPackageState>
<IntendedPackageState>Installed</IntendedPackageState>
<Client>WindowsUpdateAgent</Client>
</CbsPackageInitiateChanges>
</UserData>
</Event>

<Event xmlns="http://schemas.microsoft.com/win/2004/08/events/event"><System><Provider Name="Microsoft-Windows-Servicing" Guid="bd12f3b8-fc40-4a61-a307-b7a013a069c1"></Provider>
<EventID Qualifiers="">1</EventID>
<Version>0</Version>
<Level>0</Level>
<Task>1</Task>
<Opcode>0</Opcode>
<Keywords>0x8000000000000000</Keywords>
<TimeCreated SystemTime="2014-11-22 09:12:29.570309"></TimeCreated>
<EventRecordID>2973</EventRecordID>
<Correlation ActivityID="" RelatedActivityID=""></Correlation>
<Execution ProcessID="7052" ThreadID="5184"></Execution>
<Channel>Setup</Channel>
<Computer>b99902049-PC</Computer>
<Security UserID="S-1-5-18"></Security>
</System>
<UserData><CbsPackageInitiateChanges xmlns="http://manifests.microsoft.com/win/2004/08/windows/setup_provider"><PackageIdentifier>KB2976536</PackageIdentifier>
<InitialPackageState>Resolved</InitialPackageState>
<IntendedPackageState>Installed</IntendedPackageState>
<Client>WindowsUpdateAgent</Client>
</CbsPackageInitiateChanges>
</UserData>
</Event>

<Event xmlns="http://schemas.microsoft.com/win/2004/08/events/event"><System><Provider Name="Microsoft-Windows-Servicing" Guid="bd12f3b8-fc40-4a61-a307-b7a013a069c1"></Provider>
<EventID Qualifiers="">4</EventID>
<Version>0</Version>
<Level>0</Level>
<Task>1</Task>
<Opcode>0</Opcode>
<Keywords>0x8000000000000000</Keywords>
<TimeCreated SystemTime="2014-11-27 07:19:11.981133"></TimeCreated>
<EventRecordID>2974</EventRecordID>
<Correlation ActivityID="" RelatedActivityID=""></Correlation>
<Execution ProcessID="3216" ThreadID="7164"></Execution>
<Channel>Setup</Channel>
<Computer>b99902049-PC</Computer>
<Security UserID="S-1-5-18"></Security>
</System>
<UserData><CbsPackageChangeState xmlns="http://manifests.microsoft.com/win/2004/08/windows/setup_provider"><PackageIdentifier>KB3008627</PackageIdentifier>
<IntendedPackageState>Installed</IntendedPackageState>
<ErrorCode>0x0</ErrorCode>
<Client>WindowsUpdateAgent</Client>
</CbsPackageChangeState>
</UserData>
</Event>

<Event xmlns="http://schemas.microsoft.com/win/2004/08/events/event"><System><Provider Name="Microsoft-Windows-Servicing" Guid="bd12f3b8-fc40-4a61-a307-b7a013a069c1"></Provider>
<EventID Qualifiers="">4</EventID>
<Version>0</Version>
<Level>0</Level>
<Task>1</Task>
<Opcode>0</Opcode>
<Keywords>0x8000000000000000</Keywords>
<TimeCreated SystemTime="2014-11-27 07:19:15.684439"></TimeCreated>
<EventRecordID>2975</EventRecordID>
<Correlation ActivityID="" RelatedActivityID=""></Correlation>
<Execution ProcessID="3216" ThreadID="7164"></Execution>
<Channel>Setup</Channel>
<Computer>b99902049-PC</Computer>
<Security UserID="S-1-5-18"></Security>
</System>
<UserData><CbsPackageChangeState xmlns="http://manifests.microsoft.com/win/2004/08/windows/setup_provider"><PackageIdentifier>KB2976536</PackageIdentifier>
<IntendedPackageState>Installed</IntendedPackageState>
<ErrorCode>0x0</ErrorCode>
<Client>WindowsUpdateAgent</Client>
</CbsPackageChangeState>
</UserData>
</Event>

<Event xmlns="http://schemas.microsoft.com/win/2004/08/events/event"><System><Provider Name="Microsoft-Windows-Servicing" Guid="bd12f3b8-fc40-4a61-a307-b7a013a069c1"></Provider>
<EventID Qualifiers="">4</EventID>
<Version>0</Version>
<Level>0</Level>
<Task>1</Task>
<Opcode>0</Opcode>
<Keywords>0x8000000000000000</Keywords>
<TimeCreated SystemTime="2014-11-27 07:19:37.292986"></TimeCreated>
<EventRecordID>2976</EventRecordID>
<Correlation ActivityID="" RelatedActivityID=""></Correlation>
<Execution ProcessID="3216" ThreadID="7164"></Execution>
<Channel>Setup</Channel>
<Computer>b99902049-PC</Computer>
<Security UserID="S-1-5-18"></Security>
</System>
<UserData><CbsPackageChangeState xmlns="http://manifests.microsoft.com/win/2004/08/windows/setup_provider"><PackageIdentifier>KB2976978</PackageIdentifier>
<IntendedPackageState>Installed</IntendedPackageState>
<ErrorCode>0x0</ErrorCode>
<Client>WindowsUpdateAgent</Client>
</CbsPackageChangeState>
</UserData>
</Event>

<Event xmlns="http://schemas.microsoft.com/win/2004/08/events/event"><System><Provider Name="Microsoft-Windows-Servicing" Guid="bd12f3b8-fc40-4a61-a307-b7a013a069c1"></Provider>
<EventID Qualifiers="">2</EventID>
<Version>0</Version>
<Level>0</Level>
<Task>1</Task>
<Opcode>0</Opcode>
<Keywords>0x8000000000000000</Keywords>
<TimeCreated SystemTime="2014-11-27 07:23:05.228506"></TimeCreated>
<EventRecordID>2977</EventRecordID>
<Correlation ActivityID="" RelatedActivityID=""></Correlation>
<Execution ProcessID="1040" ThreadID="1080"></Execution>
<Channel>Setup</Channel>
<Computer>b99902049-PC</Computer>
<Security UserID="S-1-5-18"></Security>
</System>
<UserData><CbsPackageChangeState xmlns="http://manifests.microsoft.com/win/2004/08/windows/setup_provider"><PackageIdentifier>KB3008627</PackageIdentifier>
<IntendedPackageState>Installed</IntendedPackageState>
<ErrorCode>0x0</ErrorCode>
<Client>WindowsUpdateAgent</Client>
</CbsPackageChangeState>
</UserData>
</Event>

<Event xmlns="http://schemas.microsoft.com/win/2004/08/events/event"><System><Provider Name="Microsoft-Windows-Servicing" Guid="bd12f3b8-fc40-4a61-a307-b7a013a069c1"></Provider>
<EventID Qualifiers="">2</EventID>
<Version>0</Version>
<Level>0</Level>
<Task>1</Task>
<Opcode>0</Opcode>
<Keywords>0x8000000000000000</Keywords>
<TimeCreated SystemTime="2014-11-27 07:23:05.400393"></TimeCreated>
<EventRecordID>2978</EventRecordID>
<Correlation ActivityID="" RelatedActivityID=""></Correlation>
<Execution ProcessID="1040" ThreadID="1080"></Execution>
<Channel>Setup</Channel>
<Computer>b99902049-PC</Computer>
<Security UserID="S-1-5-18"></Security>
</System>
<UserData><CbsPackageChangeState xmlns="http://manifests.microsoft.com/win/2004/08/windows/setup_provider"><PackageIdentifier>KB2976536</PackageIdentifier>
<IntendedPackageState>Installed</IntendedPackageState>
<ErrorCode>0x0</ErrorCode>
<Client>WindowsUpdateAgent</Client>
</CbsPackageChangeState>
</UserData>
</Event>

<Event xmlns="http://schemas.microsoft.com/win/2004/08/events/event"><System><Provider Name="Microsoft-Windows-Servicing" Guid="bd12f3b8-fc40-4a61-a307-b7a013a069c1"></Provider>
<EventID Qualifiers="">2</EventID>
<Version>0</Version>
<Level>0</Level>
<Task>1</Task>
<Opcode>0</Opcode>
<Keywords>0x8000000000000000</Keywords>
<TimeCreated SystemTime="2014-11-27 07:23:05.525393"></TimeCreated>
<EventRecordID>2979</EventRecordID>
<Correlation ActivityID="" RelatedActivityID=""></Correlation>
<Execution ProcessID="1040" ThreadID="1080"></Execution>
<Channel>Setup</Channel>
<Computer>b99902049-PC</Computer>
<Security UserID="S-1-5-18"></Security>
</System>
<UserData><CbsPackageChangeState xmlns="http://manifests.microsoft.com/win/2004/08/windows/setup_provider"><PackageIdentifier>KB2976978</PackageIdentifier>
<IntendedPackageState>Installed</IntendedPackageState>
<ErrorCode>0x0</ErrorCode>
<Client>WindowsUpdateAgent</Client>
</CbsPackageChangeState>
</UserData>
</Event>

<Event xmlns="http://schemas.microsoft.com/win/2004/08/events/event"><System><Provider Name="Microsoft-Windows-Servicing" Guid="bd12f3b8-fc40-4a61-a307-b7a013a069c1"></Provider>
<EventID Qualifiers="">1</EventID>
<Version>0</Version>
<Level>0</Level>
<Task>1</Task>
<Opcode>0</Opcode>
<Keywords>0x8000000000000000</Keywords>
<TimeCreated SystemTime="2014-11-27 07:36:32.158644"></TimeCreated>
<EventRecordID>2980</EventRecordID>
<Correlation ActivityID="" RelatedActivityID=""></Correlation>
<Execution ProcessID="5864" ThreadID="7160"></Execution>
<Channel>Setup</Channel>
<Computer>b99902049-PC</Computer>
<Security UserID="S-1-5-18"></Security>
</System>
<UserData><CbsPackageInitiateChanges xmlns="http://manifests.microsoft.com/win/2004/08/windows/setup_provider"><PackageIdentifier>KB3018943</PackageIdentifier>
<InitialPackageState>Absent</InitialPackageState>
<IntendedPackageState>Staged</IntendedPackageState>
<Client>WindowsUpdateAgent</Client>
</CbsPackageInitiateChanges>
</UserData>
</Event>

<Event xmlns="http://schemas.microsoft.com/win/2004/08/events/event"><System><Provider Name="Microsoft-Windows-Servicing" Guid="bd12f3b8-fc40-4a61-a307-b7a013a069c1"></Provider>
<EventID Qualifiers="">3</EventID>
<Version>0</Version>
<Level>0</Level>
<Task>1</Task>
<Opcode>0</Opcode>
<Keywords>0x8000000000000000</Keywords>
<TimeCreated SystemTime="2014-11-27 07:36:35.797047"></TimeCreated>
<EventRecordID>2981</EventRecordID>
<Correlation ActivityID="" RelatedActivityID=""></Correlation>
<Execution ProcessID="5864" ThreadID="7160"></Execution>
<Channel>Setup</Channel>
<Computer>b99902049-PC</Computer>
<Security UserID="S-1-5-18"></Security>
</System>
<UserData><CbsPackageChangeState xmlns="http://manifests.microsoft.com/win/2004/08/windows/setup_provider"><PackageIdentifier>KB3018943</PackageIdentifier>
<IntendedPackageState>Staged</IntendedPackageState>
<ErrorCode>0x800f0816</ErrorCode>
<Client>WindowsUpdateAgent</Client>
</CbsPackageChangeState>
</UserData>
</Event>

<Event xmlns="http://schemas.microsoft.com/win/2004/08/events/event"><System><Provider Name="Microsoft-Windows-Servicing" Guid="bd12f3b8-fc40-4a61-a307-b7a013a069c1"></Provider>
<EventID Qualifiers="">1</EventID>
<Version>0</Version>
<Level>0</Level>
<Task>1</Task>
<Opcode>0</Opcode>
<Keywords>0x8000000000000000</Keywords>
<TimeCreated SystemTime="2014-11-27 08:45:33.549694"></TimeCreated>
<EventRecordID>2982</EventRecordID>
<Correlation ActivityID="" RelatedActivityID=""></Correlation>
<Execution ProcessID="3860" ThreadID="2720"></Execution>
<Channel>Setup</Channel>
<Computer>b99902049-PC</Computer>
<Security UserID="S-1-5-18"></Security>
</System>
<UserData><CbsPackageInitiateChanges xmlns="http://manifests.microsoft.com/win/2004/08/windows/setup_provider"><PackageIdentifier>KB3018943</PackageIdentifier>
<InitialPackageState>Resolved</InitialPackageState>
<IntendedPackageState>Installed</IntendedPackageState>
<Client>WindowsUpdateAgent</Client>
</CbsPackageInitiateChanges>
</UserData>
</Event>

<Event xmlns="http://schemas.microsoft.com/win/2004/08/events/event"><System><Provider Name="Microsoft-Windows-Servicing" Guid="bd12f3b8-fc40-4a61-a307-b7a013a069c1"></Provider>
<EventID Qualifiers="">2</EventID>
<Version>0</Version>
<Level>0</Level>
<Task>1</Task>
<Opcode>0</Opcode>
<Keywords>0x8000000000000000</Keywords>
<TimeCreated SystemTime="2014-11-27 08:45:44.329834"></TimeCreated>
<EventRecordID>2983</EventRecordID>
<Correlation ActivityID="" RelatedActivityID=""></Correlation>
<Execution ProcessID="3860" ThreadID="2720"></Execution>
<Channel>Setup</Channel>
<Computer>b99902049-PC</Computer>
<Security UserID="S-1-5-18"></Security>
</System>
<UserData><CbsPackageChangeState xmlns="http://manifests.microsoft.com/win/2004/08/windows/setup_provider"><PackageIdentifier>KB3018943</PackageIdentifier>
<IntendedPackageState>Installed</IntendedPackageState>
<ErrorCode>0x0</ErrorCode>
<Client>WindowsUpdateAgent</Client>
</CbsPackageChangeState>
</UserData>
</Event>

<Event xmlns="http://schemas.microsoft.com/win/2004/08/events/event"><System><Provider Name="Microsoft-Windows-Servicing" Guid="bd12f3b8-fc40-4a61-a307-b7a013a069c1"></Provider>
<EventID Qualifiers="">1</EventID>
<Version>0</Version>
<Level>0</Level>
<Task>1</Task>
<Opcode>0</Opcode>
<Keywords>0x8000000000000000</Keywords>
<TimeCreated SystemTime="2014-12-10 05:17:26.984711"></TimeCreated>
<EventRecordID>2984</EventRecordID>
<Correlation ActivityID="" RelatedActivityID=""></Correlation>
<Execution ProcessID="7264" ThreadID="7332"></Execution>
<Channel>Setup</Channel>
<Computer>b99902049-PC</Computer>
<Security UserID="S-1-5-18"></Security>
</System>
<UserData><CbsPackageInitiateChanges xmlns="http://manifests.microsoft.com/win/2004/08/windows/setup_provider"><PackageIdentifier>KB3008923</PackageIdentifier>
<InitialPackageState>Absent</InitialPackageState>
<IntendedPackageState>Staged</IntendedPackageState>
<Client>WindowsUpdateAgent</Client>
</CbsPackageInitiateChanges>
</UserData>
</Event>

<Event xmlns="http://schemas.microsoft.com/win/2004/08/events/event"><System><Provider Name="Microsoft-Windows-Servicing" Guid="bd12f3b8-fc40-4a61-a307-b7a013a069c1"></Provider>
<EventID Qualifiers="">3</EventID>
<Version>0</Version>
<Level>0</Level>
<Task>1</Task>
<Opcode>0</Opcode>
<Keywords>0x8000000000000000</Keywords>
<TimeCreated SystemTime="2014-12-10 05:18:14.320887"></TimeCreated>
<EventRecordID>2985</EventRecordID>
<Correlation ActivityID="" RelatedActivityID=""></Correlation>
<Execution ProcessID="7264" ThreadID="7332"></Execution>
<Channel>Setup</Channel>
<Computer>b99902049-PC</Computer>
<Security UserID="S-1-5-18"></Security>
</System>
<UserData><CbsPackageChangeState xmlns="http://manifests.microsoft.com/win/2004/08/windows/setup_provider"><PackageIdentifier>KB3008923</PackageIdentifier>
<IntendedPackageState>Staged</IntendedPackageState>
<ErrorCode>0x800f0816</ErrorCode>
<Client>WindowsUpdateAgent</Client>
</CbsPackageChangeState>
</UserData>
</Event>

<Event xmlns="http://schemas.microsoft.com/win/2004/08/events/event"><System><Provider Name="Microsoft-Windows-Servicing" Guid="bd12f3b8-fc40-4a61-a307-b7a013a069c1"></Provider>
<EventID Qualifiers="">1</EventID>
<Version>0</Version>
<Level>0</Level>
<Task>1</Task>
<Opcode>0</Opcode>
<Keywords>0x8000000000000000</Keywords>
<TimeCreated SystemTime="2014-12-10 05:19:23.546957"></TimeCreated>
<EventRecordID>2986</EventRecordID>
<Correlation ActivityID="" RelatedActivityID=""></Correlation>
<Execution ProcessID="7264" ThreadID="7332"></Execution>
<Channel>Setup</Channel>
<Computer>b99902049-PC</Computer>
<Security UserID="S-1-5-18"></Security>
</System>
<UserData><CbsPackageInitiateChanges xmlns="http://manifests.microsoft.com/win/2004/08/windows/setup_provider"><PackageIdentifier>KB3013126</PackageIdentifier>
<InitialPackageState>Absent</InitialPackageState>
<IntendedPackageState>Staged</IntendedPackageState>
<Client>WindowsUpdateAgent</Client>
</CbsPackageInitiateChanges>
</UserData>
</Event>

<Event xmlns="http://schemas.microsoft.com/win/2004/08/events/event"><System><Provider Name="Microsoft-Windows-Servicing" Guid="bd12f3b8-fc40-4a61-a307-b7a013a069c1"></Provider>
<EventID Qualifiers="">3</EventID>
<Version>0</Version>
<Level>0</Level>
<Task>1</Task>
<Opcode>0</Opcode>
<Keywords>0x8000000000000000</Keywords>
<TimeCreated SystemTime="2014-12-10 05:19:25.956553"></TimeCreated>
<EventRecordID>2987</EventRecordID>
<Correlation ActivityID="" RelatedActivityID=""></Correlation>
<Execution ProcessID="7264" ThreadID="7332"></Execution>
<Channel>Setup</Channel>
<Computer>b99902049-PC</Computer>
<Security UserID="S-1-5-18"></Security>
</System>
<UserData><CbsPackageChangeState xmlns="http://manifests.microsoft.com/win/2004/08/windows/setup_provider"><PackageIdentifier>KB3013126</PackageIdentifier>
<IntendedPackageState>Staged</IntendedPackageState>
<ErrorCode>0x800f0816</ErrorCode>
<Client>WindowsUpdateAgent</Client>
</CbsPackageChangeState>
</UserData>
</Event>

<Event xmlns="http://schemas.microsoft.com/win/2004/08/events/event"><System><Provider Name="Microsoft-Windows-Servicing" Guid="bd12f3b8-fc40-4a61-a307-b7a013a069c1"></Provider>
<EventID Qualifiers="">1</EventID>
<Version>0</Version>
<Level>0</Level>
<Task>1</Task>
<Opcode>0</Opcode>
<Keywords>0x8000000000000000</Keywords>
<TimeCreated SystemTime="2014-12-10 05:19:54.502499"></TimeCreated>
<EventRecordID>2988</EventRecordID>
<Correlation ActivityID="" RelatedActivityID=""></Correlation>
<Execution ProcessID="7264" ThreadID="7332"></Execution>
<Channel>Setup</Channel>
<Computer>b99902049-PC</Computer>
<Security UserID="S-1-5-18"></Security>
</System>
<UserData><CbsPackageInitiateChanges xmlns="http://manifests.microsoft.com/win/2004/08/windows/setup_provider"><PackageIdentifier>KB3008242</PackageIdentifier>
<InitialPackageState>Absent</InitialPackageState>
<IntendedPackageState>Staged</IntendedPackageState>
<Client>WindowsUpdateAgent</Client>
</CbsPackageInitiateChanges>
</UserData>
</Event>

<Event xmlns="http://schemas.microsoft.com/win/2004/08/events/event"><System><Provider Name="Microsoft-Windows-Servicing" Guid="bd12f3b8-fc40-4a61-a307-b7a013a069c1"></Provider>
<EventID Qualifiers="">3</EventID>
<Version>0</Version>
<Level>0</Level>
<Task>1</Task>
<Opcode>0</Opcode>
<Keywords>0x8000000000000000</Keywords>
<TimeCreated SystemTime="2014-12-10 05:19:56.112566"></TimeCreated>
<EventRecordID>2989</EventRecordID>
<Correlation ActivityID="" RelatedActivityID=""></Correlation>
<Execution ProcessID="7264" ThreadID="7332"></Execution>
<Channel>Setup</Channel>
<Computer>b99902049-PC</Computer>
<Security UserID="S-1-5-18"></Security>
</System>
<UserData><CbsPackageChangeState xmlns="http://manifests.microsoft.com/win/2004/08/windows/setup_provider"><PackageIdentifier>KB3008242</PackageIdentifier>
<IntendedPackageState>Staged</IntendedPackageState>
<ErrorCode>0x800f0816</ErrorCode>
<Client>WindowsUpdateAgent</Client>
</CbsPackageChangeState>
</UserData>
</Event>

<Event xmlns="http://schemas.microsoft.com/win/2004/08/events/event"><System><Provider Name="Microsoft-Windows-Servicing" Guid="bd12f3b8-fc40-4a61-a307-b7a013a069c1"></Provider>
<EventID Qualifiers="">1</EventID>
<Version>0</Version>
<Level>0</Level>
<Task>1</Task>
<Opcode>0</Opcode>
<Keywords>0x8000000000000000</Keywords>
<TimeCreated SystemTime="2014-12-10 05:21:20.273129"></TimeCreated>
<EventRecordID>2990</EventRecordID>
<Correlation ActivityID="" RelatedActivityID=""></Correlation>
<Execution ProcessID="7264" ThreadID="7332"></Execution>
<Channel>Setup</Channel>
<Computer>b99902049-PC</Computer>
<Security UserID="S-1-5-18"></Security>
</System>
<UserData><CbsPackageInitiateChanges xmlns="http://manifests.microsoft.com/win/2004/08/windows/setup_provider"><PackageIdentifier>KB3008925</PackageIdentifier>
<InitialPackageState>Absent</InitialPackageState>
<IntendedPackageState>Staged</IntendedPackageState>
<Client>WindowsUpdateAgent</Client>
</CbsPackageInitiateChanges>
</UserData>
</Event>

<Event xmlns="http://schemas.microsoft.com/win/2004/08/events/event"><System><Provider Name="Microsoft-Windows-Servicing" Guid="bd12f3b8-fc40-4a61-a307-b7a013a069c1"></Provider>
<EventID Qualifiers="">3</EventID>
<Version>0</Version>
<Level>0</Level>
<Task>1</Task>
<Opcode>0</Opcode>
<Keywords>0x8000000000000000</Keywords>
<TimeCreated SystemTime="2014-12-10 05:21:21.298803"></TimeCreated>
<EventRecordID>2991</EventRecordID>
<Correlation ActivityID="" RelatedActivityID=""></Correlation>
<Execution ProcessID="7264" ThreadID="7332"></Execution>
<Channel>Setup</Channel>
<Computer>b99902049-PC</Computer>
<Security UserID="S-1-5-18"></Security>
</System>
<UserData><CbsPackageChangeState xmlns="http://manifests.microsoft.com/win/2004/08/windows/setup_provider"><PackageIdentifier>KB3008925</PackageIdentifier>
<IntendedPackageState>Staged</IntendedPackageState>
<ErrorCode>0x800f0816</ErrorCode>
<Client>WindowsUpdateAgent</Client>
</CbsPackageChangeState>
</UserData>
</Event>

<Event xmlns="http://schemas.microsoft.com/win/2004/08/events/event"><System><Provider Name="Microsoft-Windows-Servicing" Guid="bd12f3b8-fc40-4a61-a307-b7a013a069c1"></Provider>
<EventID Qualifiers="">1</EventID>
<Version>0</Version>
<Level>0</Level>
<Task>1</Task>
<Opcode>0</Opcode>
<Keywords>0x8000000000000000</Keywords>
<TimeCreated SystemTime="2014-12-10 05:25:41.734779"></TimeCreated>
<EventRecordID>2992</EventRecordID>
<Correlation ActivityID="" RelatedActivityID=""></Correlation>
<Execution ProcessID="4616" ThreadID="1228"></Execution>
<Channel>Setup</Channel>
<Computer>b99902049-PC</Computer>
<Security UserID="S-1-5-18"></Security>
</System>
<UserData><CbsPackageInitiateChanges xmlns="http://manifests.microsoft.com/win/2004/08/windows/setup_provider"><PackageIdentifier>KB2994290</PackageIdentifier>
<InitialPackageState>Absent</InitialPackageState>
<IntendedPackageState>Staged</IntendedPackageState>
<Client>WindowsUpdateAgent</Client>
</CbsPackageInitiateChanges>
</UserData>
</Event>

<Event xmlns="http://schemas.microsoft.com/win/2004/08/events/event"><System><Provider Name="Microsoft-Windows-Servicing" Guid="bd12f3b8-fc40-4a61-a307-b7a013a069c1"></Provider>
<EventID Qualifiers="">3</EventID>
<Version>0</Version>
<Level>0</Level>
<Task>1</Task>
<Opcode>0</Opcode>
<Keywords>0x8000000000000000</Keywords>
<TimeCreated SystemTime="2014-12-10 05:27:32.748419"></TimeCreated>
<EventRecordID>2993</EventRecordID>
<Correlation ActivityID="" RelatedActivityID=""></Correlation>
<Execution ProcessID="4616" ThreadID="1228"></Execution>
<Channel>Setup</Channel>
<Computer>b99902049-PC</Computer>
<Security UserID="S-1-5-18"></Security>
</System>
<UserData><CbsPackageChangeState xmlns="http://manifests.microsoft.com/win/2004/08/windows/setup_provider"><PackageIdentifier>KB2994290</PackageIdentifier>
<IntendedPackageState>Staged</IntendedPackageState>
<ErrorCode>0x800f0816</ErrorCode>
<Client>WindowsUpdateAgent</Client>
</CbsPackageChangeState>
</UserData>
</Event>

<Event xmlns="http://schemas.microsoft.com/win/2004/08/events/event"><System><Provider Name="Microsoft-Windows-Servicing" Guid="bd12f3b8-fc40-4a61-a307-b7a013a069c1"></Provider>
<EventID Qualifiers="">1</EventID>
<Version>0</Version>
<Level>0</Level>
<Task>1</Task>
<Opcode>0</Opcode>
<Keywords>0x8000000000000000</Keywords>
<TimeCreated SystemTime="2014-12-10 06:56:40.643997"></TimeCreated>
<EventRecordID>2994</EventRecordID>
<Correlation ActivityID="" RelatedActivityID=""></Correlation>
<Execution ProcessID="5880" ThreadID="5856"></Execution>
<Channel>Setup</Channel>
<Computer>b99902049-PC</Computer>
<Security UserID="S-1-5-18"></Security>
</System>
<UserData><CbsPackageInitiateChanges xmlns="http://manifests.microsoft.com/win/2004/08/windows/setup_provider"><PackageIdentifier>KB3013410</PackageIdentifier>
<InitialPackageState>Absent</InitialPackageState>
<IntendedPackageState>Staged</IntendedPackageState>
<Client>WindowsUpdateAgent</Client>
</CbsPackageInitiateChanges>
</UserData>
</Event>

<Event xmlns="http://schemas.microsoft.com/win/2004/08/events/event"><System><Provider Name="Microsoft-Windows-Servicing" Guid="bd12f3b8-fc40-4a61-a307-b7a013a069c1"></Provider>
<EventID Qualifiers="">3</EventID>
<Version>0</Version>
<Level>0</Level>
<Task>1</Task>
<Opcode>0</Opcode>
<Keywords>0x8000000000000000</Keywords>
<TimeCreated SystemTime="2014-12-10 06:57:17.841158"></TimeCreated>
<EventRecordID>2995</EventRecordID>
<Correlation ActivityID="" RelatedActivityID=""></Correlation>
<Execution ProcessID="5880" ThreadID="5856"></Execution>
<Channel>Setup</Channel>
<Computer>b99902049-PC</Computer>
<Security UserID="S-1-5-18"></Security>
</System>
<UserData><CbsPackageChangeState xmlns="http://manifests.microsoft.com/win/2004/08/windows/setup_provider"><PackageIdentifier>KB3013410</PackageIdentifier>
<IntendedPackageState>Staged</IntendedPackageState>
<ErrorCode>0x800f0816</ErrorCode>
<Client>WindowsUpdateAgent</Client>
</CbsPackageChangeState>
</UserData>
</Event>

<Event xmlns="http://schemas.microsoft.com/win/2004/08/events/event"><System><Provider Name="Microsoft-Windows-Servicing" Guid="bd12f3b8-fc40-4a61-a307-b7a013a069c1"></Provider>
<EventID Qualifiers="">1</EventID>
<Version>0</Version>
<Level>0</Level>
<Task>1</Task>
<Opcode>0</Opcode>
<Keywords>0x8000000000000000</Keywords>
<TimeCreated SystemTime="2014-12-10 06:58:56.230440"></TimeCreated>
<EventRecordID>2996</EventRecordID>
<Correlation ActivityID="" RelatedActivityID=""></Correlation>
<Execution ProcessID="5880" ThreadID="5856"></Execution>
<Channel>Setup</Channel>
<Computer>b99902049-PC</Computer>
<Security UserID="S-1-5-18"></Security>
</System>
<UserData><CbsPackageInitiateChanges xmlns="http://manifests.microsoft.com/win/2004/08/windows/setup_provider"><PackageIdentifier>KB3004394</PackageIdentifier>
<InitialPackageState>Absent</InitialPackageState>
<IntendedPackageState>Staged</IntendedPackageState>
<Client>WindowsUpdateAgent</Client>
</CbsPackageInitiateChanges>
</UserData>
</Event>

<Event xmlns="http://schemas.microsoft.com/win/2004/08/events/event"><System><Provider Name="Microsoft-Windows-Servicing" Guid="bd12f3b8-fc40-4a61-a307-b7a013a069c1"></Provider>
<EventID Qualifiers="">3</EventID>
<Version>0</Version>
<Level>0</Level>
<Task>1</Task>
<Opcode>0</Opcode>
<Keywords>0x8000000000000000</Keywords>
<TimeCreated SystemTime="2014-12-10 06:58:59.493605"></TimeCreated>
<EventRecordID>2997</EventRecordID>
<Correlation ActivityID="" RelatedActivityID=""></Correlation>
<Execution ProcessID="5880" ThreadID="5856"></Execution>
<Channel>Setup</Channel>
<Computer>b99902049-PC</Computer>
<Security UserID="S-1-5-18"></Security>
</System>
<UserData><CbsPackageChangeState xmlns="http://manifests.microsoft.com/win/2004/08/windows/setup_provider"><PackageIdentifier>KB3004394</PackageIdentifier>
<IntendedPackageState>Staged</IntendedPackageState>
<ErrorCode>0x800f0816</ErrorCode>
<Client>WindowsUpdateAgent</Client>
</CbsPackageChangeState>
</UserData>
</Event>

<Event xmlns="http://schemas.microsoft.com/win/2004/08/events/event"><System><Provider Name="Microsoft-Windows-Servicing" Guid="bd12f3b8-fc40-4a61-a307-b7a013a069c1"></Provider>
<EventID Qualifiers="">1</EventID>
<Version>0</Version>
<Level>0</Level>
<Task>1</Task>
<Opcode>0</Opcode>
<Keywords>0x8000000000000000</Keywords>
<TimeCreated SystemTime="2014-12-10 06:59:59.490412"></TimeCreated>
<EventRecordID>2998</EventRecordID>
<Correlation ActivityID="" RelatedActivityID=""></Correlation>
<Execution ProcessID="5880" ThreadID="5856"></Execution>
<Channel>Setup</Channel>
<Computer>b99902049-PC</Computer>
<Security UserID="S-1-5-18"></Security>
</System>
<UserData><CbsPackageInitiateChanges xmlns="http://manifests.microsoft.com/win/2004/08/windows/setup_provider"><PackageIdentifier>KB2976978</PackageIdentifier>
<InitialPackageState>Absent</InitialPackageState>
<IntendedPackageState>Staged</IntendedPackageState>
<Client>WindowsUpdateAgent</Client>
</CbsPackageInitiateChanges>
</UserData>
</Event>

<Event xmlns="http://schemas.microsoft.com/win/2004/08/events/event"><System><Provider Name="Microsoft-Windows-Servicing" Guid="bd12f3b8-fc40-4a61-a307-b7a013a069c1"></Provider>
<EventID Qualifiers="">3</EventID>
<Version>0</Version>
<Level>0</Level>
<Task>1</Task>
<Opcode>0</Opcode>
<Keywords>0x8000000000000000</Keywords>
<TimeCreated SystemTime="2014-12-10 07:00:06.726212"></TimeCreated>
<EventRecordID>2999</EventRecordID>
<Correlation ActivityID="" RelatedActivityID=""></Correlation>
<Execution ProcessID="5880" ThreadID="5856"></Execution>
<Channel>Setup</Channel>
<Computer>b99902049-PC</Computer>
<Security UserID="S-1-5-18"></Security>
</System>
<UserData><CbsPackageChangeState xmlns="http://manifests.microsoft.com/win/2004/08/windows/setup_provider"><PackageIdentifier>KB2976978</PackageIdentifier>
<IntendedPackageState>Staged</IntendedPackageState>
<ErrorCode>0x800f0816</ErrorCode>
<Client>WindowsUpdateAgent</Client>
</CbsPackageChangeState>
</UserData>
</Event>

<Event xmlns="http://schemas.microsoft.com/win/2004/08/events/event"><System><Provider Name="Microsoft-Windows-Servicing" Guid="bd12f3b8-fc40-4a61-a307-b7a013a069c1"></Provider>
<EventID Qualifiers="">1</EventID>
<Version>0</Version>
<Level>0</Level>
<Task>1</Task>
<Opcode>0</Opcode>
<Keywords>0x8000000000000000</Keywords>
<TimeCreated SystemTime="2014-12-10 07:01:13.779575"></TimeCreated>
<EventRecordID>3000</EventRecordID>
<Correlation ActivityID="" RelatedActivityID=""></Correlation>
<Execution ProcessID="5880" ThreadID="5856"></Execution>
<Channel>Setup</Channel>
<Computer>b99902049-PC</Computer>
<Security UserID="S-1-5-18"></Security>
</System>
<UserData><CbsPackageInitiateChanges xmlns="http://manifests.microsoft.com/win/2004/08/windows/setup_provider"><PackageIdentifier>KB2989930</PackageIdentifier>
<InitialPackageState>Absent</InitialPackageState>
<IntendedPackageState>Staged</IntendedPackageState>
<Client>WindowsUpdateAgent</Client>
</CbsPackageInitiateChanges>
</UserData>
</Event>

<Event xmlns="http://schemas.microsoft.com/win/2004/08/events/event"><System><Provider Name="Microsoft-Windows-Servicing" Guid="bd12f3b8-fc40-4a61-a307-b7a013a069c1"></Provider>
<EventID Qualifiers="">3</EventID>
<Version>0</Version>
<Level>0</Level>
<Task>1</Task>
<Opcode>0</Opcode>
<Keywords>0x8000000000000000</Keywords>
<TimeCreated SystemTime="2014-12-10 07:01:18.547739"></TimeCreated>
<EventRecordID>3001</EventRecordID>
<Correlation ActivityID="" RelatedActivityID=""></Correlation>
<Execution ProcessID="5880" ThreadID="5856"></Execution>
<Channel>Setup</Channel>
<Computer>b99902049-PC</Computer>
<Security UserID="S-1-5-18"></Security>
</System>
<UserData><CbsPackageChangeState xmlns="http://manifests.microsoft.com/win/2004/08/windows/setup_provider"><PackageIdentifier>KB2989930</PackageIdentifier>
<IntendedPackageState>Staged</IntendedPackageState>
<ErrorCode>0x800f0816</ErrorCode>
<Client>WindowsUpdateAgent</Client>
</CbsPackageChangeState>
</UserData>
</Event>

<Event xmlns="http://schemas.microsoft.com/win/2004/08/events/event"><System><Provider Name="Microsoft-Windows-Servicing" Guid="bd12f3b8-fc40-4a61-a307-b7a013a069c1"></Provider>
<EventID Qualifiers="">1</EventID>
<Version>0</Version>
<Level>0</Level>
<Task>1</Task>
<Opcode>0</Opcode>
<Keywords>0x8000000000000000</Keywords>
<TimeCreated SystemTime="2014-12-10 08:29:02.512634"></TimeCreated>
<EventRecordID>3002</EventRecordID>
<Correlation ActivityID="" RelatedActivityID=""></Correlation>
<Execution ProcessID="7108" ThreadID="7092"></Execution>
<Channel>Setup</Channel>
<Computer>b99902049-PC</Computer>
<Security UserID="S-1-5-18"></Security>
</System>
<UserData><CbsPackageInitiateChanges xmlns="http://manifests.microsoft.com/win/2004/08/windows/setup_provider"><PackageIdentifier>KB3008923</PackageIdentifier>
<InitialPackageState>Resolved</InitialPackageState>
<IntendedPackageState>Installed</IntendedPackageState>
<Client>WindowsUpdateAgent</Client>
</CbsPackageInitiateChanges>
</UserData>
</Event>

