<Event xmlns="http://schemas.microsoft.com/win/2004/08/events/event"><System><Provider Name="Microsoft-Windows-Servicing" Guid="bd12f3b8-fc40-4a61-a307-b7a013a069c1"></Provider>
<EventID Qualifiers="">1</EventID>
<Version>0</Version>
<Level>0</Level>
<Task>1</Task>
<Opcode>0</Opcode>
<Keywords>0x8000000000000000</Keywords>
<TimeCreated SystemTime="2015-07-15 12:57:08.028393"></TimeCreated>
<EventRecordID>4053</EventRecordID>
<Correlation ActivityID="" RelatedActivityID=""></Correlation>
<Execution ProcessID="2692" ThreadID="3876"></Execution>
<Channel>Setup</Channel>
<Computer>b99902049-PC</Computer>
<Security UserID="S-1-5-18"></Security>
</System>
<UserData><CbsPackageInitiateChanges xmlns="http://manifests.microsoft.com/win/2004/08/windows/setup_provider"><PackageIdentifier>KB3072630</PackageIdentifier>
<InitialPackageState>Absent</InitialPackageState>
<IntendedPackageState>Staged</IntendedPackageState>
<Client>WindowsUpdateAgent</Client>
</CbsPackageInitiateChanges>
</UserData>
</Event>

<Event xmlns="http://schemas.microsoft.com/win/2004/08/events/event"><System><Provider Name="Microsoft-Windows-Servicing" Guid="bd12f3b8-fc40-4a61-a307-b7a013a069c1"></Provider>
<EventID Qualifiers="">3</EventID>
<Version>0</Version>
<Level>0</Level>
<Task>1</Task>
<Opcode>0</Opcode>
<Keywords>0x8000000000000000</Keywords>
<TimeCreated SystemTime="2015-07-15 12:57:10.874275"></TimeCreated>
<EventRecordID>4054</EventRecordID>
<Correlation ActivityID="" RelatedActivityID=""></Correlation>
<Execution ProcessID="2692" ThreadID="3876"></Execution>
<Channel>Setup</Channel>
<Computer>b99902049-PC</Computer>
<Security UserID="S-1-5-18"></Security>
</System>
<UserData><CbsPackageChangeState xmlns="http://manifests.microsoft.com/win/2004/08/windows/setup_provider"><PackageIdentifier>KB3072630</PackageIdentifier>
<IntendedPackageState>Staged</IntendedPackageState>
<ErrorCode>0x800f0816</ErrorCode>
<Client>WindowsUpdateAgent</Client>
</CbsPackageChangeState>
</UserData>
</Event>

<Event xmlns="http://schemas.microsoft.com/win/2004/08/events/event"><System><Provider Name="Microsoft-Windows-Servicing" Guid="bd12f3b8-fc40-4a61-a307-b7a013a069c1"></Provider>
<EventID Qualifiers="">1</EventID>
<Version>0</Version>
<Level>0</Level>
<Task>1</Task>
<Opcode>0</Opcode>
<Keywords>0x8000000000000000</Keywords>
<TimeCreated SystemTime="2015-07-15 12:57:17.971977"></TimeCreated>
<EventRecordID>4055</EventRecordID>
<Correlation ActivityID="" RelatedActivityID=""></Correlation>
<Execution ProcessID="2692" ThreadID="3876"></Execution>
<Channel>Setup</Channel>
<Computer>b99902049-PC</Computer>
<Security UserID="S-1-5-18"></Security>
</System>
<UserData><CbsPackageInitiateChanges xmlns="http://manifests.microsoft.com/win/2004/08/windows/setup_provider"><PackageIdentifier>KB3018467</PackageIdentifier>
<InitialPackageState>Absent</InitialPackageState>
<IntendedPackageState>Staged</IntendedPackageState>
<Client>WindowsUpdateAgent</Client>
</CbsPackageInitiateChanges>
</UserData>
</Event>

<Event xmlns="http://schemas.microsoft.com/win/2004/08/events/event"><System><Provider Name="Microsoft-Windows-Servicing" Guid="bd12f3b8-fc40-4a61-a307-b7a013a069c1"></Provider>
<EventID Qualifiers="">3</EventID>
<Version>0</Version>
<Level>0</Level>
<Task>1</Task>
<Opcode>0</Opcode>
<Keywords>0x8000000000000000</Keywords>
<TimeCreated SystemTime="2015-07-15 12:57:29.329498"></TimeCreated>
<EventRecordID>4056</EventRecordID>
<Correlation ActivityID="" RelatedActivityID=""></Correlation>
<Execution ProcessID="2692" ThreadID="3876"></Execution>
<Channel>Setup</Channel>
<Computer>b99902049-PC</Computer>
<Security UserID="S-1-5-18"></Security>
</System>
<UserData><CbsPackageChangeState xmlns="http://manifests.microsoft.com/win/2004/08/windows/setup_provider"><PackageIdentifier>KB3018467</PackageIdentifier>
<IntendedPackageState>Staged</IntendedPackageState>
<ErrorCode>0x800f0816</ErrorCode>
<Client>WindowsUpdateAgent</Client>
</CbsPackageChangeState>
</UserData>
</Event>

<Event xmlns="http://schemas.microsoft.com/win/2004/08/events/event"><System><Provider Name="Microsoft-Windows-Servicing" Guid="bd12f3b8-fc40-4a61-a307-b7a013a069c1"></Provider>
<EventID Qualifiers="">1</EventID>
<Version>0</Version>
<Level>0</Level>
<Task>1</Task>
<Opcode>0</Opcode>
<Keywords>0x8000000000000000</Keywords>
<TimeCreated SystemTime="2015-07-15 12:57:32.454569"></TimeCreated>
<EventRecordID>4057</EventRecordID>
<Correlation ActivityID="" RelatedActivityID=""></Correlation>
<Execution ProcessID="2692" ThreadID="3876"></Execution>
<Channel>Setup</Channel>
<Computer>b99902049-PC</Computer>
<Security UserID="S-1-5-18"></Security>
</System>
<UserData><CbsPackageInitiateChanges xmlns="http://manifests.microsoft.com/win/2004/08/windows/setup_provider"><PackageIdentifier>KB3056347</PackageIdentifier>
<InitialPackageState>Absent</InitialPackageState>
<IntendedPackageState>Staged</IntendedPackageState>
<Client>WindowsUpdateAgent</Client>
</CbsPackageInitiateChanges>
</UserData>
</Event>

<Event xmlns="http://schemas.microsoft.com/win/2004/08/events/event"><System><Provider Name="Microsoft-Windows-Servicing" Guid="bd12f3b8-fc40-4a61-a307-b7a013a069c1"></Provider>
<EventID Qualifiers="">3</EventID>
<Version>0</Version>
<Level>0</Level>
<Task>1</Task>
<Opcode>0</Opcode>
<Keywords>0x8000000000000000</Keywords>
<TimeCreated SystemTime="2015-07-15 12:57:33.896526"></TimeCreated>
<EventRecordID>4058</EventRecordID>
<Correlation ActivityID="" RelatedActivityID=""></Correlation>
<Execution ProcessID="2692" ThreadID="3876"></Execution>
<Channel>Setup</Channel>
<Computer>b99902049-PC</Computer>
<Security UserID="S-1-5-18"></Security>
</System>
<UserData><CbsPackageChangeState xmlns="http://manifests.microsoft.com/win/2004/08/windows/setup_provider"><PackageIdentifier>KB3056347</PackageIdentifier>
<IntendedPackageState>Staged</IntendedPackageState>
<ErrorCode>0x800f0816</ErrorCode>
<Client>WindowsUpdateAgent</Client>
</CbsPackageChangeState>
</UserData>
</Event>

<Event xmlns="http://schemas.microsoft.com/win/2004/08/events/event"><System><Provider Name="Microsoft-Windows-Servicing" Guid="bd12f3b8-fc40-4a61-a307-b7a013a069c1"></Provider>
<EventID Qualifiers="">1</EventID>
<Version>0</Version>
<Level>0</Level>
<Task>1</Task>
<Opcode>0</Opcode>
<Keywords>0x8000000000000000</Keywords>
<TimeCreated SystemTime="2015-07-15 12:57:36.431204"></TimeCreated>
<EventRecordID>4059</EventRecordID>
<Correlation ActivityID="" RelatedActivityID=""></Correlation>
<Execution ProcessID="2692" ThreadID="3876"></Execution>
<Channel>Setup</Channel>
<Computer>b99902049-PC</Computer>
<Security UserID="S-1-5-18"></Security>
</System>
<UserData><CbsPackageInitiateChanges xmlns="http://manifests.microsoft.com/win/2004/08/windows/setup_provider"><PackageIdentifier>KB3029438</PackageIdentifier>
<InitialPackageState>Absent</InitialPackageState>
<IntendedPackageState>Staged</IntendedPackageState>
<Client>WindowsUpdateAgent</Client>
</CbsPackageInitiateChanges>
</UserData>
</Event>

<Event xmlns="http://schemas.microsoft.com/win/2004/08/events/event"><System><Provider Name="Microsoft-Windows-Servicing" Guid="bd12f3b8-fc40-4a61-a307-b7a013a069c1"></Provider>
<EventID Qualifiers="">3</EventID>
<Version>0</Version>
<Level>0</Level>
<Task>1</Task>
<Opcode>0</Opcode>
<Keywords>0x8000000000000000</Keywords>
<TimeCreated SystemTime="2015-07-15 12:57:37.531933"></TimeCreated>
<EventRecordID>4060</EventRecordID>
<Correlation ActivityID="" RelatedActivityID=""></Correlation>
<Execution ProcessID="2692" ThreadID="3876"></Execution>
<Channel>Setup</Channel>
<Computer>b99902049-PC</Computer>
<Security UserID="S-1-5-18"></Security>
</System>
<UserData><CbsPackageChangeState xmlns="http://manifests.microsoft.com/win/2004/08/windows/setup_provider"><PackageIdentifier>KB3029438</PackageIdentifier>
<IntendedPackageState>Staged</IntendedPackageState>
<ErrorCode>0x800f0816</ErrorCode>
<Client>WindowsUpdateAgent</Client>
</CbsPackageChangeState>
</UserData>
</Event>

<Event xmlns="http://schemas.microsoft.com/win/2004/08/events/event"><System><Provider Name="Microsoft-Windows-Servicing" Guid="bd12f3b8-fc40-4a61-a307-b7a013a069c1"></Provider>
<EventID Qualifiers="">1</EventID>
<Version>0</Version>
<Level>0</Level>
<Task>1</Task>
<Opcode>0</Opcode>
<Keywords>0x8000000000000000</Keywords>
<TimeCreated SystemTime="2015-07-15 12:57:41.524576"></TimeCreated>
<EventRecordID>4061</EventRecordID>
<Correlation ActivityID="" RelatedActivityID=""></Correlation>
<Execution ProcessID="2692" ThreadID="3876"></Execution>
<Channel>Setup</Channel>
<Computer>b99902049-PC</Computer>
<Security UserID="S-1-5-18"></Security>
</System>
<UserData><CbsPackageInitiateChanges xmlns="http://manifests.microsoft.com/win/2004/08/windows/setup_provider"><PackageIdentifier>KB3067505</PackageIdentifier>
<InitialPackageState>Absent</InitialPackageState>
<IntendedPackageState>Staged</IntendedPackageState>
<Client>WindowsUpdateAgent</Client>
</CbsPackageInitiateChanges>
</UserData>
</Event>

<Event xmlns="http://schemas.microsoft.com/win/2004/08/events/event"><System><Provider Name="Microsoft-Windows-Servicing" Guid="bd12f3b8-fc40-4a61-a307-b7a013a069c1"></Provider>
<EventID Qualifiers="">3</EventID>
<Version>0</Version>
<Level>0</Level>
<Task>1</Task>
<Opcode>0</Opcode>
<Keywords>0x8000000000000000</Keywords>
<TimeCreated SystemTime="2015-07-15 12:57:55.150549"></TimeCreated>
<EventRecordID>4062</EventRecordID>
<Correlation ActivityID="" RelatedActivityID=""></Correlation>
<Execution ProcessID="2692" ThreadID="3876"></Execution>
<Channel>Setup</Channel>
<Computer>b99902049-PC</Computer>
<Security UserID="S-1-5-18"></Security>
</System>
<UserData><CbsPackageChangeState xmlns="http://manifests.microsoft.com/win/2004/08/windows/setup_provider"><PackageIdentifier>KB3067505</PackageIdentifier>
<IntendedPackageState>Staged</IntendedPackageState>
<ErrorCode>0x800f0816</ErrorCode>
<Client>WindowsUpdateAgent</Client>
</CbsPackageChangeState>
</UserData>
</Event>

<Event xmlns="http://schemas.microsoft.com/win/2004/08/events/event"><System><Provider Name="Microsoft-Windows-Servicing" Guid="bd12f3b8-fc40-4a61-a307-b7a013a069c1"></Provider>
<EventID Qualifiers="">1</EventID>
<Version>0</Version>
<Level>0</Level>
<Task>1</Task>
<Opcode>0</Opcode>
<Keywords>0x8000000000000000</Keywords>
<TimeCreated SystemTime="2015-07-15 12:57:58.575817"></TimeCreated>
<EventRecordID>4063</EventRecordID>
<Correlation ActivityID="" RelatedActivityID=""></Correlation>
<Execution ProcessID="2692" ThreadID="3876"></Execution>
<Channel>Setup</Channel>
<Computer>b99902049-PC</Computer>
<Security UserID="S-1-5-18"></Security>
</System>
<UserData><CbsPackageInitiateChanges xmlns="http://manifests.microsoft.com/win/2004/08/windows/setup_provider"><PackageIdentifier>KB3065988</PackageIdentifier>
<InitialPackageState>Absent</InitialPackageState>
<IntendedPackageState>Staged</IntendedPackageState>
<Client>WindowsUpdateAgent</Client>
</CbsPackageInitiateChanges>
</UserData>
</Event>

<Event xmlns="http://schemas.microsoft.com/win/2004/08/events/event"><System><Provider Name="Microsoft-Windows-Servicing" Guid="bd12f3b8-fc40-4a61-a307-b7a013a069c1"></Provider>
<EventID Qualifiers="">3</EventID>
<Version>0</Version>
<Level>0</Level>
<Task>1</Task>
<Opcode>0</Opcode>
<Keywords>0x8000000000000000</Keywords>
<TimeCreated SystemTime="2015-07-15 12:58:05.705538"></TimeCreated>
<EventRecordID>4064</EventRecordID>
<Correlation ActivityID="" RelatedActivityID=""></Correlation>
<Execution ProcessID="2692" ThreadID="3876"></Execution>
<Channel>Setup</Channel>
<Computer>b99902049-PC</Computer>
<Security UserID="S-1-5-18"></Security>
</System>
<UserData><CbsPackageChangeState xmlns="http://manifests.microsoft.com/win/2004/08/windows/setup_provider"><PackageIdentifier>KB3065988</PackageIdentifier>
<IntendedPackageState>Staged</IntendedPackageState>
<ErrorCode>0x800f0816</ErrorCode>
<Client>WindowsUpdateAgent</Client>
</CbsPackageChangeState>
</UserData>
</Event>

<Event xmlns="http://schemas.microsoft.com/win/2004/08/events/event"><System><Provider Name="Microsoft-Windows-Servicing" Guid="bd12f3b8-fc40-4a61-a307-b7a013a069c1"></Provider>
<EventID Qualifiers="">1</EventID>
<Version>0</Version>
<Level>0</Level>
<Task>1</Task>
<Opcode>0</Opcode>
<Keywords>0x8000000000000000</Keywords>
<TimeCreated SystemTime="2015-07-15 12:58:08.837614"></TimeCreated>
<EventRecordID>4065</EventRecordID>
<Correlation ActivityID="" RelatedActivityID=""></Correlation>
<Execution ProcessID="2692" ThreadID="3876"></Execution>
<Channel>Setup</Channel>
<Computer>b99902049-PC</Computer>
<Security UserID="S-1-5-18"></Security>
</System>
<UserData><CbsPackageInitiateChanges xmlns="http://manifests.microsoft.com/win/2004/08/windows/setup_provider"><PackageIdentifier>KB3070102</PackageIdentifier>
<InitialPackageState>Absent</InitialPackageState>
<IntendedPackageState>Staged</IntendedPackageState>
<Client>WindowsUpdateAgent</Client>
</CbsPackageInitiateChanges>
</UserData>
</Event>

<Event xmlns="http://schemas.microsoft.com/win/2004/08/events/event"><System><Provider Name="Microsoft-Windows-Servicing" Guid="bd12f3b8-fc40-4a61-a307-b7a013a069c1"></Provider>
<EventID Qualifiers="">3</EventID>
<Version>0</Version>
<Level>0</Level>
<Task>1</Task>
<Opcode>0</Opcode>
<Keywords>0x8000000000000000</Keywords>
<TimeCreated SystemTime="2015-07-15 12:58:12.976353"></TimeCreated>
<EventRecordID>4066</EventRecordID>
<Correlation ActivityID="" RelatedActivityID=""></Correlation>
<Execution ProcessID="2692" ThreadID="3876"></Execution>
<Channel>Setup</Channel>
<Computer>b99902049-PC</Computer>
<Security UserID="S-1-5-18"></Security>
</System>
<UserData><CbsPackageChangeState xmlns="http://manifests.microsoft.com/win/2004/08/windows/setup_provider"><PackageIdentifier>KB3070102</PackageIdentifier>
<IntendedPackageState>Staged</IntendedPackageState>
<ErrorCode>0x800f0816</ErrorCode>
<Client>WindowsUpdateAgent</Client>
</CbsPackageChangeState>
</UserData>
</Event>

<Event xmlns="http://schemas.microsoft.com/win/2004/08/events/event"><System><Provider Name="Microsoft-Windows-Servicing" Guid="bd12f3b8-fc40-4a61-a307-b7a013a069c1"></Provider>
<EventID Qualifiers="">1</EventID>
<Version>0</Version>
<Level>0</Level>
<Task>1</Task>
<Opcode>0</Opcode>
<Keywords>0x8000000000000000</Keywords>
<TimeCreated SystemTime="2015-07-15 12:58:15.225843"></TimeCreated>
<EventRecordID>4067</EventRecordID>
<Correlation ActivityID="" RelatedActivityID=""></Correlation>
<Execution ProcessID="2692" ThreadID="3876"></Execution>
<Channel>Setup</Channel>
<Computer>b99902049-PC</Computer>
<Security UserID="S-1-5-18"></Security>
</System>
<UserData><CbsPackageInitiateChanges xmlns="http://manifests.microsoft.com/win/2004/08/windows/setup_provider"><PackageIdentifier>KB3053863</PackageIdentifier>
<InitialPackageState>Absent</InitialPackageState>
<IntendedPackageState>Staged</IntendedPackageState>
<Client>WindowsUpdateAgent</Client>
</CbsPackageInitiateChanges>
</UserData>
</Event>

<Event xmlns="http://schemas.microsoft.com/win/2004/08/events/event"><System><Provider Name="Microsoft-Windows-Servicing" Guid="bd12f3b8-fc40-4a61-a307-b7a013a069c1"></Provider>
<EventID Qualifiers="">3</EventID>
<Version>0</Version>
<Level>0</Level>
<Task>1</Task>
<Opcode>0</Opcode>
<Keywords>0x8000000000000000</Keywords>
<TimeCreated SystemTime="2015-07-15 12:58:16.578741"></TimeCreated>
<EventRecordID>4068</EventRecordID>
<Correlation ActivityID="" RelatedActivityID=""></Correlation>
<Execution ProcessID="2692" ThreadID="3876"></Execution>
<Channel>Setup</Channel>
<Computer>b99902049-PC</Computer>
<Security UserID="S-1-5-18"></Security>
</System>
<UserData><CbsPackageChangeState xmlns="http://manifests.microsoft.com/win/2004/08/windows/setup_provider"><PackageIdentifier>KB3053863</PackageIdentifier>
<IntendedPackageState>Staged</IntendedPackageState>
<ErrorCode>0x800f0816</ErrorCode>
<Client>WindowsUpdateAgent</Client>
</CbsPackageChangeState>
</UserData>
</Event>

<Event xmlns="http://schemas.microsoft.com/win/2004/08/events/event"><System><Provider Name="Microsoft-Windows-Servicing" Guid="bd12f3b8-fc40-4a61-a307-b7a013a069c1"></Provider>
<EventID Qualifiers="">1</EventID>
<Version>0</Version>
<Level>0</Level>
<Task>1</Task>
<Opcode>0</Opcode>
<Keywords>0x8000000000000000</Keywords>
<TimeCreated SystemTime="2015-07-15 13:54:47.512070"></TimeCreated>
<EventRecordID>4069</EventRecordID>
<Correlation ActivityID="" RelatedActivityID=""></Correlation>
<Execution ProcessID="4368" ThreadID="2280"></Execution>
<Channel>Setup</Channel>
<Computer>b99902049-PC</Computer>
<Security UserID="S-1-5-18"></Security>
</System>
<UserData><CbsPackageInitiateChanges xmlns="http://manifests.microsoft.com/win/2004/08/windows/setup_provider"><PackageIdentifier>KB3049989</PackageIdentifier>
<InitialPackageState>Resolved</InitialPackageState>
<IntendedPackageState>Installed</IntendedPackageState>
<Client>WindowsUpdateAgent</Client>
</CbsPackageInitiateChanges>
</UserData>
</Event>

<Event xmlns="http://schemas.microsoft.com/win/2004/08/events/event"><System><Provider Name="Microsoft-Windows-Servicing" Guid="bd12f3b8-fc40-4a61-a307-b7a013a069c1"></Provider>
<EventID Qualifiers="">2</EventID>
<Version>0</Version>
<Level>0</Level>
<Task>1</Task>
<Opcode>0</Opcode>
<Keywords>0x8000000000000000</Keywords>
<TimeCreated SystemTime="2015-07-15 13:58:17.913465"></TimeCreated>
<EventRecordID>4070</EventRecordID>
<Correlation ActivityID="" RelatedActivityID=""></Correlation>
<Execution ProcessID="4368" ThreadID="2280"></Execution>
<Channel>Setup</Channel>
<Computer>b99902049-PC</Computer>
<Security UserID="S-1-5-18"></Security>
</System>
<UserData><CbsPackageChangeState xmlns="http://manifests.microsoft.com/win/2004/08/windows/setup_provider"><PackageIdentifier>KB3049989</PackageIdentifier>
<IntendedPackageState>Installed</IntendedPackageState>
<ErrorCode>0x0</ErrorCode>
<Client>WindowsUpdateAgent</Client>
</CbsPackageChangeState>
</UserData>
</Event>

<Event xmlns="http://schemas.microsoft.com/win/2004/08/events/event"><System><Provider Name="Microsoft-Windows-Servicing" Guid="bd12f3b8-fc40-4a61-a307-b7a013a069c1"></Provider>
<EventID Qualifiers="">1</EventID>
<Version>0</Version>
<Level>0</Level>
<Task>1</Task>
<Opcode>0</Opcode>
<Keywords>0x8000000000000000</Keywords>
<TimeCreated SystemTime="2015-07-15 13:58:30.360575"></TimeCreated>
<EventRecordID>4071</EventRecordID>
<Correlation ActivityID="" RelatedActivityID=""></Correlation>
<Execution ProcessID="4368" ThreadID="2280"></Execution>
<Channel>Setup</Channel>
<Computer>b99902049-PC</Computer>
<Security UserID="S-1-5-18"></Security>
</System>
<UserData><CbsPackageInitiateChanges xmlns="http://manifests.microsoft.com/win/2004/08/windows/setup_provider"><PackageIdentifier>KB3063843</PackageIdentifier>
<InitialPackageState>Resolved</InitialPackageState>
<IntendedPackageState>Installed</IntendedPackageState>
<Client>WindowsUpdateAgent</Client>
</CbsPackageInitiateChanges>
</UserData>
</Event>

<Event xmlns="http://schemas.microsoft.com/win/2004/08/events/event"><System><Provider Name="Microsoft-Windows-Servicing" Guid="bd12f3b8-fc40-4a61-a307-b7a013a069c1"></Provider>
<EventID Qualifiers="">1</EventID>
<Version>0</Version>
<Level>0</Level>
<Task>1</Task>
<Opcode>0</Opcode>
<Keywords>0x8000000000000000</Keywords>
<TimeCreated SystemTime="2015-07-15 13:58:32.804752"></TimeCreated>
<EventRecordID>4072</EventRecordID>
<Correlation ActivityID="" RelatedActivityID=""></Correlation>
<Execution ProcessID="4368" ThreadID="2280"></Execution>
<Channel>Setup</Channel>
<Computer>b99902049-PC</Computer>
<Security UserID="S-1-5-18"></Security>
</System>
<UserData><CbsPackageInitiateChanges xmlns="http://manifests.microsoft.com/win/2004/08/windows/setup_provider"><PackageIdentifier>KB3061421</PackageIdentifier>
<InitialPackageState>Resolved</InitialPackageState>
<IntendedPackageState>Installed</IntendedPackageState>
<Client>WindowsUpdateAgent</Client>
</CbsPackageInitiateChanges>
</UserData>
</Event>

<Event xmlns="http://schemas.microsoft.com/win/2004/08/events/event"><System><Provider Name="Microsoft-Windows-Servicing" Guid="bd12f3b8-fc40-4a61-a307-b7a013a069c1"></Provider>
<EventID Qualifiers="">2</EventID>
<Version>0</Version>
<Level>0</Level>
<Task>1</Task>
<Opcode>0</Opcode>
<Keywords>0x8000000000000000</Keywords>
<TimeCreated SystemTime="2015-07-15 13:58:38.800592"></TimeCreated>
<EventRecordID>4073</EventRecordID>
<Correlation ActivityID="" RelatedActivityID=""></Correlation>
<Execution ProcessID="4368" ThreadID="2280"></Execution>
<Channel>Setup</Channel>
<Computer>b99902049-PC</Computer>
<Security UserID="S-1-5-18"></Security>
</System>
<UserData><CbsPackageChangeState xmlns="http://manifests.microsoft.com/win/2004/08/windows/setup_provider"><PackageIdentifier>KB3061421</PackageIdentifier>
<IntendedPackageState>Installed</IntendedPackageState>
<ErrorCode>0x0</ErrorCode>
<Client>WindowsUpdateAgent</Client>
</CbsPackageChangeState>
</UserData>
</Event>

<Event xmlns="http://schemas.microsoft.com/win/2004/08/events/event"><System><Provider Name="Microsoft-Windows-Servicing" Guid="bd12f3b8-fc40-4a61-a307-b7a013a069c1"></Provider>
<EventID Qualifiers="">1</EventID>
<Version>0</Version>
<Level>0</Level>
<Task>1</Task>
<Opcode>0</Opcode>
<Keywords>0x8000000000000000</Keywords>
<TimeCreated SystemTime="2015-07-15 13:58:39.318933"></TimeCreated>
<EventRecordID>4074</EventRecordID>
<Correlation ActivityID="" RelatedActivityID=""></Correlation>
<Execution ProcessID="4368" ThreadID="2280"></Execution>
<Channel>Setup</Channel>
<Computer>b99902049-PC</Computer>
<Security UserID="S-1-5-18"></Security>
</System>
<UserData><CbsPackageInitiateChanges xmlns="http://manifests.microsoft.com/win/2004/08/windows/setup_provider"><PackageIdentifier>KB3061468</PackageIdentifier>
<InitialPackageState>Resolved</InitialPackageState>
<IntendedPackageState>Installed</IntendedPackageState>
<Client>WindowsUpdateAgent</Client>
</CbsPackageInitiateChanges>
</UserData>
</Event>

<Event xmlns="http://schemas.microsoft.com/win/2004/08/events/event"><System><Provider Name="Microsoft-Windows-Servicing" Guid="bd12f3b8-fc40-4a61-a307-b7a013a069c1"></Provider>
<EventID Qualifiers="">1</EventID>
<Version>0</Version>
<Level>0</Level>
<Task>1</Task>
<Opcode>0</Opcode>
<Keywords>0x8000000000000000</Keywords>
<TimeCreated SystemTime="2015-07-15 13:58:45.122267"></TimeCreated>
<EventRecordID>4075</EventRecordID>
<Correlation ActivityID="" RelatedActivityID=""></Correlation>
<Execution ProcessID="4368" ThreadID="2280"></Execution>
<Channel>Setup</Channel>
<Computer>b99902049-PC</Computer>
<Security UserID="S-1-5-18"></Security>
</System>
<UserData><CbsPackageInitiateChanges xmlns="http://manifests.microsoft.com/win/2004/08/windows/setup_provider"><PackageIdentifier>KB3059316</PackageIdentifier>
<InitialPackageState>Resolved</InitialPackageState>
<IntendedPackageState>Installed</IntendedPackageState>
<Client>WindowsUpdateAgent</Client>
</CbsPackageInitiateChanges>
</UserData>
</Event>

<Event xmlns="http://schemas.microsoft.com/win/2004/08/events/event"><System><Provider Name="Microsoft-Windows-Servicing" Guid="bd12f3b8-fc40-4a61-a307-b7a013a069c1"></Provider>
<EventID Qualifiers="">1</EventID>
<Version>0</Version>
<Level>0</Level>
<Task>1</Task>
<Opcode>0</Opcode>
<Keywords>0x8000000000000000</Keywords>
<TimeCreated SystemTime="2015-07-15 13:58:47.184063"></TimeCreated>
<EventRecordID>4076</EventRecordID>
<Correlation ActivityID="" RelatedActivityID=""></Correlation>
<Execution ProcessID="4368" ThreadID="2280"></Execution>
<Channel>Setup</Channel>
<Computer>b99902049-PC</Computer>
<Security UserID="S-1-5-18"></Security>
</System>
<UserData><CbsPackageInitiateChanges xmlns="http://manifests.microsoft.com/win/2004/08/windows/setup_provider"><PackageIdentifier>KB3072633</PackageIdentifier>
<InitialPackageState>Resolved</InitialPackageState>
<IntendedPackageState>Installed</IntendedPackageState>
<Client>WindowsUpdateAgent</Client>
</CbsPackageInitiateChanges>
</UserData>
</Event>

<Event xmlns="http://schemas.microsoft.com/win/2004/08/events/event"><System><Provider Name="Microsoft-Windows-Servicing" Guid="bd12f3b8-fc40-4a61-a307-b7a013a069c1"></Provider>
<EventID Qualifiers="">1</EventID>
<Version>0</Version>
<Level>0</Level>
<Task>1</Task>
<Opcode>0</Opcode>
<Keywords>0x8000000000000000</Keywords>
<TimeCreated SystemTime="2015-07-15 13:58:50.523951"></TimeCreated>
<EventRecordID>4077</EventRecordID>
<Correlation ActivityID="" RelatedActivityID=""></Correlation>
<Execution ProcessID="4368" ThreadID="2280"></Execution>
<Channel>Setup</Channel>
<Computer>b99902049-PC</Computer>
<Security UserID="S-1-5-18"></Security>
</System>
<UserData><CbsPackageInitiateChanges xmlns="http://manifests.microsoft.com/win/2004/08/windows/setup_provider"><PackageIdentifier>KB3060383</PackageIdentifier>
<InitialPackageState>Resolved</InitialPackageState>
<IntendedPackageState>Installed</IntendedPackageState>
<Client>WindowsUpdateAgent</Client>
</CbsPackageInitiateChanges>
</UserData>
</Event>

<Event xmlns="http://schemas.microsoft.com/win/2004/08/events/event"><System><Provider Name="Microsoft-Windows-Servicing" Guid="bd12f3b8-fc40-4a61-a307-b7a013a069c1"></Provider>
<EventID Qualifiers="">1</EventID>
<Version>0</Version>
<Level>0</Level>
<Task>1</Task>
<Opcode>0</Opcode>
<Keywords>0x8000000000000000</Keywords>
<TimeCreated SystemTime="2015-07-15 14:01:14.207340"></TimeCreated>
<EventRecordID>4078</EventRecordID>
<Correlation ActivityID="" RelatedActivityID=""></Correlation>
<Execution ProcessID="5852" ThreadID="2884"></Execution>
<Channel>Setup</Channel>
<Computer>b99902049-PC</Computer>
<Security UserID="S-1-5-18"></Security>
</System>
<UserData><CbsPackageInitiateChanges xmlns="http://manifests.microsoft.com/win/2004/08/windows/setup_provider"><PackageIdentifier>KB3069392</PackageIdentifier>
<InitialPackageState>Resolved</InitialPackageState>
<IntendedPackageState>Installed</IntendedPackageState>
<Client>WindowsUpdateAgent</Client>
</CbsPackageInitiateChanges>
</UserData>
</Event>

<Event xmlns="http://schemas.microsoft.com/win/2004/08/events/event"><System><Provider Name="Microsoft-Windows-Servicing" Guid="bd12f3b8-fc40-4a61-a307-b7a013a069c1"></Provider>
<EventID Qualifiers="">1</EventID>
<Version>0</Version>
<Level>0</Level>
<Task>1</Task>
<Opcode>0</Opcode>
<Keywords>0x8000000000000000</Keywords>
<TimeCreated SystemTime="2015-07-15 14:02:39.496893"></TimeCreated>
<EventRecordID>4079</EventRecordID>
<Correlation ActivityID="" RelatedActivityID=""></Correlation>
<Execution ProcessID="5852" ThreadID="2884"></Execution>
<Channel>Setup</Channel>
<Computer>b99902049-PC</Computer>
<Security UserID="S-1-5-18"></Security>
</System>
<UserData><CbsPackageInitiateChanges xmlns="http://manifests.microsoft.com/win/2004/08/windows/setup_provider"><PackageIdentifier>KB3064059</PackageIdentifier>
<InitialPackageState>Resolved</InitialPackageState>
<IntendedPackageState>Installed</IntendedPackageState>
<Client>WindowsUpdateAgent</Client>
</CbsPackageInitiateChanges>
</UserData>
</Event>

<Event xmlns="http://schemas.microsoft.com/win/2004/08/events/event"><System><Provider Name="Microsoft-Windows-Servicing" Guid="bd12f3b8-fc40-4a61-a307-b7a013a069c1"></Provider>
<EventID Qualifiers="">2</EventID>
<Version>0</Version>
<Level>0</Level>
<Task>1</Task>
<Opcode>0</Opcode>
<Keywords>0x8000000000000000</Keywords>
<TimeCreated SystemTime="2015-07-15 14:03:53.844130"></TimeCreated>
<EventRecordID>4080</EventRecordID>
<Correlation ActivityID="" RelatedActivityID=""></Correlation>
<Execution ProcessID="5852" ThreadID="2884"></Execution>
<Channel>Setup</Channel>
<Computer>b99902049-PC</Computer>
<Security UserID="S-1-5-18"></Security>
</System>
<UserData><CbsPackageChangeState xmlns="http://manifests.microsoft.com/win/2004/08/windows/setup_provider"><PackageIdentifier>KB3064059</PackageIdentifier>
<IntendedPackageState>Installed</IntendedPackageState>
<ErrorCode>0x0</ErrorCode>
<Client>WindowsUpdateAgent</Client>
</CbsPackageChangeState>
</UserData>
</Event>

<Event xmlns="http://schemas.microsoft.com/win/2004/08/events/event"><System><Provider Name="Microsoft-Windows-Servicing" Guid="bd12f3b8-fc40-4a61-a307-b7a013a069c1"></Provider>
<EventID Qualifiers="">1</EventID>
<Version>0</Version>
<Level>0</Level>
<Task>1</Task>
<Opcode>0</Opcode>
<Keywords>0x8000000000000000</Keywords>
<TimeCreated SystemTime="2015-07-15 14:11:14.167093"></TimeCreated>
<EventRecordID>4081</EventRecordID>
<Correlation ActivityID="" RelatedActivityID=""></Correlation>
<Execution ProcessID="6912" ThreadID="6920"></Execution>
<Channel>Setup</Channel>
<Computer>b99902049-PC</Computer>
<Security UserID="S-1-5-18"></Security>
</System>
<UserData><CbsPackageInitiateChanges xmlns="http://manifests.microsoft.com/win/2004/08/windows/setup_provider"><PackageIdentifier>KB3065822</PackageIdentifier>
<InitialPackageState>Resolved</InitialPackageState>
<IntendedPackageState>Installed</IntendedPackageState>
<Client>WindowsUpdateAgent</Client>
</CbsPackageInitiateChanges>
</UserData>
</Event>

<Event xmlns="http://schemas.microsoft.com/win/2004/08/events/event"><System><Provider Name="Microsoft-Windows-Servicing" Guid="bd12f3b8-fc40-4a61-a307-b7a013a069c1"></Provider>
<EventID Qualifiers="">1</EventID>
<Version>0</Version>
<Level>0</Level>
<Task>1</Task>
<Opcode>0</Opcode>
<Keywords>0x8000000000000000</Keywords>
<TimeCreated SystemTime="2015-07-15 14:11:39.268719"></TimeCreated>
<EventRecordID>4082</EventRecordID>
<Correlation ActivityID="" RelatedActivityID=""></Correlation>
<Execution ProcessID="6912" ThreadID="6920"></Execution>
<Channel>Setup</Channel>
<Computer>b99902049-PC</Computer>
<Security UserID="S-1-5-18"></Security>
</System>
<UserData><CbsPackageInitiateChanges xmlns="http://manifests.microsoft.com/win/2004/08/windows/setup_provider"><PackageIdentifier>KB3074886</PackageIdentifier>
<InitialPackageState>Resolved</InitialPackageState>
<IntendedPackageState>Installed</IntendedPackageState>
<Client>WindowsUpdateAgent</Client>
</CbsPackageInitiateChanges>
</UserData>
</Event>

<Event xmlns="http://schemas.microsoft.com/win/2004/08/events/event"><System><Provider Name="Microsoft-Windows-Servicing" Guid="bd12f3b8-fc40-4a61-a307-b7a013a069c1"></Provider>
<EventID Qualifiers="">1</EventID>
<Version>0</Version>
<Level>0</Level>
<Task>1</Task>
<Opcode>0</Opcode>
<Keywords>0x8000000000000000</Keywords>
<TimeCreated SystemTime="2015-07-15 14:11:48.931120"></TimeCreated>
<EventRecordID>4083</EventRecordID>
<Correlation ActivityID="" RelatedActivityID=""></Correlation>
<Execution ProcessID="6912" ThreadID="6920"></Execution>
<Channel>Setup</Channel>
<Computer>b99902049-PC</Computer>
<Security UserID="S-1-5-18"></Security>
</System>
<UserData><CbsPackageInitiateChanges xmlns="http://manifests.microsoft.com/win/2004/08/windows/setup_provider"><PackageIdentifier>KB3075516</PackageIdentifier>
<InitialPackageState>Resolved</InitialPackageState>
<IntendedPackageState>Installed</IntendedPackageState>
<Client>WindowsUpdateAgent</Client>
</CbsPackageInitiateChanges>
</UserData>
</Event>

<Event xmlns="http://schemas.microsoft.com/win/2004/08/events/event"><System><Provider Name="Microsoft-Windows-Servicing" Guid="bd12f3b8-fc40-4a61-a307-b7a013a069c1"></Provider>
<EventID Qualifiers="">1</EventID>
<Version>0</Version>
<Level>0</Level>
<Task>1</Task>
<Opcode>0</Opcode>
<Keywords>0x8000000000000000</Keywords>
<TimeCreated SystemTime="2015-07-15 14:13:42.557375"></TimeCreated>
<EventRecordID>4084</EventRecordID>
<Correlation ActivityID="" RelatedActivityID=""></Correlation>
<Execution ProcessID="6912" ThreadID="6920"></Execution>
<Channel>Setup</Channel>
<Computer>b99902049-PC</Computer>
<Security UserID="S-1-5-18"></Security>
</System>
<UserData><CbsPackageInitiateChanges xmlns="http://manifests.microsoft.com/win/2004/08/windows/setup_provider"><PackageIdentifier>KB3054256</PackageIdentifier>
<InitialPackageState>Resolved</InitialPackageState>
<IntendedPackageState>Installed</IntendedPackageState>
<Client>WindowsUpdateAgent</Client>
</CbsPackageInitiateChanges>
</UserData>
</Event>

<Event xmlns="http://schemas.microsoft.com/win/2004/08/events/event"><System><Provider Name="Microsoft-Windows-Servicing" Guid="bd12f3b8-fc40-4a61-a307-b7a013a069c1"></Provider>
<EventID Qualifiers="">1</EventID>
<Version>0</Version>
<Level>0</Level>
<Task>1</Task>
<Opcode>0</Opcode>
<Keywords>0x8000000000000000</Keywords>
<TimeCreated SystemTime="2015-07-15 14:15:00.042698"></TimeCreated>
<EventRecordID>4085</EventRecordID>
<Correlation ActivityID="" RelatedActivityID=""></Correlation>
<Execution ProcessID="6912" ThreadID="6920"></Execution>
<Channel>Setup</Channel>
<Computer>b99902049-PC</Computer>
<Security UserID="S-1-5-18"></Security>
</System>
<UserData><CbsPackageInitiateChanges xmlns="http://manifests.microsoft.com/win/2004/08/windows/setup_provider"><PackageIdentifier>KB2976978</PackageIdentifier>
<InitialPackageState>Resolved</InitialPackageState>
<IntendedPackageState>Installed</IntendedPackageState>
<Client>WindowsUpdateAgent</Client>
</CbsPackageInitiateChanges>
</UserData>
</Event>

<Event xmlns="http://schemas.microsoft.com/win/2004/08/events/event"><System><Provider Name="Microsoft-Windows-Servicing" Guid="bd12f3b8-fc40-4a61-a307-b7a013a069c1"></Provider>
<EventID Qualifiers="">2</EventID>
<Version>0</Version>
<Level>0</Level>
<Task>1</Task>
<Opcode>0</Opcode>
<Keywords>0x8000000000000000</Keywords>
<TimeCreated SystemTime="2015-07-15 14:16:16.956640"></TimeCreated>
<EventRecordID>4086</EventRecordID>
<Correlation ActivityID="" RelatedActivityID=""></Correlation>
<Execution ProcessID="6912" ThreadID="6920"></Execution>
<Channel>Setup</Channel>
<Computer>b99902049-PC</Computer>
<Security UserID="S-1-5-18"></Security>
</System>
<UserData><CbsPackageChangeState xmlns="http://manifests.microsoft.com/win/2004/08/windows/setup_provider"><PackageIdentifier>KB2976978</PackageIdentifier>
<IntendedPackageState>Installed</IntendedPackageState>
<ErrorCode>0x0</ErrorCode>
<Client>WindowsUpdateAgent</Client>
</CbsPackageChangeState>
</UserData>
</Event>

<Event xmlns="http://schemas.microsoft.com/win/2004/08/events/event"><System><Provider Name="Microsoft-Windows-Servicing" Guid="bd12f3b8-fc40-4a61-a307-b7a013a069c1"></Provider>
<EventID Qualifiers="">1</EventID>
<Version>0</Version>
<Level>0</Level>
<Task>1</Task>
<Opcode>0</Opcode>
<Keywords>0x8000000000000000</Keywords>
<TimeCreated SystemTime="2015-07-15 14:16:53.910114"></TimeCreated>
<EventRecordID>4087</EventRecordID>
<Correlation ActivityID="" RelatedActivityID=""></Correlation>
<Execution ProcessID="6912" ThreadID="6920"></Execution>
<Channel>Setup</Channel>
<Computer>b99902049-PC</Computer>
<Security UserID="S-1-5-18"></Security>
</System>
<UserData><CbsPackageInitiateChanges xmlns="http://manifests.microsoft.com/win/2004/08/windows/setup_provider"><PackageIdentifier>KB3077657</PackageIdentifier>
<InitialPackageState>Resolved</InitialPackageState>
<IntendedPackageState>Installed</IntendedPackageState>
<Client>WindowsUpdateAgent</Client>
</CbsPackageInitiateChanges>
</UserData>
</Event>

<Event xmlns="http://schemas.microsoft.com/win/2004/08/events/event"><System><Provider Name="Microsoft-Windows-Servicing" Guid="bd12f3b8-fc40-4a61-a307-b7a013a069c1"></Provider>
<EventID Qualifiers="">4</EventID>
<Version>0</Version>
<Level>0</Level>
<Task>1</Task>
<Opcode>0</Opcode>
<Keywords>0x8000000000000000</Keywords>
<TimeCreated SystemTime="2015-07-15 14:16:55.913441"></TimeCreated>
<EventRecordID>4088</EventRecordID>
<Correlation ActivityID="" RelatedActivityID=""></Correlation>
<Execution ProcessID="6912" ThreadID="6920"></Execution>
<Channel>Setup</Channel>
<Computer>b99902049-PC</Computer>
<Security UserID="S-1-5-18"></Security>
</System>
<UserData><CbsPackageChangeState xmlns="http://manifests.microsoft.com/win/2004/08/windows/setup_provider"><PackageIdentifier>KB3077657</PackageIdentifier>
<IntendedPackageState>Installed</IntendedPackageState>
<ErrorCode>0x0</ErrorCode>
<Client>WindowsUpdateAgent</Client>
</CbsPackageChangeState>
</UserData>
</Event>

<Event xmlns="http://schemas.microsoft.com/win/2004/08/events/event"><System><Provider Name="Microsoft-Windows-Servicing" Guid="bd12f3b8-fc40-4a61-a307-b7a013a069c1"></Provider>
<EventID Qualifiers="">1</EventID>
<Version>0</Version>
<Level>0</Level>
<Task>1</Task>
<Opcode>0</Opcode>
<Keywords>0x8000000000000000</Keywords>
<TimeCreated SystemTime="2015-07-15 14:16:56.242659"></TimeCreated>
<EventRecordID>4089</EventRecordID>
<Correlation ActivityID="" RelatedActivityID=""></Correlation>
<Execution ProcessID="6912" ThreadID="6920"></Execution>
<Channel>Setup</Channel>
<Computer>b99902049-PC</Computer>
<Security UserID="S-1-5-18"></Security>
</System>
<UserData><CbsPackageInitiateChanges xmlns="http://manifests.microsoft.com/win/2004/08/windows/setup_provider"><PackageIdentifier>KB3060793</PackageIdentifier>
<InitialPackageState>Resolved</InitialPackageState>
<IntendedPackageState>Installed</IntendedPackageState>
<Client>WindowsUpdateAgent</Client>
</CbsPackageInitiateChanges>
</UserData>
</Event>

<Event xmlns="http://schemas.microsoft.com/win/2004/08/events/event"><System><Provider Name="Microsoft-Windows-Servicing" Guid="bd12f3b8-fc40-4a61-a307-b7a013a069c1"></Provider>
<EventID Qualifiers="">4</EventID>
<Version>0</Version>
<Level>0</Level>
<Task>1</Task>
<Opcode>0</Opcode>
<Keywords>0x8000000000000000</Keywords>
<TimeCreated SystemTime="2015-07-15 14:16:58.434111"></TimeCreated>
<EventRecordID>4090</EventRecordID>
<Correlation ActivityID="" RelatedActivityID=""></Correlation>
<Execution ProcessID="6912" ThreadID="6920"></Execution>
<Channel>Setup</Channel>
<Computer>b99902049-PC</Computer>
<Security UserID="S-1-5-18"></Security>
</System>
<UserData><CbsPackageChangeState xmlns="http://manifests.microsoft.com/win/2004/08/windows/setup_provider"><PackageIdentifier>KB3060793</PackageIdentifier>
<IntendedPackageState>Installed</IntendedPackageState>
<ErrorCode>0x0</ErrorCode>
<Client>WindowsUpdateAgent</Client>
</CbsPackageChangeState>
</UserData>
</Event>

<Event xmlns="http://schemas.microsoft.com/win/2004/08/events/event"><System><Provider Name="Microsoft-Windows-Servicing" Guid="bd12f3b8-fc40-4a61-a307-b7a013a069c1"></Provider>
<EventID Qualifiers="">1</EventID>
<Version>0</Version>
<Level>0</Level>
<Task>1</Task>
<Opcode>0</Opcode>
<Keywords>0x8000000000000000</Keywords>
<TimeCreated SystemTime="2015-07-15 14:16:58.708292"></TimeCreated>
<EventRecordID>4091</EventRecordID>
<Correlation ActivityID="" RelatedActivityID=""></Correlation>
<Execution ProcessID="6912" ThreadID="6920"></Execution>
<Channel>Setup</Channel>
<Computer>b99902049-PC</Computer>
<Security UserID="S-1-5-18"></Security>
</System>
<UserData><CbsPackageInitiateChanges xmlns="http://manifests.microsoft.com/win/2004/08/windows/setup_provider"><PackageIdentifier>KB3013791</PackageIdentifier>
<InitialPackageState>Resolved</InitialPackageState>
<IntendedPackageState>Installed</IntendedPackageState>
<Client>WindowsUpdateAgent</Client>
</CbsPackageInitiateChanges>
</UserData>
</Event>

<Event xmlns="http://schemas.microsoft.com/win/2004/08/events/event"><System><Provider Name="Microsoft-Windows-Servicing" Guid="bd12f3b8-fc40-4a61-a307-b7a013a069c1"></Provider>
<EventID Qualifiers="">4</EventID>
<Version>0</Version>
<Level>0</Level>
<Task>1</Task>
<Opcode>0</Opcode>
<Keywords>0x8000000000000000</Keywords>
<TimeCreated SystemTime="2015-07-15 14:17:00.238304"></TimeCreated>
<EventRecordID>4092</EventRecordID>
<Correlation ActivityID="" RelatedActivityID=""></Correlation>
<Execution ProcessID="6912" ThreadID="6920"></Execution>
<Channel>Setup</Channel>
<Computer>b99902049-PC</Computer>
<Security UserID="S-1-5-18"></Security>
</System>
<UserData><CbsPackageChangeState xmlns="http://manifests.microsoft.com/win/2004/08/windows/setup_provider"><PackageIdentifier>KB3013791</PackageIdentifier>
<IntendedPackageState>Installed</IntendedPackageState>
<ErrorCode>0x0</ErrorCode>
<Client>WindowsUpdateAgent</Client>
</CbsPackageChangeState>
</UserData>
</Event>

<Event xmlns="http://schemas.microsoft.com/win/2004/08/events/event"><System><Provider Name="Microsoft-Windows-Servicing" Guid="bd12f3b8-fc40-4a61-a307-b7a013a069c1"></Provider>
<EventID Qualifiers="">1</EventID>
<Version>0</Version>
<Level>0</Level>
<Task>1</Task>
<Opcode>0</Opcode>
<Keywords>0x8000000000000000</Keywords>
<TimeCreated SystemTime="2015-07-15 14:17:00.438440"></TimeCreated>
<EventRecordID>4093</EventRecordID>
<Correlation ActivityID="" RelatedActivityID=""></Correlation>
<Execution ProcessID="6912" ThreadID="6920"></Execution>
<Channel>Setup</Channel>
<Computer>b99902049-PC</Computer>
<Security UserID="S-1-5-18"></Security>
</System>
<UserData><CbsPackageInitiateChanges xmlns="http://manifests.microsoft.com/win/2004/08/windows/setup_provider"><PackageIdentifier>KB3029606</PackageIdentifier>
<InitialPackageState>Resolved</InitialPackageState>
<IntendedPackageState>Installed</IntendedPackageState>
<Client>WindowsUpdateAgent</Client>
</CbsPackageInitiateChanges>
</UserData>
</Event>

<Event xmlns="http://schemas.microsoft.com/win/2004/08/events/event"><System><Provider Name="Microsoft-Windows-Servicing" Guid="bd12f3b8-fc40-4a61-a307-b7a013a069c1"></Provider>
<EventID Qualifiers="">4</EventID>
<Version>0</Version>
<Level>0</Level>
<Task>1</Task>
<Opcode>0</Opcode>
<Keywords>0x8000000000000000</Keywords>
<TimeCreated SystemTime="2015-07-15 14:17:02.181591"></TimeCreated>
<EventRecordID>4094</EventRecordID>
<Correlation ActivityID="" RelatedActivityID=""></Correlation>
<Execution ProcessID="6912" ThreadID="6920"></Execution>
<Channel>Setup</Channel>
<Computer>b99902049-PC</Computer>
<Security UserID="S-1-5-18"></Security>
</System>
<UserData><CbsPackageChangeState xmlns="http://manifests.microsoft.com/win/2004/08/windows/setup_provider"><PackageIdentifier>KB3029606</PackageIdentifier>
<IntendedPackageState>Installed</IntendedPackageState>
<ErrorCode>0x0</ErrorCode>
<Client>WindowsUpdateAgent</Client>
</CbsPackageChangeState>
</UserData>
</Event>

<Event xmlns="http://schemas.microsoft.com/win/2004/08/events/event"><System><Provider Name="Microsoft-Windows-Servicing" Guid="bd12f3b8-fc40-4a61-a307-b7a013a069c1"></Provider>
<EventID Qualifiers="">1</EventID>
<Version>0</Version>
<Level>0</Level>
<Task>1</Task>
<Opcode>0</Opcode>
<Keywords>0x8000000000000000</Keywords>
<TimeCreated SystemTime="2015-07-15 14:17:24.623457"></TimeCreated>
<EventRecordID>4095</EventRecordID>
<Correlation ActivityID="" RelatedActivityID=""></Correlation>
<Execution ProcessID="6912" ThreadID="6920"></Execution>
<Channel>Setup</Channel>
<Computer>b99902049-PC</Computer>
<Security UserID="S-1-5-18"></Security>
</System>
<UserData><CbsPackageInitiateChanges xmlns="http://manifests.microsoft.com/win/2004/08/windows/setup_provider"><PackageIdentifier>KB3061512</PackageIdentifier>
<InitialPackageState>Resolved</InitialPackageState>
<IntendedPackageState>Installed</IntendedPackageState>
<Client>WindowsUpdateAgent</Client>
</CbsPackageInitiateChanges>
</UserData>
</Event>

<Event xmlns="http://schemas.microsoft.com/win/2004/08/events/event"><System><Provider Name="Microsoft-Windows-Servicing" Guid="bd12f3b8-fc40-4a61-a307-b7a013a069c1"></Provider>
<EventID Qualifiers="">4</EventID>
<Version>0</Version>
<Level>0</Level>
<Task>1</Task>
<Opcode>0</Opcode>
<Keywords>0x8000000000000000</Keywords>
<TimeCreated SystemTime="2015-07-15 14:17:26.697830"></TimeCreated>
<EventRecordID>4096</EventRecordID>
<Correlation ActivityID="" RelatedActivityID=""></Correlation>
<Execution ProcessID="6912" ThreadID="6920"></Execution>
<Channel>Setup</Channel>
<Computer>b99902049-PC</Computer>
<Security UserID="S-1-5-18"></Security>
</System>
<UserData><CbsPackageChangeState xmlns="http://manifests.microsoft.com/win/2004/08/windows/setup_provider"><PackageIdentifier>KB3061512</PackageIdentifier>
<IntendedPackageState>Installed</IntendedPackageState>
<ErrorCode>0x0</ErrorCode>
<Client>WindowsUpdateAgent</Client>
</CbsPackageChangeState>
</UserData>
</Event>

<Event xmlns="http://schemas.microsoft.com/win/2004/08/events/event"><System><Provider Name="Microsoft-Windows-Servicing" Guid="bd12f3b8-fc40-4a61-a307-b7a013a069c1"></Provider>
<EventID Qualifiers="">1</EventID>
<Version>0</Version>
<Level>0</Level>
<Task>1</Task>
<Opcode>0</Opcode>
<Keywords>0x8000000000000000</Keywords>
<TimeCreated SystemTime="2015-07-15 14:17:32.079395"></TimeCreated>
<EventRecordID>4097</EventRecordID>
<Correlation ActivityID="" RelatedActivityID=""></Correlation>
<Execution ProcessID="6912" ThreadID="6920"></Execution>
<Channel>Setup</Channel>
<Computer>b99902049-PC</Computer>
<Security UserID="S-1-5-18"></Security>
</System>
<UserData><CbsPackageInitiateChanges xmlns="http://manifests.microsoft.com/win/2004/08/windows/setup_provider"><PackageIdentifier>KB3018467</PackageIdentifier>
<InitialPackageState>Resolved</InitialPackageState>
<IntendedPackageState>Installed</IntendedPackageState>
<Client>WindowsUpdateAgent</Client>
</CbsPackageInitiateChanges>
</UserData>
</Event>

<Event xmlns="http://schemas.microsoft.com/win/2004/08/events/event"><System><Provider Name="Microsoft-Windows-Servicing" Guid="bd12f3b8-fc40-4a61-a307-b7a013a069c1"></Provider>
<EventID Qualifiers="">4</EventID>
<Version>0</Version>
<Level>0</Level>
<Task>1</Task>
<Opcode>0</Opcode>
<Keywords>0x8000000000000000</Keywords>
<TimeCreated SystemTime="2015-07-15 14:17:40.210779"></TimeCreated>
<EventRecordID>4098</EventRecordID>
<Correlation ActivityID="" RelatedActivityID=""></Correlation>
<Execution ProcessID="6912" ThreadID="6920"></Execution>
<Channel>Setup</Channel>
<Computer>b99902049-PC</Computer>
<Security UserID="S-1-5-18"></Security>
</System>
<UserData><CbsPackageChangeState xmlns="http://manifests.microsoft.com/win/2004/08/windows/setup_provider"><PackageIdentifier>KB3018467</PackageIdentifier>
<IntendedPackageState>Installed</IntendedPackageState>
<ErrorCode>0x0</ErrorCode>
<Client>WindowsUpdateAgent</Client>
</CbsPackageChangeState>
</UserData>
</Event>

<Event xmlns="http://schemas.microsoft.com/win/2004/08/events/event"><System><Provider Name="Microsoft-Windows-Servicing" Guid="bd12f3b8-fc40-4a61-a307-b7a013a069c1"></Provider>
<EventID Qualifiers="">1</EventID>
<Version>0</Version>
<Level>0</Level>
<Task>1</Task>
<Opcode>0</Opcode>
<Keywords>0x8000000000000000</Keywords>
<TimeCreated SystemTime="2015-07-15 14:18:07.024540"></TimeCreated>
<EventRecordID>4099</EventRecordID>
<Correlation ActivityID="" RelatedActivityID=""></Correlation>
<Execution ProcessID="6912" ThreadID="6920"></Execution>
<Channel>Setup</Channel>
<Computer>b99902049-PC</Computer>
<Security UserID="S-1-5-18"></Security>
</System>
<UserData><CbsPackageInitiateChanges xmlns="http://manifests.microsoft.com/win/2004/08/windows/setup_provider"><PackageIdentifier>KB3056347</PackageIdentifier>
<InitialPackageState>Resolved</InitialPackageState>
<IntendedPackageState>Installed</IntendedPackageState>
<Client>WindowsUpdateAgent</Client>
</CbsPackageInitiateChanges>
</UserData>
</Event>

<Event xmlns="http://schemas.microsoft.com/win/2004/08/events/event"><System><Provider Name="Microsoft-Windows-Servicing" Guid="bd12f3b8-fc40-4a61-a307-b7a013a069c1"></Provider>
<EventID Qualifiers="">4</EventID>
<Version>0</Version>
<Level>0</Level>
<Task>1</Task>
<Opcode>0</Opcode>
<Keywords>0x8000000000000000</Keywords>
<TimeCreated SystemTime="2015-07-15 14:18:14.410431"></TimeCreated>
<EventRecordID>4100</EventRecordID>
<Correlation ActivityID="" RelatedActivityID=""></Correlation>
<Execution ProcessID="6912" ThreadID="6920"></Execution>
<Channel>Setup</Channel>
<Computer>b99902049-PC</Computer>
<Security UserID="S-1-5-18"></Security>
</System>
<UserData><CbsPackageChangeState xmlns="http://manifests.microsoft.com/win/2004/08/windows/setup_provider"><PackageIdentifier>KB3056347</PackageIdentifier>
<IntendedPackageState>Installed</IntendedPackageState>
<ErrorCode>0x0</ErrorCode>
<Client>WindowsUpdateAgent</Client>
</CbsPackageChangeState>
</UserData>
</Event>

<Event xmlns="http://schemas.microsoft.com/win/2004/08/events/event"><System><Provider Name="Microsoft-Windows-Servicing" Guid="bd12f3b8-fc40-4a61-a307-b7a013a069c1"></Provider>
<EventID Qualifiers="">1</EventID>
<Version>0</Version>
<Level>0</Level>
<Task>1</Task>
<Opcode>0</Opcode>
<Keywords>0x8000000000000000</Keywords>
<TimeCreated SystemTime="2015-07-15 14:18:14.689617"></TimeCreated>
<EventRecordID>4101</EventRecordID>
<Correlation ActivityID="" RelatedActivityID=""></Correlation>
<Execution ProcessID="6912" ThreadID="6920"></Execution>
<Channel>Setup</Channel>
<Computer>b99902049-PC</Computer>
<Security UserID="S-1-5-18"></Security>
</System>
<UserData><CbsPackageInitiateChanges xmlns="http://manifests.microsoft.com/win/2004/08/windows/setup_provider"><PackageIdentifier>KB3072630</PackageIdentifier>
<InitialPackageState>Resolved</InitialPackageState>
<IntendedPackageState>Installed</IntendedPackageState>
<Client>WindowsUpdateAgent</Client>
</CbsPackageInitiateChanges>
</UserData>
</Event>

<Event xmlns="http://schemas.microsoft.com/win/2004/08/events/event"><System><Provider Name="Microsoft-Windows-Servicing" Guid="bd12f3b8-fc40-4a61-a307-b7a013a069c1"></Provider>
<EventID Qualifiers="">4</EventID>
<Version>0</Version>
<Level>0</Level>
<Task>1</Task>
<Opcode>0</Opcode>
<Keywords>0x8000000000000000</Keywords>
<TimeCreated SystemTime="2015-07-15 14:18:22.267635"></TimeCreated>
<EventRecordID>4102</EventRecordID>
<Correlation ActivityID="" RelatedActivityID=""></Correlation>
<Execution ProcessID="6912" ThreadID="6920"></Execution>
<Channel>Setup</Channel>
<Computer>b99902049-PC</Computer>
<Security UserID="S-1-5-18"></Security>
</System>
<UserData><CbsPackageChangeState xmlns="http://manifests.microsoft.com/win/2004/08/windows/setup_provider"><PackageIdentifier>KB3072630</PackageIdentifier>
<IntendedPackageState>Installed</IntendedPackageState>
<ErrorCode>0x0</ErrorCode>
<Client>WindowsUpdateAgent</Client>
</CbsPackageChangeState>
</UserData>
</Event>

