<Event xmlns="http://schemas.microsoft.com/win/2004/08/events/event"><System><Provider Name="Microsoft-Windows-Servicing" Guid="bd12f3b8-fc40-4a61-a307-b7a013a069c1"></Provider>
<EventID Qualifiers="">1</EventID>
<Version>0</Version>
<Level>0</Level>
<Task>1</Task>
<Opcode>0</Opcode>
<Keywords>0x8000000000000000</Keywords>
<TimeCreated SystemTime="2015-05-25 11:04:45.446739"></TimeCreated>
<EventRecordID>3853</EventRecordID>
<Correlation ActivityID="" RelatedActivityID=""></Correlation>
<Execution ProcessID="3444" ThreadID="6352"></Execution>
<Channel>Setup</Channel>
<Computer>b99902049-PC</Computer>
<Security UserID="S-1-5-18"></Security>
</System>
<UserData><CbsPackageInitiateChanges xmlns="http://manifests.microsoft.com/win/2004/08/windows/setup_provider"><PackageIdentifier>KB3038562</PackageIdentifier>
<InitialPackageState>Resolved</InitialPackageState>
<IntendedPackageState>Installed</IntendedPackageState>
<Client>WindowsUpdateAgent</Client>
</CbsPackageInitiateChanges>
</UserData>
</Event>

<Event xmlns="http://schemas.microsoft.com/win/2004/08/events/event"><System><Provider Name="Microsoft-Windows-Servicing" Guid="bd12f3b8-fc40-4a61-a307-b7a013a069c1"></Provider>
<EventID Qualifiers="">1</EventID>
<Version>0</Version>
<Level>0</Level>
<Task>1</Task>
<Opcode>0</Opcode>
<Keywords>0x8000000000000000</Keywords>
<TimeCreated SystemTime="2015-05-25 11:04:49.058138"></TimeCreated>
<EventRecordID>3854</EventRecordID>
<Correlation ActivityID="" RelatedActivityID=""></Correlation>
<Execution ProcessID="3444" ThreadID="6352"></Execution>
<Channel>Setup</Channel>
<Computer>b99902049-PC</Computer>
<Security UserID="S-1-5-18"></Security>
</System>
<UserData><CbsPackageInitiateChanges xmlns="http://manifests.microsoft.com/win/2004/08/windows/setup_provider"><PackageIdentifier>KB3045992</PackageIdentifier>
<InitialPackageState>Resolved</InitialPackageState>
<IntendedPackageState>Installed</IntendedPackageState>
<Client>WindowsUpdateAgent</Client>
</CbsPackageInitiateChanges>
</UserData>
</Event>

<Event xmlns="http://schemas.microsoft.com/win/2004/08/events/event"><System><Provider Name="Microsoft-Windows-Servicing" Guid="bd12f3b8-fc40-4a61-a307-b7a013a069c1"></Provider>
<EventID Qualifiers="">1</EventID>
<Version>0</Version>
<Level>0</Level>
<Task>1</Task>
<Opcode>0</Opcode>
<Keywords>0x8000000000000000</Keywords>
<TimeCreated SystemTime="2015-05-25 11:04:50.493130"></TimeCreated>
<EventRecordID>3855</EventRecordID>
<Correlation ActivityID="" RelatedActivityID=""></Correlation>
<Execution ProcessID="3444" ThreadID="6352"></Execution>
<Channel>Setup</Channel>
<Computer>b99902049-PC</Computer>
<Security UserID="S-1-5-18"></Security>
</System>
<UserData><CbsPackageInitiateChanges xmlns="http://manifests.microsoft.com/win/2004/08/windows/setup_provider"><PackageIdentifier>KB3037924</PackageIdentifier>
<InitialPackageState>Resolved</InitialPackageState>
<IntendedPackageState>Installed</IntendedPackageState>
<Client>WindowsUpdateAgent</Client>
</CbsPackageInitiateChanges>
</UserData>
</Event>

<Event xmlns="http://schemas.microsoft.com/win/2004/08/events/event"><System><Provider Name="Microsoft-Windows-Servicing" Guid="bd12f3b8-fc40-4a61-a307-b7a013a069c1"></Provider>
<EventID Qualifiers="">1</EventID>
<Version>0</Version>
<Level>0</Level>
<Task>1</Task>
<Opcode>0</Opcode>
<Keywords>0x8000000000000000</Keywords>
<TimeCreated SystemTime="2015-05-25 11:04:51.758928"></TimeCreated>
<EventRecordID>3856</EventRecordID>
<Correlation ActivityID="" RelatedActivityID=""></Correlation>
<Execution ProcessID="3444" ThreadID="6352"></Execution>
<Channel>Setup</Channel>
<Computer>b99902049-PC</Computer>
<Security UserID="S-1-5-18"></Security>
</System>
<UserData><CbsPackageInitiateChanges xmlns="http://manifests.microsoft.com/win/2004/08/windows/setup_provider"><PackageIdentifier>KB3044673</PackageIdentifier>
<InitialPackageState>Resolved</InitialPackageState>
<IntendedPackageState>Installed</IntendedPackageState>
<Client>WindowsUpdateAgent</Client>
</CbsPackageInitiateChanges>
</UserData>
</Event>

<Event xmlns="http://schemas.microsoft.com/win/2004/08/events/event"><System><Provider Name="Microsoft-Windows-Servicing" Guid="bd12f3b8-fc40-4a61-a307-b7a013a069c1"></Provider>
<EventID Qualifiers="">1</EventID>
<Version>0</Version>
<Level>0</Level>
<Task>1</Task>
<Opcode>0</Opcode>
<Keywords>0x8000000000000000</Keywords>
<TimeCreated SystemTime="2015-05-25 11:11:19.419144"></TimeCreated>
<EventRecordID>3857</EventRecordID>
<Correlation ActivityID="" RelatedActivityID=""></Correlation>
<Execution ProcessID="5520" ThreadID="6960"></Execution>
<Channel>Setup</Channel>
<Computer>b99902049-PC</Computer>
<Security UserID="S-1-5-18"></Security>
</System>
<UserData><CbsPackageInitiateChanges xmlns="http://manifests.microsoft.com/win/2004/08/windows/setup_provider"><PackageIdentifier>KB3045717</PackageIdentifier>
<InitialPackageState>Resolved</InitialPackageState>
<IntendedPackageState>Installed</IntendedPackageState>
<Client>WindowsUpdateAgent</Client>
</CbsPackageInitiateChanges>
</UserData>
</Event>

<Event xmlns="http://schemas.microsoft.com/win/2004/08/events/event"><System><Provider Name="Microsoft-Windows-Servicing" Guid="bd12f3b8-fc40-4a61-a307-b7a013a069c1"></Provider>
<EventID Qualifiers="">2</EventID>
<Version>0</Version>
<Level>0</Level>
<Task>1</Task>
<Opcode>0</Opcode>
<Keywords>0x8000000000000000</Keywords>
<TimeCreated SystemTime="2015-05-25 11:12:18.807547"></TimeCreated>
<EventRecordID>3858</EventRecordID>
<Correlation ActivityID="" RelatedActivityID=""></Correlation>
<Execution ProcessID="5520" ThreadID="6960"></Execution>
<Channel>Setup</Channel>
<Computer>b99902049-PC</Computer>
<Security UserID="S-1-5-18"></Security>
</System>
<UserData><CbsPackageChangeState xmlns="http://manifests.microsoft.com/win/2004/08/windows/setup_provider"><PackageIdentifier>KB3045717</PackageIdentifier>
<IntendedPackageState>Installed</IntendedPackageState>
<ErrorCode>0x0</ErrorCode>
<Client>WindowsUpdateAgent</Client>
</CbsPackageChangeState>
</UserData>
</Event>

<Event xmlns="http://schemas.microsoft.com/win/2004/08/events/event"><System><Provider Name="Microsoft-Windows-Servicing" Guid="bd12f3b8-fc40-4a61-a307-b7a013a069c1"></Provider>
<EventID Qualifiers="">1</EventID>
<Version>0</Version>
<Level>0</Level>
<Task>1</Task>
<Opcode>0</Opcode>
<Keywords>0x8000000000000000</Keywords>
<TimeCreated SystemTime="2015-05-25 11:12:19.137787"></TimeCreated>
<EventRecordID>3859</EventRecordID>
<Correlation ActivityID="" RelatedActivityID=""></Correlation>
<Execution ProcessID="5520" ThreadID="6960"></Execution>
<Channel>Setup</Channel>
<Computer>b99902049-PC</Computer>
<Security UserID="S-1-5-18"></Security>
</System>
<UserData><CbsPackageInitiateChanges xmlns="http://manifests.microsoft.com/win/2004/08/windows/setup_provider"><PackageIdentifier>KB3054169</PackageIdentifier>
<InitialPackageState>Resolved</InitialPackageState>
<IntendedPackageState>Installed</IntendedPackageState>
<Client>WindowsUpdateAgent</Client>
</CbsPackageInitiateChanges>
</UserData>
</Event>

<Event xmlns="http://schemas.microsoft.com/win/2004/08/events/event"><System><Provider Name="Microsoft-Windows-Servicing" Guid="bd12f3b8-fc40-4a61-a307-b7a013a069c1"></Provider>
<EventID Qualifiers="">1</EventID>
<Version>0</Version>
<Level>0</Level>
<Task>1</Task>
<Opcode>0</Opcode>
<Keywords>0x8000000000000000</Keywords>
<TimeCreated SystemTime="2015-05-25 11:12:20.980991"></TimeCreated>
<EventRecordID>3860</EventRecordID>
<Correlation ActivityID="" RelatedActivityID=""></Correlation>
<Execution ProcessID="5520" ThreadID="6960"></Execution>
<Channel>Setup</Channel>
<Computer>b99902049-PC</Computer>
<Security UserID="S-1-5-18"></Security>
</System>
<UserData><CbsPackageInitiateChanges xmlns="http://manifests.microsoft.com/win/2004/08/windows/setup_provider"><PackageIdentifier>KB3043812</PackageIdentifier>
<InitialPackageState>Resolved</InitialPackageState>
<IntendedPackageState>Installed</IntendedPackageState>
<Client>WindowsUpdateAgent</Client>
</CbsPackageInitiateChanges>
</UserData>
</Event>

<Event xmlns="http://schemas.microsoft.com/win/2004/08/events/event"><System><Provider Name="Microsoft-Windows-Servicing" Guid="bd12f3b8-fc40-4a61-a307-b7a013a069c1"></Provider>
<EventID Qualifiers="">2</EventID>
<Version>0</Version>
<Level>0</Level>
<Task>1</Task>
<Opcode>0</Opcode>
<Keywords>0x8000000000000000</Keywords>
<TimeCreated SystemTime="2015-05-25 11:12:23.728813"></TimeCreated>
<EventRecordID>3861</EventRecordID>
<Correlation ActivityID="" RelatedActivityID=""></Correlation>
<Execution ProcessID="5520" ThreadID="6960"></Execution>
<Channel>Setup</Channel>
<Computer>b99902049-PC</Computer>
<Security UserID="S-1-5-18"></Security>
</System>
<UserData><CbsPackageChangeState xmlns="http://manifests.microsoft.com/win/2004/08/windows/setup_provider"><PackageIdentifier>KB3043812</PackageIdentifier>
<IntendedPackageState>Installed</IntendedPackageState>
<ErrorCode>0x0</ErrorCode>
<Client>WindowsUpdateAgent</Client>
</CbsPackageChangeState>
</UserData>
</Event>

<Event xmlns="http://schemas.microsoft.com/win/2004/08/events/event"><System><Provider Name="Microsoft-Windows-Servicing" Guid="bd12f3b8-fc40-4a61-a307-b7a013a069c1"></Provider>
<EventID Qualifiers="">1</EventID>
<Version>0</Version>
<Level>0</Level>
<Task>1</Task>
<Opcode>0</Opcode>
<Keywords>0x8000000000000000</Keywords>
<TimeCreated SystemTime="2015-05-25 11:12:24.066067"></TimeCreated>
<EventRecordID>3862</EventRecordID>
<Correlation ActivityID="" RelatedActivityID=""></Correlation>
<Execution ProcessID="5520" ThreadID="6960"></Execution>
<Channel>Setup</Channel>
<Computer>b99902049-PC</Computer>
<Security UserID="S-1-5-18"></Security>
</System>
<UserData><CbsPackageInitiateChanges xmlns="http://manifests.microsoft.com/win/2004/08/windows/setup_provider"><PackageIdentifier>KB3046737</PackageIdentifier>
<InitialPackageState>Absent</InitialPackageState>
<IntendedPackageState>Installed</IntendedPackageState>
<Client>WindowsUpdateAgent</Client>
</CbsPackageInitiateChanges>
</UserData>
</Event>

<Event xmlns="http://schemas.microsoft.com/win/2004/08/events/event"><System><Provider Name="Microsoft-Windows-Servicing" Guid="bd12f3b8-fc40-4a61-a307-b7a013a069c1"></Provider>
<EventID Qualifiers="">2</EventID>
<Version>0</Version>
<Level>0</Level>
<Task>1</Task>
<Opcode>0</Opcode>
<Keywords>0x8000000000000000</Keywords>
<TimeCreated SystemTime="2015-05-25 11:12:28.388905"></TimeCreated>
<EventRecordID>3863</EventRecordID>
<Correlation ActivityID="" RelatedActivityID=""></Correlation>
<Execution ProcessID="5520" ThreadID="6960"></Execution>
<Channel>Setup</Channel>
<Computer>b99902049-PC</Computer>
<Security UserID="S-1-5-18"></Security>
</System>
<UserData><CbsPackageChangeState xmlns="http://manifests.microsoft.com/win/2004/08/windows/setup_provider"><PackageIdentifier>KB3046737</PackageIdentifier>
<IntendedPackageState>Installed</IntendedPackageState>
<ErrorCode>0x0</ErrorCode>
<Client>WindowsUpdateAgent</Client>
</CbsPackageChangeState>
</UserData>
</Event>

<Event xmlns="http://schemas.microsoft.com/win/2004/08/events/event"><System><Provider Name="Microsoft-Windows-Servicing" Guid="bd12f3b8-fc40-4a61-a307-b7a013a069c1"></Provider>
<EventID Qualifiers="">1</EventID>
<Version>0</Version>
<Level>0</Level>
<Task>1</Task>
<Opcode>0</Opcode>
<Keywords>0x8000000000000000</Keywords>
<TimeCreated SystemTime="2015-05-25 11:12:29.051346"></TimeCreated>
<EventRecordID>3864</EventRecordID>
<Correlation ActivityID="" RelatedActivityID=""></Correlation>
<Execution ProcessID="5520" ThreadID="6960"></Execution>
<Channel>Setup</Channel>
<Computer>b99902049-PC</Computer>
<Security UserID="S-1-5-18"></Security>
</System>
<UserData><CbsPackageInitiateChanges xmlns="http://manifests.microsoft.com/win/2004/08/windows/setup_provider"><PackageIdentifier>KB3013538</PackageIdentifier>
<InitialPackageState>Resolved</InitialPackageState>
<IntendedPackageState>Installed</IntendedPackageState>
<Client>WindowsUpdateAgent</Client>
</CbsPackageInitiateChanges>
</UserData>
</Event>

<Event xmlns="http://schemas.microsoft.com/win/2004/08/events/event"><System><Provider Name="Microsoft-Windows-Servicing" Guid="bd12f3b8-fc40-4a61-a307-b7a013a069c1"></Provider>
<EventID Qualifiers="">2</EventID>
<Version>0</Version>
<Level>0</Level>
<Task>1</Task>
<Opcode>0</Opcode>
<Keywords>0x8000000000000000</Keywords>
<TimeCreated SystemTime="2015-05-25 11:12:31.629055"></TimeCreated>
<EventRecordID>3865</EventRecordID>
<Correlation ActivityID="" RelatedActivityID=""></Correlation>
<Execution ProcessID="5520" ThreadID="6960"></Execution>
<Channel>Setup</Channel>
<Computer>b99902049-PC</Computer>
<Security UserID="S-1-5-18"></Security>
</System>
<UserData><CbsPackageChangeState xmlns="http://manifests.microsoft.com/win/2004/08/windows/setup_provider"><PackageIdentifier>KB3013538</PackageIdentifier>
<IntendedPackageState>Installed</IntendedPackageState>
<ErrorCode>0x0</ErrorCode>
<Client>WindowsUpdateAgent</Client>
</CbsPackageChangeState>
</UserData>
</Event>

<Event xmlns="http://schemas.microsoft.com/win/2004/08/events/event"><System><Provider Name="Microsoft-Windows-Servicing" Guid="bd12f3b8-fc40-4a61-a307-b7a013a069c1"></Provider>
<EventID Qualifiers="">1</EventID>
<Version>0</Version>
<Level>0</Level>
<Task>1</Task>
<Opcode>0</Opcode>
<Keywords>0x8000000000000000</Keywords>
<TimeCreated SystemTime="2015-05-25 11:12:31.963278"></TimeCreated>
<EventRecordID>3866</EventRecordID>
<Correlation ActivityID="" RelatedActivityID=""></Correlation>
<Execution ProcessID="5520" ThreadID="6960"></Execution>
<Channel>Setup</Channel>
<Computer>b99902049-PC</Computer>
<Security UserID="S-1-5-18"></Security>
</System>
<UserData><CbsPackageInitiateChanges xmlns="http://manifests.microsoft.com/win/2004/08/windows/setup_provider"><PackageIdentifier>KB3045719</PackageIdentifier>
<InitialPackageState>Resolved</InitialPackageState>
<IntendedPackageState>Installed</IntendedPackageState>
<Client>WindowsUpdateAgent</Client>
</CbsPackageInitiateChanges>
</UserData>
</Event>

<Event xmlns="http://schemas.microsoft.com/win/2004/08/events/event"><System><Provider Name="Microsoft-Windows-Servicing" Guid="bd12f3b8-fc40-4a61-a307-b7a013a069c1"></Provider>
<EventID Qualifiers="">2</EventID>
<Version>0</Version>
<Level>0</Level>
<Task>1</Task>
<Opcode>0</Opcode>
<Keywords>0x8000000000000000</Keywords>
<TimeCreated SystemTime="2015-05-25 11:12:34.147728"></TimeCreated>
<EventRecordID>3867</EventRecordID>
<Correlation ActivityID="" RelatedActivityID=""></Correlation>
<Execution ProcessID="5520" ThreadID="6960"></Execution>
<Channel>Setup</Channel>
<Computer>b99902049-PC</Computer>
<Security UserID="S-1-5-18"></Security>
</System>
<UserData><CbsPackageChangeState xmlns="http://manifests.microsoft.com/win/2004/08/windows/setup_provider"><PackageIdentifier>KB3045719</PackageIdentifier>
<IntendedPackageState>Installed</IntendedPackageState>
<ErrorCode>0x0</ErrorCode>
<Client>WindowsUpdateAgent</Client>
</CbsPackageChangeState>
</UserData>
</Event>

<Event xmlns="http://schemas.microsoft.com/win/2004/08/events/event"><System><Provider Name="Microsoft-Windows-Servicing" Guid="bd12f3b8-fc40-4a61-a307-b7a013a069c1"></Provider>
<EventID Qualifiers="">1</EventID>
<Version>0</Version>
<Level>0</Level>
<Task>1</Task>
<Opcode>0</Opcode>
<Keywords>0x8000000000000000</Keywords>
<TimeCreated SystemTime="2015-05-25 11:12:34.606031"></TimeCreated>
<EventRecordID>3868</EventRecordID>
<Correlation ActivityID="" RelatedActivityID=""></Correlation>
<Execution ProcessID="5520" ThreadID="6960"></Execution>
<Channel>Setup</Channel>
<Computer>b99902049-PC</Computer>
<Security UserID="S-1-5-18"></Security>
</System>
<UserData><CbsPackageInitiateChanges xmlns="http://manifests.microsoft.com/win/2004/08/windows/setup_provider"><PackageIdentifier>KB3046480</PackageIdentifier>
<InitialPackageState>Resolved</InitialPackageState>
<IntendedPackageState>Installed</IntendedPackageState>
<Client>WindowsUpdateAgent</Client>
</CbsPackageInitiateChanges>
</UserData>
</Event>

<Event xmlns="http://schemas.microsoft.com/win/2004/08/events/event"><System><Provider Name="Microsoft-Windows-Servicing" Guid="bd12f3b8-fc40-4a61-a307-b7a013a069c1"></Provider>
<EventID Qualifiers="">1</EventID>
<Version>0</Version>
<Level>0</Level>
<Task>1</Task>
<Opcode>0</Opcode>
<Keywords>0x8000000000000000</Keywords>
<TimeCreated SystemTime="2015-05-25 11:12:35.333517"></TimeCreated>
<EventRecordID>3869</EventRecordID>
<Correlation ActivityID="" RelatedActivityID=""></Correlation>
<Execution ProcessID="5520" ThreadID="6960"></Execution>
<Channel>Setup</Channel>
<Computer>b99902049-PC</Computer>
<Security UserID="S-1-5-18"></Security>
</System>
<UserData><CbsPackageInitiateChanges xmlns="http://manifests.microsoft.com/win/2004/08/windows/setup_provider"><PackageIdentifier>KB3048043</PackageIdentifier>
<InitialPackageState>Resolved</InitialPackageState>
<IntendedPackageState>Installed</IntendedPackageState>
<Client>WindowsUpdateAgent</Client>
</CbsPackageInitiateChanges>
</UserData>
</Event>

<Event xmlns="http://schemas.microsoft.com/win/2004/08/events/event"><System><Provider Name="Microsoft-Windows-Servicing" Guid="bd12f3b8-fc40-4a61-a307-b7a013a069c1"></Provider>
<EventID Qualifiers="">4</EventID>
<Version>0</Version>
<Level>0</Level>
<Task>1</Task>
<Opcode>0</Opcode>
<Keywords>0x8000000000000000</Keywords>
<TimeCreated SystemTime="2015-05-25 11:12:37.240776"></TimeCreated>
<EventRecordID>3870</EventRecordID>
<Correlation ActivityID="" RelatedActivityID=""></Correlation>
<Execution ProcessID="5520" ThreadID="6960"></Execution>
<Channel>Setup</Channel>
<Computer>b99902049-PC</Computer>
<Security UserID="S-1-5-18"></Security>
</System>
<UserData><CbsPackageChangeState xmlns="http://manifests.microsoft.com/win/2004/08/windows/setup_provider"><PackageIdentifier>KB3048043</PackageIdentifier>
<IntendedPackageState>Installed</IntendedPackageState>
<ErrorCode>0x0</ErrorCode>
<Client>WindowsUpdateAgent</Client>
</CbsPackageChangeState>
</UserData>
</Event>

<Event xmlns="http://schemas.microsoft.com/win/2004/08/events/event"><System><Provider Name="Microsoft-Windows-Servicing" Guid="bd12f3b8-fc40-4a61-a307-b7a013a069c1"></Provider>
<EventID Qualifiers="">1</EventID>
<Version>0</Version>
<Level>0</Level>
<Task>1</Task>
<Opcode>0</Opcode>
<Keywords>0x8000000000000000</Keywords>
<TimeCreated SystemTime="2015-05-25 11:13:04.876116"></TimeCreated>
<EventRecordID>3871</EventRecordID>
<Correlation ActivityID="" RelatedActivityID=""></Correlation>
<Execution ProcessID="5520" ThreadID="6960"></Execution>
<Channel>Setup</Channel>
<Computer>b99902049-PC</Computer>
<Security UserID="S-1-5-18"></Security>
</System>
<UserData><CbsPackageInitiateChanges xmlns="http://manifests.microsoft.com/win/2004/08/windows/setup_provider"><PackageIdentifier>KB3015696</PackageIdentifier>
<InitialPackageState>Resolved</InitialPackageState>
<IntendedPackageState>Installed</IntendedPackageState>
<Client>WindowsUpdateAgent</Client>
</CbsPackageInitiateChanges>
</UserData>
</Event>

<Event xmlns="http://schemas.microsoft.com/win/2004/08/events/event"><System><Provider Name="Microsoft-Windows-Servicing" Guid="bd12f3b8-fc40-4a61-a307-b7a013a069c1"></Provider>
<EventID Qualifiers="">4</EventID>
<Version>0</Version>
<Level>0</Level>
<Task>1</Task>
<Opcode>0</Opcode>
<Keywords>0x8000000000000000</Keywords>
<TimeCreated SystemTime="2015-05-25 11:13:06.694321"></TimeCreated>
<EventRecordID>3872</EventRecordID>
<Correlation ActivityID="" RelatedActivityID=""></Correlation>
<Execution ProcessID="5520" ThreadID="6960"></Execution>
<Channel>Setup</Channel>
<Computer>b99902049-PC</Computer>
<Security UserID="S-1-5-18"></Security>
</System>
<UserData><CbsPackageChangeState xmlns="http://manifests.microsoft.com/win/2004/08/windows/setup_provider"><PackageIdentifier>KB3015696</PackageIdentifier>
<IntendedPackageState>Installed</IntendedPackageState>
<ErrorCode>0x0</ErrorCode>
<Client>WindowsUpdateAgent</Client>
</CbsPackageChangeState>
</UserData>
</Event>

<Event xmlns="http://schemas.microsoft.com/win/2004/08/events/event"><System><Provider Name="Microsoft-Windows-Servicing" Guid="bd12f3b8-fc40-4a61-a307-b7a013a069c1"></Provider>
<EventID Qualifiers="">1</EventID>
<Version>0</Version>
<Level>0</Level>
<Task>1</Task>
<Opcode>0</Opcode>
<Keywords>0x8000000000000000</Keywords>
<TimeCreated SystemTime="2015-05-25 11:13:07.051559"></TimeCreated>
<EventRecordID>3873</EventRecordID>
<Correlation ActivityID="" RelatedActivityID=""></Correlation>
<Execution ProcessID="5520" ThreadID="6960"></Execution>
<Channel>Setup</Channel>
<Computer>b99902049-PC</Computer>
<Security UserID="S-1-5-18"></Security>
</System>
<UserData><CbsPackageInitiateChanges xmlns="http://manifests.microsoft.com/win/2004/08/windows/setup_provider"><PackageIdentifier>KB3047254</PackageIdentifier>
<InitialPackageState>Resolved</InitialPackageState>
<IntendedPackageState>Installed</IntendedPackageState>
<Client>WindowsUpdateAgent</Client>
</CbsPackageInitiateChanges>
</UserData>
</Event>

<Event xmlns="http://schemas.microsoft.com/win/2004/08/events/event"><System><Provider Name="Microsoft-Windows-Servicing" Guid="bd12f3b8-fc40-4a61-a307-b7a013a069c1"></Provider>
<EventID Qualifiers="">4</EventID>
<Version>0</Version>
<Level>0</Level>
<Task>1</Task>
<Opcode>0</Opcode>
<Keywords>0x8000000000000000</Keywords>
<TimeCreated SystemTime="2015-05-25 11:13:08.414463"></TimeCreated>
<EventRecordID>3874</EventRecordID>
<Correlation ActivityID="" RelatedActivityID=""></Correlation>
<Execution ProcessID="5520" ThreadID="6960"></Execution>
<Channel>Setup</Channel>
<Computer>b99902049-PC</Computer>
<Security UserID="S-1-5-18"></Security>
</System>
<UserData><CbsPackageChangeState xmlns="http://manifests.microsoft.com/win/2004/08/windows/setup_provider"><PackageIdentifier>KB3047254</PackageIdentifier>
<IntendedPackageState>Installed</IntendedPackageState>
<ErrorCode>0x0</ErrorCode>
<Client>WindowsUpdateAgent</Client>
</CbsPackageChangeState>
</UserData>
</Event>

<Event xmlns="http://schemas.microsoft.com/win/2004/08/events/event"><System><Provider Name="Microsoft-Windows-Servicing" Guid="bd12f3b8-fc40-4a61-a307-b7a013a069c1"></Provider>
<EventID Qualifiers="">1</EventID>
<Version>0</Version>
<Level>0</Level>
<Task>1</Task>
<Opcode>0</Opcode>
<Keywords>0x8000000000000000</Keywords>
<TimeCreated SystemTime="2015-05-25 11:13:08.641615"></TimeCreated>
<EventRecordID>3875</EventRecordID>
<Correlation ActivityID="" RelatedActivityID=""></Correlation>
<Execution ProcessID="5520" ThreadID="6960"></Execution>
<Channel>Setup</Channel>
<Computer>b99902049-PC</Computer>
<Security UserID="S-1-5-18"></Security>
</System>
<UserData><CbsPackageInitiateChanges xmlns="http://manifests.microsoft.com/win/2004/08/windows/setup_provider"><PackageIdentifier>KB3047255</PackageIdentifier>
<InitialPackageState>Resolved</InitialPackageState>
<IntendedPackageState>Installed</IntendedPackageState>
<Client>WindowsUpdateAgent</Client>
</CbsPackageInitiateChanges>
</UserData>
</Event>

<Event xmlns="http://schemas.microsoft.com/win/2004/08/events/event"><System><Provider Name="Microsoft-Windows-Servicing" Guid="bd12f3b8-fc40-4a61-a307-b7a013a069c1"></Provider>
<EventID Qualifiers="">4</EventID>
<Version>0</Version>
<Level>0</Level>
<Task>1</Task>
<Opcode>0</Opcode>
<Keywords>0x8000000000000000</Keywords>
<TimeCreated SystemTime="2015-05-25 11:13:09.868427"></TimeCreated>
<EventRecordID>3876</EventRecordID>
<Correlation ActivityID="" RelatedActivityID=""></Correlation>
<Execution ProcessID="5520" ThreadID="6960"></Execution>
<Channel>Setup</Channel>
<Computer>b99902049-PC</Computer>
<Security UserID="S-1-5-18"></Security>
</System>
<UserData><CbsPackageChangeState xmlns="http://manifests.microsoft.com/win/2004/08/windows/setup_provider"><PackageIdentifier>KB3047255</PackageIdentifier>
<IntendedPackageState>Installed</IntendedPackageState>
<ErrorCode>0x0</ErrorCode>
<Client>WindowsUpdateAgent</Client>
</CbsPackageChangeState>
</UserData>
</Event>

<Event xmlns="http://schemas.microsoft.com/win/2004/08/events/event"><System><Provider Name="Microsoft-Windows-Servicing" Guid="bd12f3b8-fc40-4a61-a307-b7a013a069c1"></Provider>
<EventID Qualifiers="">1</EventID>
<Version>0</Version>
<Level>0</Level>
<Task>1</Task>
<Opcode>0</Opcode>
<Keywords>0x8000000000000000</Keywords>
<TimeCreated SystemTime="2015-05-26 04:56:35.420160"></TimeCreated>
<EventRecordID>3877</EventRecordID>
<Correlation ActivityID="" RelatedActivityID=""></Correlation>
<Execution ProcessID="5428" ThreadID="3348"></Execution>
<Channel>Setup</Channel>
<Computer>b99902049-PC</Computer>
<Security UserID="S-1-5-18"></Security>
</System>
<UserData><CbsPackageInitiateChanges xmlns="http://manifests.microsoft.com/win/2004/08/windows/setup_provider"><PackageIdentifier>KB3035583</PackageIdentifier>
<InitialPackageState>Absent</InitialPackageState>
<IntendedPackageState>Staged</IntendedPackageState>
<Client>WindowsUpdateAgent</Client>
</CbsPackageInitiateChanges>
</UserData>
</Event>

<Event xmlns="http://schemas.microsoft.com/win/2004/08/events/event"><System><Provider Name="Microsoft-Windows-Servicing" Guid="bd12f3b8-fc40-4a61-a307-b7a013a069c1"></Provider>
<EventID Qualifiers="">3</EventID>
<Version>0</Version>
<Level>0</Level>
<Task>1</Task>
<Opcode>0</Opcode>
<Keywords>0x8000000000000000</Keywords>
<TimeCreated SystemTime="2015-05-26 04:56:38.557243"></TimeCreated>
<EventRecordID>3878</EventRecordID>
<Correlation ActivityID="" RelatedActivityID=""></Correlation>
<Execution ProcessID="5428" ThreadID="3348"></Execution>
<Channel>Setup</Channel>
<Computer>b99902049-PC</Computer>
<Security UserID="S-1-5-18"></Security>
</System>
<UserData><CbsPackageChangeState xmlns="http://manifests.microsoft.com/win/2004/08/windows/setup_provider"><PackageIdentifier>KB3035583</PackageIdentifier>
<IntendedPackageState>Staged</IntendedPackageState>
<ErrorCode>0x800f0816</ErrorCode>
<Client>WindowsUpdateAgent</Client>
</CbsPackageChangeState>
</UserData>
</Event>

<Event xmlns="http://schemas.microsoft.com/win/2004/08/events/event"><System><Provider Name="Microsoft-Windows-Servicing" Guid="bd12f3b8-fc40-4a61-a307-b7a013a069c1"></Provider>
<EventID Qualifiers="">1</EventID>
<Version>0</Version>
<Level>0</Level>
<Task>1</Task>
<Opcode>0</Opcode>
<Keywords>0x8000000000000000</Keywords>
<TimeCreated SystemTime="2015-05-26 07:55:29.494335"></TimeCreated>
<EventRecordID>3879</EventRecordID>
<Correlation ActivityID="" RelatedActivityID=""></Correlation>
<Execution ProcessID="4024" ThreadID="5576"></Execution>
<Channel>Setup</Channel>
<Computer>b99902049-PC</Computer>
<Security UserID="S-1-5-18"></Security>
</System>
<UserData><CbsPackageInitiateChanges xmlns="http://manifests.microsoft.com/win/2004/08/windows/setup_provider"><PackageIdentifier>KB3035583</PackageIdentifier>
<InitialPackageState>Resolved</InitialPackageState>
<IntendedPackageState>Installed</IntendedPackageState>
<Client>WindowsUpdateAgent</Client>
</CbsPackageInitiateChanges>
</UserData>
</Event>

<Event xmlns="http://schemas.microsoft.com/win/2004/08/events/event"><System><Provider Name="Microsoft-Windows-Servicing" Guid="bd12f3b8-fc40-4a61-a307-b7a013a069c1"></Provider>
<EventID Qualifiers="">4</EventID>
<Version>0</Version>
<Level>0</Level>
<Task>1</Task>
<Opcode>0</Opcode>
<Keywords>0x8000000000000000</Keywords>
<TimeCreated SystemTime="2015-05-26 07:55:33.005665"></TimeCreated>
<EventRecordID>3880</EventRecordID>
<Correlation ActivityID="" RelatedActivityID=""></Correlation>
<Execution ProcessID="4024" ThreadID="5576"></Execution>
<Channel>Setup</Channel>
<Computer>b99902049-PC</Computer>
<Security UserID="S-1-5-18"></Security>
</System>
<UserData><CbsPackageChangeState xmlns="http://manifests.microsoft.com/win/2004/08/windows/setup_provider"><PackageIdentifier>KB3035583</PackageIdentifier>
<IntendedPackageState>Installed</IntendedPackageState>
<ErrorCode>0x0</ErrorCode>
<Client>WindowsUpdateAgent</Client>
</CbsPackageChangeState>
</UserData>
</Event>

<Event xmlns="http://schemas.microsoft.com/win/2004/08/events/event"><System><Provider Name="Microsoft-Windows-Servicing" Guid="bd12f3b8-fc40-4a61-a307-b7a013a069c1"></Provider>
<EventID Qualifiers="">4</EventID>
<Version>0</Version>
<Level>0</Level>
<Task>1</Task>
<Opcode>0</Opcode>
<Keywords>0x8000000000000000</Keywords>
<TimeCreated SystemTime="2015-05-28 09:21:15.224894"></TimeCreated>
<EventRecordID>3881</EventRecordID>
<Correlation ActivityID="" RelatedActivityID=""></Correlation>
<Execution ProcessID="4308" ThreadID="464"></Execution>
<Channel>Setup</Channel>
<Computer>b99902049-PC</Computer>
<Security UserID="S-1-5-18"></Security>
</System>
<UserData><CbsPackageChangeState xmlns="http://manifests.microsoft.com/win/2004/08/windows/setup_provider"><PackageIdentifier>KB3038701</PackageIdentifier>
<IntendedPackageState>Installed</IntendedPackageState>
<ErrorCode>0x0</ErrorCode>
<Client>WindowsUpdateAgent</Client>
</CbsPackageChangeState>
</UserData>
</Event>

<Event xmlns="http://schemas.microsoft.com/win/2004/08/events/event"><System><Provider Name="Microsoft-Windows-Servicing" Guid="bd12f3b8-fc40-4a61-a307-b7a013a069c1"></Provider>
<EventID Qualifiers="">4</EventID>
<Version>0</Version>
<Level>0</Level>
<Task>1</Task>
<Opcode>0</Opcode>
<Keywords>0x8000000000000000</Keywords>
<TimeCreated SystemTime="2015-05-28 09:21:16.662457"></TimeCreated>
<EventRecordID>3882</EventRecordID>
<Correlation ActivityID="" RelatedActivityID=""></Correlation>
<Execution ProcessID="4308" ThreadID="464"></Execution>
<Channel>Setup</Channel>
<Computer>b99902049-PC</Computer>
<Security UserID="S-1-5-18"></Security>
</System>
<UserData><CbsPackageChangeState xmlns="http://manifests.microsoft.com/win/2004/08/windows/setup_provider"><PackageIdentifier>KB3013531</PackageIdentifier>
<IntendedPackageState>Installed</IntendedPackageState>
<ErrorCode>0x0</ErrorCode>
<Client>WindowsUpdateAgent</Client>
</CbsPackageChangeState>
</UserData>
</Event>

<Event xmlns="http://schemas.microsoft.com/win/2004/08/events/event"><System><Provider Name="Microsoft-Windows-Servicing" Guid="bd12f3b8-fc40-4a61-a307-b7a013a069c1"></Provider>
<EventID Qualifiers="">4</EventID>
<Version>0</Version>
<Level>0</Level>
<Task>1</Task>
<Opcode>0</Opcode>
<Keywords>0x8000000000000000</Keywords>
<TimeCreated SystemTime="2015-05-28 09:21:17.850012"></TimeCreated>
<EventRecordID>3883</EventRecordID>
<Correlation ActivityID="" RelatedActivityID=""></Correlation>
<Execution ProcessID="4308" ThreadID="464"></Execution>
<Channel>Setup</Channel>
<Computer>b99902049-PC</Computer>
<Security UserID="S-1-5-18"></Security>
</System>
<UserData><CbsPackageChangeState xmlns="http://manifests.microsoft.com/win/2004/08/windows/setup_provider"><PackageIdentifier>KB3033446</PackageIdentifier>
<IntendedPackageState>Installed</IntendedPackageState>
<ErrorCode>0x0</ErrorCode>
<Client>WindowsUpdateAgent</Client>
</CbsPackageChangeState>
</UserData>
</Event>

<Event xmlns="http://schemas.microsoft.com/win/2004/08/events/event"><System><Provider Name="Microsoft-Windows-Servicing" Guid="bd12f3b8-fc40-4a61-a307-b7a013a069c1"></Provider>
<EventID Qualifiers="">4</EventID>
<Version>0</Version>
<Level>0</Level>
<Task>1</Task>
<Opcode>0</Opcode>
<Keywords>0x8000000000000000</Keywords>
<TimeCreated SystemTime="2015-05-28 09:21:18.912563"></TimeCreated>
<EventRecordID>3884</EventRecordID>
<Correlation ActivityID="" RelatedActivityID=""></Correlation>
<Execution ProcessID="4308" ThreadID="464"></Execution>
<Channel>Setup</Channel>
<Computer>b99902049-PC</Computer>
<Security UserID="S-1-5-18"></Security>
</System>
<UserData><CbsPackageChangeState xmlns="http://manifests.microsoft.com/win/2004/08/windows/setup_provider"><PackageIdentifier>KB3038002</PackageIdentifier>
<IntendedPackageState>Installed</IntendedPackageState>
<ErrorCode>0x0</ErrorCode>
<Client>WindowsUpdateAgent</Client>
</CbsPackageChangeState>
</UserData>
</Event>

<Event xmlns="http://schemas.microsoft.com/win/2004/08/events/event"><System><Provider Name="Microsoft-Windows-Servicing" Guid="bd12f3b8-fc40-4a61-a307-b7a013a069c1"></Provider>
<EventID Qualifiers="">4</EventID>
<Version>0</Version>
<Level>0</Level>
<Task>1</Task>
<Opcode>0</Opcode>
<Keywords>0x8000000000000000</Keywords>
<TimeCreated SystemTime="2015-05-28 09:21:20.975163"></TimeCreated>
<EventRecordID>3885</EventRecordID>
<Correlation ActivityID="" RelatedActivityID=""></Correlation>
<Execution ProcessID="4308" ThreadID="464"></Execution>
<Channel>Setup</Channel>
<Computer>b99902049-PC</Computer>
<Security UserID="S-1-5-18"></Security>
</System>
<UserData><CbsPackageChangeState xmlns="http://manifests.microsoft.com/win/2004/08/windows/setup_provider"><PackageIdentifier>KB3038562</PackageIdentifier>
<IntendedPackageState>Installed</IntendedPackageState>
<ErrorCode>0x0</ErrorCode>
<Client>WindowsUpdateAgent</Client>
</CbsPackageChangeState>
</UserData>
</Event>

<Event xmlns="http://schemas.microsoft.com/win/2004/08/events/event"><System><Provider Name="Microsoft-Windows-Servicing" Guid="bd12f3b8-fc40-4a61-a307-b7a013a069c1"></Provider>
<EventID Qualifiers="">4</EventID>
<Version>0</Version>
<Level>0</Level>
<Task>1</Task>
<Opcode>0</Opcode>
<Keywords>0x8000000000000000</Keywords>
<TimeCreated SystemTime="2015-05-28 09:21:22.740875"></TimeCreated>
<EventRecordID>3886</EventRecordID>
<Correlation ActivityID="" RelatedActivityID=""></Correlation>
<Execution ProcessID="4308" ThreadID="464"></Execution>
<Channel>Setup</Channel>
<Computer>b99902049-PC</Computer>
<Security UserID="S-1-5-18"></Security>
</System>
<UserData><CbsPackageChangeState xmlns="http://manifests.microsoft.com/win/2004/08/windows/setup_provider"><PackageIdentifier>KB3045992</PackageIdentifier>
<IntendedPackageState>Installed</IntendedPackageState>
<ErrorCode>0x0</ErrorCode>
<Client>WindowsUpdateAgent</Client>
</CbsPackageChangeState>
</UserData>
</Event>

<Event xmlns="http://schemas.microsoft.com/win/2004/08/events/event"><System><Provider Name="Microsoft-Windows-Servicing" Guid="bd12f3b8-fc40-4a61-a307-b7a013a069c1"></Provider>
<EventID Qualifiers="">4</EventID>
<Version>0</Version>
<Level>0</Level>
<Task>1</Task>
<Opcode>0</Opcode>
<Keywords>0x8000000000000000</Keywords>
<TimeCreated SystemTime="2015-05-28 09:21:24.209694"></TimeCreated>
<EventRecordID>3887</EventRecordID>
<Correlation ActivityID="" RelatedActivityID=""></Correlation>
<Execution ProcessID="4308" ThreadID="464"></Execution>
<Channel>Setup</Channel>
<Computer>b99902049-PC</Computer>
<Security UserID="S-1-5-18"></Security>
</System>
<UserData><CbsPackageChangeState xmlns="http://manifests.microsoft.com/win/2004/08/windows/setup_provider"><PackageIdentifier>KB3037924</PackageIdentifier>
<IntendedPackageState>Installed</IntendedPackageState>
<ErrorCode>0x0</ErrorCode>
<Client>WindowsUpdateAgent</Client>
</CbsPackageChangeState>
</UserData>
</Event>

<Event xmlns="http://schemas.microsoft.com/win/2004/08/events/event"><System><Provider Name="Microsoft-Windows-Servicing" Guid="bd12f3b8-fc40-4a61-a307-b7a013a069c1"></Provider>
<EventID Qualifiers="">4</EventID>
<Version>0</Version>
<Level>0</Level>
<Task>1</Task>
<Opcode>0</Opcode>
<Keywords>0x8000000000000000</Keywords>
<TimeCreated SystemTime="2015-05-28 09:21:25.866026"></TimeCreated>
<EventRecordID>3888</EventRecordID>
<Correlation ActivityID="" RelatedActivityID=""></Correlation>
<Execution ProcessID="4308" ThreadID="464"></Execution>
<Channel>Setup</Channel>
<Computer>b99902049-PC</Computer>
<Security UserID="S-1-5-18"></Security>
</System>
<UserData><CbsPackageChangeState xmlns="http://manifests.microsoft.com/win/2004/08/windows/setup_provider"><PackageIdentifier>KB3044673</PackageIdentifier>
<IntendedPackageState>Installed</IntendedPackageState>
<ErrorCode>0x0</ErrorCode>
<Client>WindowsUpdateAgent</Client>
</CbsPackageChangeState>
</UserData>
</Event>

<Event xmlns="http://schemas.microsoft.com/win/2004/08/events/event"><System><Provider Name="Microsoft-Windows-Servicing" Guid="bd12f3b8-fc40-4a61-a307-b7a013a069c1"></Provider>
<EventID Qualifiers="">4</EventID>
<Version>0</Version>
<Level>0</Level>
<Task>1</Task>
<Opcode>0</Opcode>
<Keywords>0x8000000000000000</Keywords>
<TimeCreated SystemTime="2015-05-28 09:21:27.412975"></TimeCreated>
<EventRecordID>3889</EventRecordID>
<Correlation ActivityID="" RelatedActivityID=""></Correlation>
<Execution ProcessID="4308" ThreadID="464"></Execution>
<Channel>Setup</Channel>
<Computer>b99902049-PC</Computer>
<Security UserID="S-1-5-18"></Security>
</System>
<UserData><CbsPackageChangeState xmlns="http://manifests.microsoft.com/win/2004/08/windows/setup_provider"><PackageIdentifier>KB3054169</PackageIdentifier>
<IntendedPackageState>Installed</IntendedPackageState>
<ErrorCode>0x0</ErrorCode>
<Client>WindowsUpdateAgent</Client>
</CbsPackageChangeState>
</UserData>
</Event>

<Event xmlns="http://schemas.microsoft.com/win/2004/08/events/event"><System><Provider Name="Microsoft-Windows-Servicing" Guid="bd12f3b8-fc40-4a61-a307-b7a013a069c1"></Provider>
<EventID Qualifiers="">4</EventID>
<Version>0</Version>
<Level>0</Level>
<Task>1</Task>
<Opcode>0</Opcode>
<Keywords>0x8000000000000000</Keywords>
<TimeCreated SystemTime="2015-05-28 09:21:28.881794"></TimeCreated>
<EventRecordID>3890</EventRecordID>
<Correlation ActivityID="" RelatedActivityID=""></Correlation>
<Execution ProcessID="4308" ThreadID="464"></Execution>
<Channel>Setup</Channel>
<Computer>b99902049-PC</Computer>
<Security UserID="S-1-5-18"></Security>
</System>
<UserData><CbsPackageChangeState xmlns="http://manifests.microsoft.com/win/2004/08/windows/setup_provider"><PackageIdentifier>KB3046480</PackageIdentifier>
<IntendedPackageState>Installed</IntendedPackageState>
<ErrorCode>0x0</ErrorCode>
<Client>WindowsUpdateAgent</Client>
</CbsPackageChangeState>
</UserData>
</Event>

<Event xmlns="http://schemas.microsoft.com/win/2004/08/events/event"><System><Provider Name="Microsoft-Windows-Servicing" Guid="bd12f3b8-fc40-4a61-a307-b7a013a069c1"></Provider>
<EventID Qualifiers="">2</EventID>
<Version>0</Version>
<Level>0</Level>
<Task>1</Task>
<Opcode>0</Opcode>
<Keywords>0x8000000000000000</Keywords>
<TimeCreated SystemTime="2015-05-28 09:25:49.360235"></TimeCreated>
<EventRecordID>3891</EventRecordID>
<Correlation ActivityID="" RelatedActivityID=""></Correlation>
<Execution ProcessID="1144" ThreadID="1152"></Execution>
<Channel>Setup</Channel>
<Computer>b99902049-PC</Computer>
<Security UserID="S-1-5-18"></Security>
</System>
<UserData><CbsPackageChangeState xmlns="http://manifests.microsoft.com/win/2004/08/windows/setup_provider"><PackageIdentifier>KB3038701</PackageIdentifier>
<IntendedPackageState>Installed</IntendedPackageState>
<ErrorCode>0x0</ErrorCode>
<Client>WindowsUpdateAgent</Client>
</CbsPackageChangeState>
</UserData>
</Event>

<Event xmlns="http://schemas.microsoft.com/win/2004/08/events/event"><System><Provider Name="Microsoft-Windows-Servicing" Guid="bd12f3b8-fc40-4a61-a307-b7a013a069c1"></Provider>
<EventID Qualifiers="">2</EventID>
<Version>0</Version>
<Level>0</Level>
<Task>1</Task>
<Opcode>0</Opcode>
<Keywords>0x8000000000000000</Keywords>
<TimeCreated SystemTime="2015-05-28 09:25:49.438368"></TimeCreated>
<EventRecordID>3892</EventRecordID>
<Correlation ActivityID="" RelatedActivityID=""></Correlation>
<Execution ProcessID="1144" ThreadID="1152"></Execution>
<Channel>Setup</Channel>
<Computer>b99902049-PC</Computer>
<Security UserID="S-1-5-18"></Security>
</System>
<UserData><CbsPackageChangeState xmlns="http://manifests.microsoft.com/win/2004/08/windows/setup_provider"><PackageIdentifier>KB3013531</PackageIdentifier>
<IntendedPackageState>Installed</IntendedPackageState>
<ErrorCode>0x0</ErrorCode>
<Client>WindowsUpdateAgent</Client>
</CbsPackageChangeState>
</UserData>
</Event>

<Event xmlns="http://schemas.microsoft.com/win/2004/08/events/event"><System><Provider Name="Microsoft-Windows-Servicing" Guid="bd12f3b8-fc40-4a61-a307-b7a013a069c1"></Provider>
<EventID Qualifiers="">2</EventID>
<Version>0</Version>
<Level>0</Level>
<Task>1</Task>
<Opcode>0</Opcode>
<Keywords>0x8000000000000000</Keywords>
<TimeCreated SystemTime="2015-05-28 09:25:49.469627"></TimeCreated>
<EventRecordID>3893</EventRecordID>
<Correlation ActivityID="" RelatedActivityID=""></Correlation>
<Execution ProcessID="1144" ThreadID="1152"></Execution>
<Channel>Setup</Channel>
<Computer>b99902049-PC</Computer>
<Security UserID="S-1-5-18"></Security>
</System>
<UserData><CbsPackageChangeState xmlns="http://manifests.microsoft.com/win/2004/08/windows/setup_provider"><PackageIdentifier>KB3033446</PackageIdentifier>
<IntendedPackageState>Installed</IntendedPackageState>
<ErrorCode>0x0</ErrorCode>
<Client>WindowsUpdateAgent</Client>
</CbsPackageChangeState>
</UserData>
</Event>

<Event xmlns="http://schemas.microsoft.com/win/2004/08/events/event"><System><Provider Name="Microsoft-Windows-Servicing" Guid="bd12f3b8-fc40-4a61-a307-b7a013a069c1"></Provider>
<EventID Qualifiers="">2</EventID>
<Version>0</Version>
<Level>0</Level>
<Task>1</Task>
<Opcode>0</Opcode>
<Keywords>0x8000000000000000</Keywords>
<TimeCreated SystemTime="2015-05-28 09:25:49.516506"></TimeCreated>
<EventRecordID>3894</EventRecordID>
<Correlation ActivityID="" RelatedActivityID=""></Correlation>
<Execution ProcessID="1144" ThreadID="1152"></Execution>
<Channel>Setup</Channel>
<Computer>b99902049-PC</Computer>
<Security UserID="S-1-5-18"></Security>
</System>
<UserData><CbsPackageChangeState xmlns="http://manifests.microsoft.com/win/2004/08/windows/setup_provider"><PackageIdentifier>KB3038002</PackageIdentifier>
<IntendedPackageState>Installed</IntendedPackageState>
<ErrorCode>0x0</ErrorCode>
<Client>WindowsUpdateAgent</Client>
</CbsPackageChangeState>
</UserData>
</Event>

<Event xmlns="http://schemas.microsoft.com/win/2004/08/events/event"><System><Provider Name="Microsoft-Windows-Servicing" Guid="bd12f3b8-fc40-4a61-a307-b7a013a069c1"></Provider>
<EventID Qualifiers="">2</EventID>
<Version>0</Version>
<Level>0</Level>
<Task>1</Task>
<Opcode>0</Opcode>
<Keywords>0x8000000000000000</Keywords>
<TimeCreated SystemTime="2015-05-28 09:25:49.563374"></TimeCreated>
<EventRecordID>3895</EventRecordID>
<Correlation ActivityID="" RelatedActivityID=""></Correlation>
<Execution ProcessID="1144" ThreadID="1152"></Execution>
<Channel>Setup</Channel>
<Computer>b99902049-PC</Computer>
<Security UserID="S-1-5-18"></Security>
</System>
<UserData><CbsPackageChangeState xmlns="http://manifests.microsoft.com/win/2004/08/windows/setup_provider"><PackageIdentifier>KB3038562</PackageIdentifier>
<IntendedPackageState>Installed</IntendedPackageState>
<ErrorCode>0x0</ErrorCode>
<Client>WindowsUpdateAgent</Client>
</CbsPackageChangeState>
</UserData>
</Event>

<Event xmlns="http://schemas.microsoft.com/win/2004/08/events/event"><System><Provider Name="Microsoft-Windows-Servicing" Guid="bd12f3b8-fc40-4a61-a307-b7a013a069c1"></Provider>
<EventID Qualifiers="">2</EventID>
<Version>0</Version>
<Level>0</Level>
<Task>1</Task>
<Opcode>0</Opcode>
<Keywords>0x8000000000000000</Keywords>
<TimeCreated SystemTime="2015-05-28 09:25:49.625875"></TimeCreated>
<EventRecordID>3896</EventRecordID>
<Correlation ActivityID="" RelatedActivityID=""></Correlation>
<Execution ProcessID="1144" ThreadID="1152"></Execution>
<Channel>Setup</Channel>
<Computer>b99902049-PC</Computer>
<Security UserID="S-1-5-18"></Security>
</System>
<UserData><CbsPackageChangeState xmlns="http://manifests.microsoft.com/win/2004/08/windows/setup_provider"><PackageIdentifier>KB3045992</PackageIdentifier>
<IntendedPackageState>Installed</IntendedPackageState>
<ErrorCode>0x0</ErrorCode>
<Client>WindowsUpdateAgent</Client>
</CbsPackageChangeState>
</UserData>
</Event>

<Event xmlns="http://schemas.microsoft.com/win/2004/08/events/event"><System><Provider Name="Microsoft-Windows-Servicing" Guid="bd12f3b8-fc40-4a61-a307-b7a013a069c1"></Provider>
<EventID Qualifiers="">2</EventID>
<Version>0</Version>
<Level>0</Level>
<Task>1</Task>
<Opcode>0</Opcode>
<Keywords>0x8000000000000000</Keywords>
<TimeCreated SystemTime="2015-05-28 09:25:49.641514"></TimeCreated>
<EventRecordID>3897</EventRecordID>
<Correlation ActivityID="" RelatedActivityID=""></Correlation>
<Execution ProcessID="1144" ThreadID="1152"></Execution>
<Channel>Setup</Channel>
<Computer>b99902049-PC</Computer>
<Security UserID="S-1-5-18"></Security>
</System>
<UserData><CbsPackageChangeState xmlns="http://manifests.microsoft.com/win/2004/08/windows/setup_provider"><PackageIdentifier>KB3037924</PackageIdentifier>
<IntendedPackageState>Installed</IntendedPackageState>
<ErrorCode>0x0</ErrorCode>
<Client>WindowsUpdateAgent</Client>
</CbsPackageChangeState>
</UserData>
</Event>

<Event xmlns="http://schemas.microsoft.com/win/2004/08/events/event"><System><Provider Name="Microsoft-Windows-Servicing" Guid="bd12f3b8-fc40-4a61-a307-b7a013a069c1"></Provider>
<EventID Qualifiers="">2</EventID>
<Version>0</Version>
<Level>0</Level>
<Task>1</Task>
<Opcode>0</Opcode>
<Keywords>0x8000000000000000</Keywords>
<TimeCreated SystemTime="2015-05-28 09:25:49.672754"></TimeCreated>
<EventRecordID>3898</EventRecordID>
<Correlation ActivityID="" RelatedActivityID=""></Correlation>
<Execution ProcessID="1144" ThreadID="1152"></Execution>
<Channel>Setup</Channel>
<Computer>b99902049-PC</Computer>
<Security UserID="S-1-5-18"></Security>
</System>
<UserData><CbsPackageChangeState xmlns="http://manifests.microsoft.com/win/2004/08/windows/setup_provider"><PackageIdentifier>KB3044673</PackageIdentifier>
<IntendedPackageState>Installed</IntendedPackageState>
<ErrorCode>0x0</ErrorCode>
<Client>WindowsUpdateAgent</Client>
</CbsPackageChangeState>
</UserData>
</Event>

<Event xmlns="http://schemas.microsoft.com/win/2004/08/events/event"><System><Provider Name="Microsoft-Windows-Servicing" Guid="bd12f3b8-fc40-4a61-a307-b7a013a069c1"></Provider>
<EventID Qualifiers="">2</EventID>
<Version>0</Version>
<Level>0</Level>
<Task>1</Task>
<Opcode>0</Opcode>
<Keywords>0x8000000000000000</Keywords>
<TimeCreated SystemTime="2015-05-28 09:25:49.704006"></TimeCreated>
<EventRecordID>3899</EventRecordID>
<Correlation ActivityID="" RelatedActivityID=""></Correlation>
<Execution ProcessID="1144" ThreadID="1152"></Execution>
<Channel>Setup</Channel>
<Computer>b99902049-PC</Computer>
<Security UserID="S-1-5-18"></Security>
</System>
<UserData><CbsPackageChangeState xmlns="http://manifests.microsoft.com/win/2004/08/windows/setup_provider"><PackageIdentifier>KB3054169</PackageIdentifier>
<IntendedPackageState>Installed</IntendedPackageState>
<ErrorCode>0x0</ErrorCode>
<Client>WindowsUpdateAgent</Client>
</CbsPackageChangeState>
</UserData>
</Event>

<Event xmlns="http://schemas.microsoft.com/win/2004/08/events/event"><System><Provider Name="Microsoft-Windows-Servicing" Guid="bd12f3b8-fc40-4a61-a307-b7a013a069c1"></Provider>
<EventID Qualifiers="">2</EventID>
<Version>0</Version>
<Level>0</Level>
<Task>1</Task>
<Opcode>0</Opcode>
<Keywords>0x8000000000000000</Keywords>
<TimeCreated SystemTime="2015-05-28 09:25:49.735256"></TimeCreated>
<EventRecordID>3900</EventRecordID>
<Correlation ActivityID="" RelatedActivityID=""></Correlation>
<Execution ProcessID="1144" ThreadID="1152"></Execution>
<Channel>Setup</Channel>
<Computer>b99902049-PC</Computer>
<Security UserID="S-1-5-18"></Security>
</System>
<UserData><CbsPackageChangeState xmlns="http://manifests.microsoft.com/win/2004/08/windows/setup_provider"><PackageIdentifier>KB3046480</PackageIdentifier>
<IntendedPackageState>Installed</IntendedPackageState>
<ErrorCode>0x0</ErrorCode>
<Client>WindowsUpdateAgent</Client>
</CbsPackageChangeState>
</UserData>
</Event>

<Event xmlns="http://schemas.microsoft.com/win/2004/08/events/event"><System><Provider Name="Microsoft-Windows-Servicing" Guid="bd12f3b8-fc40-4a61-a307-b7a013a069c1"></Provider>
<EventID Qualifiers="">2</EventID>
<Version>0</Version>
<Level>0</Level>
<Task>1</Task>
<Opcode>0</Opcode>
<Keywords>0x8000000000000000</Keywords>
<TimeCreated SystemTime="2015-05-28 09:25:49.766512"></TimeCreated>
<EventRecordID>3901</EventRecordID>
<Correlation ActivityID="" RelatedActivityID=""></Correlation>
<Execution ProcessID="1144" ThreadID="1152"></Execution>
<Channel>Setup</Channel>
<Computer>b99902049-PC</Computer>
<Security UserID="S-1-5-18"></Security>
</System>
<UserData><CbsPackageChangeState xmlns="http://manifests.microsoft.com/win/2004/08/windows/setup_provider"><PackageIdentifier>KB3048043</PackageIdentifier>
<IntendedPackageState>Installed</IntendedPackageState>
<ErrorCode>0x0</ErrorCode>
<Client>WindowsUpdateAgent</Client>
</CbsPackageChangeState>
</UserData>
</Event>

<Event xmlns="http://schemas.microsoft.com/win/2004/08/events/event"><System><Provider Name="Microsoft-Windows-Servicing" Guid="bd12f3b8-fc40-4a61-a307-b7a013a069c1"></Provider>
<EventID Qualifiers="">2</EventID>
<Version>0</Version>
<Level>0</Level>
<Task>1</Task>
<Opcode>0</Opcode>
<Keywords>0x8000000000000000</Keywords>
<TimeCreated SystemTime="2015-05-28 09:25:49.813387"></TimeCreated>
<EventRecordID>3902</EventRecordID>
<Correlation ActivityID="" RelatedActivityID=""></Correlation>
<Execution ProcessID="1144" ThreadID="1152"></Execution>
<Channel>Setup</Channel>
<Computer>b99902049-PC</Computer>
<Security UserID="S-1-5-18"></Security>
</System>
<UserData><CbsPackageChangeState xmlns="http://manifests.microsoft.com/win/2004/08/windows/setup_provider"><PackageIdentifier>KB3015696</PackageIdentifier>
<IntendedPackageState>Installed</IntendedPackageState>
<ErrorCode>0x0</ErrorCode>
<Client>WindowsUpdateAgent</Client>
</CbsPackageChangeState>
</UserData>
</Event>

